{"t":{"$date":"2020-11-20T11:25:21.081+08:00"},"s":"I",  "c":"CONTROL",  "id":23285,   "ctx":"main","msg":"Automatically disabling TLS 1.0, to force-enable TLS 1.0 specify --sslDisabledProtocols 'none'"}
{"t":{"$date":"2020-11-20T11:25:21.353+08:00"},"s":"W",  "c":"ASIO",     "id":22601,   "ctx":"main","msg":"No TransportLayer configured during NetworkInterface startup"}
{"t":{"$date":"2020-11-20T11:25:21.353+08:00"},"s":"I",  "c":"NETWORK",  "id":4648602, "ctx":"main","msg":"Implicit TCP FastOpen in use."}
{"t":{"$date":"2020-11-20T11:25:21.353+08:00"},"s":"W",  "c":"ASIO",     "id":22601,   "ctx":"main","msg":"No TransportLayer configured during NetworkInterface startup"}
{"t":{"$date":"2020-11-20T11:25:21.354+08:00"},"s":"I",  "c":"STORAGE",  "id":4615611, "ctx":"initandlisten","msg":"MongoDB starting","attr":{"pid":9532,"port":28017,"dbPath":"D:/GitHub/MongoDB/MongoDB/copySet/db1","architecture":"64-bit","host":"MuGuiLin"}}
{"t":{"$date":"2020-11-20T11:25:21.354+08:00"},"s":"I",  "c":"CONTROL",  "id":23398,   "ctx":"initandlisten","msg":"Target operating system minimum version","attr":{"targetMinOS":"Windows 7/Windows Server 2008 R2"}}
{"t":{"$date":"2020-11-20T11:25:21.354+08:00"},"s":"I",  "c":"CONTROL",  "id":23403,   "ctx":"initandlisten","msg":"Build Info","attr":{"buildInfo":{"version":"4.4.1","gitVersion":"ad91a93a5a31e175f5cbf8c69561e788bbc55ce1","modules":[],"allocator":"tcmalloc","environment":{"distmod":"windows","distarch":"x86_64","target_arch":"x86_64"}}}}
{"t":{"$date":"2020-11-20T11:25:21.354+08:00"},"s":"I",  "c":"CONTROL",  "id":51765,   "ctx":"initandlisten","msg":"Operating System","attr":{"os":{"name":"Microsoft Windows 10","version":"10.0 (build 19041)"}}}
{"t":{"$date":"2020-11-20T11:25:21.354+08:00"},"s":"I",  "c":"CONTROL",  "id":21951,   "ctx":"initandlisten","msg":"Options set by command line","attr":{"options":{"config":"D:\\GitHub\\MongoDB\\MongoDB\\copySet\\db1\\mongod.conf","net":{"bindIp":"0.0.0.0","port":28017},"replication":{"replSetName":"rs0"},"storage":{"dbPath":"D:\\GitHub\\MongoDB\\MongoDB\\copySet\\db1"},"systemLog":{"destination":"file","logAppend":true,"path":"D:\\GitHub\\MongoDB\\MongoDB\\copySet\\db1\\mongod.log"}}}}
{"t":{"$date":"2020-11-20T11:25:21.355+08:00"},"s":"I",  "c":"STORAGE",  "id":22315,   "ctx":"initandlisten","msg":"Opening WiredTiger","attr":{"config":"create,cache_size=7611M,session_max=33000,eviction=(threads_min=4,threads_max=4),config_base=false,statistics=(fast),log=(enabled=true,archive=true,path=journal,compressor=snappy),file_manager=(close_idle_time=100000,close_scan_interval=10,close_handle_minimum=250),statistics_log=(wait=0),verbose=[recovery_progress,checkpoint_progress,compact_progress],"}}
{"t":{"$date":"2020-11-20T11:25:21.483+08:00"},"s":"I",  "c":"STORAGE",  "id":22430,   "ctx":"initandlisten","msg":"WiredTiger message","attr":{"message":"[1605842721:482492][9532:140708584314192], txn-recover: [WT_VERB_RECOVERY | WT_VERB_RECOVERY_PROGRESS] Set global recovery timestamp: (0, 0)"}}
{"t":{"$date":"2020-11-20T11:25:21.483+08:00"},"s":"I",  "c":"STORAGE",  "id":22430,   "ctx":"initandlisten","msg":"WiredTiger message","attr":{"message":"[1605842721:482492][9532:140708584314192], txn-recover: [WT_VERB_RECOVERY | WT_VERB_RECOVERY_PROGRESS] Set global oldest timestamp: (0, 0)"}}
{"t":{"$date":"2020-11-20T11:25:21.541+08:00"},"s":"I",  "c":"STORAGE",  "id":4795906, "ctx":"initandlisten","msg":"WiredTiger opened","attr":{"durationMillis":186}}
{"t":{"$date":"2020-11-20T11:25:21.542+08:00"},"s":"I",  "c":"RECOVERY", "id":23987,   "ctx":"initandlisten","msg":"WiredTiger recoveryTimestamp","attr":{"recoveryTimestamp":{"$timestamp":{"t":0,"i":0}}}}
{"t":{"$date":"2020-11-20T11:25:21.668+08:00"},"s":"I",  "c":"STORAGE",  "id":22262,   "ctx":"initandlisten","msg":"Timestamp monitor starting"}
{"t":{"$date":"2020-11-20T11:25:21.716+08:00"},"s":"W",  "c":"CONTROL",  "id":22120,   "ctx":"initandlisten","msg":"Access control is not enabled for the database. Read and write access to data and configuration is unrestricted","tags":["startupWarnings"]}
{"t":{"$date":"2020-11-20T11:25:21.717+08:00"},"s":"I",  "c":"STORAGE",  "id":20536,   "ctx":"initandlisten","msg":"Flow Control is enabled on this deployment"}
{"t":{"$date":"2020-11-20T11:25:21.717+08:00"},"s":"I",  "c":"SHARDING", "id":20997,   "ctx":"initandlisten","msg":"Refreshed RWC defaults","attr":{"newDefaults":{}}}
{"t":{"$date":"2020-11-20T11:25:21.717+08:00"},"s":"I",  "c":"STORAGE",  "id":20320,   "ctx":"initandlisten","msg":"createCollection","attr":{"namespace":"local.startup_log","uuidDisposition":"generated","uuid":{"uuid":{"$uuid":"aed1d9d5-8fd2-47a1-87a5-23ef24b5aded"}},"options":{"capped":true,"size":10485760}}}
{"t":{"$date":"2020-11-20T11:25:21.766+08:00"},"s":"I",  "c":"INDEX",    "id":20345,   "ctx":"initandlisten","msg":"Index build: done building","attr":{"buildUUID":null,"namespace":"local.startup_log","index":"_id_","commitTimestamp":{"$timestamp":{"t":0,"i":0}}}}
{"t":{"$date":"2020-11-20T11:25:21.920+08:00"},"s":"I",  "c":"FTDC",     "id":20625,   "ctx":"initandlisten","msg":"Initializing full-time diagnostic data capture","attr":{"dataDirectory":"D:/GitHub/MongoDB/MongoDB/copySet/db1/diagnostic.data"}}
{"t":{"$date":"2020-11-20T11:25:21.922+08:00"},"s":"I",  "c":"STORAGE",  "id":20320,   "ctx":"initandlisten","msg":"createCollection","attr":{"namespace":"local.replset.oplogTruncateAfterPoint","uuidDisposition":"generated","uuid":{"uuid":{"$uuid":"b22bd69f-092c-4ac9-9a35-d421b82adb9f"}},"options":{}}}
{"t":{"$date":"2020-11-20T11:25:22.000+08:00"},"s":"W",  "c":"REPL",     "id":21533,   "ctx":"ftdc","msg":"Rollback ID is not initialized yet"}
{"t":{"$date":"2020-11-20T11:25:22.002+08:00"},"s":"I",  "c":"INDEX",    "id":20345,   "ctx":"initandlisten","msg":"Index build: done building","attr":{"buildUUID":null,"namespace":"local.replset.oplogTruncateAfterPoint","index":"_id_","commitTimestamp":{"$timestamp":{"t":0,"i":0}}}}
{"t":{"$date":"2020-11-20T11:25:22.002+08:00"},"s":"I",  "c":"STORAGE",  "id":20320,   "ctx":"initandlisten","msg":"createCollection","attr":{"namespace":"local.replset.minvalid","uuidDisposition":"generated","uuid":{"uuid":{"$uuid":"a6b2b6b4-6a3e-4af5-b1e7-c1fafc6f94ff"}},"options":{}}}
{"t":{"$date":"2020-11-20T11:25:22.069+08:00"},"s":"I",  "c":"INDEX",    "id":20345,   "ctx":"initandlisten","msg":"Index build: done building","attr":{"buildUUID":null,"namespace":"local.replset.minvalid","index":"_id_","commitTimestamp":{"$timestamp":{"t":0,"i":0}}}}
{"t":{"$date":"2020-11-20T11:25:22.069+08:00"},"s":"I",  "c":"STORAGE",  "id":20320,   "ctx":"initandlisten","msg":"createCollection","attr":{"namespace":"local.replset.election","uuidDisposition":"generated","uuid":{"uuid":{"$uuid":"eb5d1590-57fe-43fe-a407-bd8728040753"}},"options":{}}}
{"t":{"$date":"2020-11-20T11:25:22.135+08:00"},"s":"I",  "c":"INDEX",    "id":20345,   "ctx":"initandlisten","msg":"Index build: done building","attr":{"buildUUID":null,"namespace":"local.replset.election","index":"_id_","commitTimestamp":{"$timestamp":{"t":0,"i":0}}}}
{"t":{"$date":"2020-11-20T11:25:22.135+08:00"},"s":"I",  "c":"REPL",     "id":21311,   "ctx":"initandlisten","msg":"Did not find local initialized voted for document at startup"}
{"t":{"$date":"2020-11-20T11:25:22.136+08:00"},"s":"I",  "c":"REPL",     "id":21312,   "ctx":"initandlisten","msg":"Did not find local Rollback ID document at startup. Creating one"}
{"t":{"$date":"2020-11-20T11:25:22.136+08:00"},"s":"I",  "c":"STORAGE",  "id":20320,   "ctx":"initandlisten","msg":"createCollection","attr":{"namespace":"local.system.rollback.id","uuidDisposition":"generated","uuid":{"uuid":{"$uuid":"a90a4b6f-784d-477a-9fa1-ed2b6bfc94e7"}},"options":{}}}
{"t":{"$date":"2020-11-20T11:25:22.202+08:00"},"s":"I",  "c":"INDEX",    "id":20345,   "ctx":"initandlisten","msg":"Index build: done building","attr":{"buildUUID":null,"namespace":"local.system.rollback.id","index":"_id_","commitTimestamp":{"$timestamp":{"t":0,"i":0}}}}
{"t":{"$date":"2020-11-20T11:25:22.202+08:00"},"s":"I",  "c":"REPL",     "id":21531,   "ctx":"initandlisten","msg":"Initialized the rollback ID","attr":{"rbid":1}}
{"t":{"$date":"2020-11-20T11:25:22.202+08:00"},"s":"I",  "c":"REPL",     "id":21313,   "ctx":"initandlisten","msg":"Did not find local replica set configuration document at startup","attr":{"error":{"code":47,"codeName":"NoMatchingDocument","errmsg":"Did not find replica set configuration document in local.system.replset"}}}
{"t":{"$date":"2020-11-20T11:25:22.203+08:00"},"s":"I",  "c":"REPL",     "id":40440,   "ctx":"initandlisten","msg":"Starting the TopologyVersionObserver"}
{"t":{"$date":"2020-11-20T11:25:22.203+08:00"},"s":"I",  "c":"REPL",     "id":40445,   "ctx":"TopologyVersionObserver","msg":"Started TopologyVersionObserver"}
{"t":{"$date":"2020-11-20T11:25:22.204+08:00"},"s":"I",  "c":"NETWORK",  "id":23015,   "ctx":"listener","msg":"Listening on","attr":{"address":"0.0.0.0"}}
{"t":{"$date":"2020-11-20T11:25:22.204+08:00"},"s":"I",  "c":"NETWORK",  "id":23016,   "ctx":"listener","msg":"Waiting for connections","attr":{"port":28017,"ssl":"off"}}
{"t":{"$date":"2020-11-20T11:25:22.204+08:00"},"s":"I",  "c":"CONTROL",  "id":20712,   "ctx":"LogicalSessionCacheReap","msg":"Sessions collection is not set up; waiting until next sessions reap interval","attr":{"error":"NamespaceNotFound: config.system.sessions does not exist"}}
{"t":{"$date":"2020-11-20T11:25:22.204+08:00"},"s":"I",  "c":"CONTROL",  "id":20714,   "ctx":"LogicalSessionCacheRefresh","msg":"Failed to refresh session cache, will try again at the next refresh interval","attr":{"error":"NotYetInitialized: Replication has not yet been configured"}}
{"t":{"$date":"2020-11-20T11:30:22.203+08:00"},"s":"I",  "c":"CONTROL",  "id":20714,   "ctx":"LogicalSessionCacheRefresh","msg":"Failed to refresh session cache, will try again at the next refresh interval","attr":{"error":"NotYetInitialized: Replication has not yet been configured"}}
{"t":{"$date":"2020-11-20T11:30:22.203+08:00"},"s":"I",  "c":"CONTROL",  "id":20712,   "ctx":"LogicalSessionCacheReap","msg":"Sessions collection is not set up; waiting until next sessions reap interval","attr":{"error":"NamespaceNotFound: config.system.sessions does not exist"}}
{"t":{"$date":"2020-11-20T11:30:53.660+08:00"},"s":"I",  "c":"NETWORK",  "id":22943,   "ctx":"listener","msg":"Connection accepted","attr":{"remote":"127.0.0.1:52997","connectionId":1,"connectionCount":1}}
{"t":{"$date":"2020-11-20T11:30:53.660+08:00"},"s":"I",  "c":"NETWORK",  "id":51800,   "ctx":"conn1","msg":"client metadata","attr":{"remote":"127.0.0.1:52997","client":"conn1","doc":{"application":{"name":"MongoDB Shell"},"driver":{"name":"MongoDB Internal Client","version":"4.4.1"},"os":{"type":"Windows","name":"Microsoft Windows 10","architecture":"x86_64","version":"10.0 (build 19041)"}}}}
{"t":{"$date":"2020-11-20T11:31:13.959+08:00"},"s":"I",  "c":"COMMAND",  "id":21577,   "ctx":"conn1","msg":"Initiate: no configuration specified. Using a default configuration for the set"}
{"t":{"$date":"2020-11-20T11:31:13.960+08:00"},"s":"I",  "c":"COMMAND",  "id":21578,   "ctx":"conn1","msg":"Created configuration for initiation","attr":{"config":"{ _id: \"rs0\", version: 1, members: [ { _id: 0, host: \"MuGuiLin:28017\" } ] }"}}
{"t":{"$date":"2020-11-20T11:31:13.960+08:00"},"s":"I",  "c":"REPL",     "id":21356,   "ctx":"conn1","msg":"replSetInitiate admin command received from client"}
{"t":{"$date":"2020-11-20T11:31:13.965+08:00"},"s":"I",  "c":"REPL",     "id":21357,   "ctx":"conn1","msg":"replSetInitiate config object parses ok","attr":{"numMembers":1}}
{"t":{"$date":"2020-11-20T11:31:13.966+08:00"},"s":"I",  "c":"REPL",     "id":21251,   "ctx":"conn1","msg":"Creating replication oplog","attr":{"oplogSizeMB":20139}}
{"t":{"$date":"2020-11-20T11:31:13.966+08:00"},"s":"I",  "c":"STORAGE",  "id":20320,   "ctx":"conn1","msg":"createCollection","attr":{"namespace":"local.oplog.rs","uuidDisposition":"generated","uuid":{"uuid":{"$uuid":"09411430-23e9-4352-b856-4d448f0f5dd8"}},"options":{"capped":true,"size":21117783244.0,"autoIndexId":false}}}
{"t":{"$date":"2020-11-20T11:31:14.004+08:00"},"s":"I",  "c":"STORAGE",  "id":22383,   "ctx":"conn1","msg":"The size storer reports that the oplog contains","attr":{"numRecords":0,"dataSize":0}}
{"t":{"$date":"2020-11-20T11:31:14.004+08:00"},"s":"I",  "c":"STORAGE",  "id":22382,   "ctx":"conn1","msg":"WiredTiger record store oplog processing finished","attr":{"durationMillis":0}}
{"t":{"$date":"2020-11-20T11:31:14.145+08:00"},"s":"I",  "c":"STORAGE",  "id":20320,   "ctx":"conn1","msg":"createCollection","attr":{"namespace":"local.system.replset","uuidDisposition":"generated","uuid":{"uuid":{"$uuid":"e367825d-7442-4833-9d3f-8e6305581d7e"}},"options":{}}}
{"t":{"$date":"2020-11-20T11:31:14.229+08:00"},"s":"I",  "c":"INDEX",    "id":20345,   "ctx":"conn1","msg":"Index build: done building","attr":{"buildUUID":null,"namespace":"local.system.replset","index":"_id_","commitTimestamp":{"$timestamp":{"t":1605843074,"i":1}}}}
{"t":{"$date":"2020-11-20T11:31:14.230+08:00"},"s":"I",  "c":"STORAGE",  "id":20320,   "ctx":"conn1","msg":"createCollection","attr":{"namespace":"admin.system.version","uuidDisposition":"provided","uuid":{"uuid":{"$uuid":"c31c89c4-611b-42b5-a819-548e414645f3"}},"options":{"uuid":{"$uuid":"c31c89c4-611b-42b5-a819-548e414645f3"}}}}
{"t":{"$date":"2020-11-20T11:31:14.354+08:00"},"s":"I",  "c":"INDEX",    "id":20345,   "ctx":"conn1","msg":"Index build: done building","attr":{"buildUUID":null,"namespace":"admin.system.version","index":"_id_","commitTimestamp":{"$timestamp":{"t":1605843074,"i":1}}}}
{"t":{"$date":"2020-11-20T11:31:14.354+08:00"},"s":"I",  "c":"COMMAND",  "id":20459,   "ctx":"conn1","msg":"Setting featureCompatibilityVersion","attr":{"newVersion":"4.4"}}
{"t":{"$date":"2020-11-20T11:31:14.354+08:00"},"s":"I",  "c":"NETWORK",  "id":22991,   "ctx":"conn1","msg":"Skip closing connection for connection","attr":{"connectionId":1}}
{"t":{"$date":"2020-11-20T11:31:14.354+08:00"},"s":"I",  "c":"REPL",     "id":21392,   "ctx":"conn1","msg":"New replica set config in use","attr":{"config":{"_id":"rs0","version":1,"term":0,"protocolVersion":1,"writeConcernMajorityJournalDefault":true,"members":[{"_id":0,"host":"MuGuiLin:28017","arbiterOnly":false,"buildIndexes":true,"hidden":false,"priority":1.0,"tags":{},"slaveDelay":0,"votes":1}],"settings":{"chainingAllowed":true,"heartbeatIntervalMillis":2000,"heartbeatTimeoutSecs":10,"electionTimeoutMillis":10000,"catchUpTimeoutMillis":-1,"catchUpTakeoverDelayMillis":30000,"getLastErrorModes":{},"getLastErrorDefaults":{"w":1,"wtimeout":0},"replicaSetId":{"$oid":"5fb738812aedeca143e60a05"}}}}}
{"t":{"$date":"2020-11-20T11:31:14.354+08:00"},"s":"I",  "c":"REPL",     "id":21393,   "ctx":"conn1","msg":"Found self in config","attr":{"hostAndPort":"MuGuiLin:28017"}}
{"t":{"$date":"2020-11-20T11:31:14.354+08:00"},"s":"I",  "c":"REPL",     "id":21358,   "ctx":"conn1","msg":"Replica set state transition","attr":{"newState":"STARTUP2","oldState":"STARTUP"}}
{"t":{"$date":"2020-11-20T11:31:14.354+08:00"},"s":"I",  "c":"REPL",     "id":21306,   "ctx":"conn1","msg":"Starting replication storage threads"}
{"t":{"$date":"2020-11-20T11:31:14.355+08:00"},"s":"I",  "c":"REPL",     "id":21358,   "ctx":"conn1","msg":"Replica set state transition","attr":{"newState":"RECOVERING","oldState":"STARTUP2"}}
{"t":{"$date":"2020-11-20T11:31:14.355+08:00"},"s":"I",  "c":"STORAGE",  "id":20320,   "ctx":"conn1","msg":"createCollection","attr":{"namespace":"local.replset.initialSyncId","uuidDisposition":"generated","uuid":{"uuid":{"$uuid":"82b54b2e-47a0-4079-9073-86b72888a3cd"}},"options":{}}}
{"t":{"$date":"2020-11-20T11:31:14.420+08:00"},"s":"I",  "c":"INDEX",    "id":20345,   "ctx":"conn1","msg":"Index build: done building","attr":{"buildUUID":null,"namespace":"local.replset.initialSyncId","index":"_id_","commitTimestamp":{"$timestamp":{"t":1605843074,"i":1}}}}
{"t":{"$date":"2020-11-20T11:31:14.420+08:00"},"s":"I",  "c":"REPL",     "id":21299,   "ctx":"conn1","msg":"Starting replication fetcher thread"}
{"t":{"$date":"2020-11-20T11:31:14.421+08:00"},"s":"I",  "c":"REPL",     "id":21300,   "ctx":"conn1","msg":"Starting replication applier thread"}
{"t":{"$date":"2020-11-20T11:31:14.421+08:00"},"s":"I",  "c":"REPL",     "id":21301,   "ctx":"conn1","msg":"Starting replication reporter thread"}
{"t":{"$date":"2020-11-20T11:31:14.421+08:00"},"s":"I",  "c":"REPL",     "id":21224,   "ctx":"OplogApplier-0","msg":"Starting oplog application"}
{"t":{"$date":"2020-11-20T11:31:14.421+08:00"},"s":"I",  "c":"COMMAND",  "id":51803,   "ctx":"conn1","msg":"Slow query","attr":{"type":"command","ns":"local.system.replset","appName":"MongoDB Shell","command":{"replSetInitiate":{"$undefined":true},"lsid":{"id":{"$uuid":"75e11755-48d7-4240-9168-38221fbfb201"}},"$clusterTime":{"clusterTime":{"$timestamp":{"t":0,"i":0}},"signature":{"hash":{"$binary":{"base64":"AAAAAAAAAAAAAAAAAAAAAAAAAAA=","subType":"0"}},"keyId":0}},"$db":"admin"},"numYields":0,"reslen":267,"locks":{"ParallelBatchWriterMode":{"acquireCount":{"r":20}},"ReplicationStateTransition":{"acquireCount":{"w":20}},"Global":{"acquireCount":{"r":12,"w":6,"W":2},"acquireWaitCount":{"W":1},"timeAcquiringMicros":{"W":20}},"Database":{"acquireCount":{"r":11,"w":4,"W":2}},"Collection":{"acquireCount":{"r":3,"w":5}},"Mutex":{"acquireCount":{"r":18}},"oplog":{"acquireCount":{"r":1,"w":1}}},"flowControl":{"acquireCount":5,"timeAcquiringMicros":2},"storage":{},"protocol":"op_msg","durationMillis":461}}
{"t":{"$date":"2020-11-20T11:31:14.421+08:00"},"s":"I",  "c":"REPL",     "id":21358,   "ctx":"OplogApplier-0","msg":"Replica set state transition","attr":{"newState":"SECONDARY","oldState":"RECOVERING"}}
{"t":{"$date":"2020-11-20T11:31:14.422+08:00"},"s":"I",  "c":"ELECTION", "id":4615652, "ctx":"OplogApplier-0","msg":"Starting an election, since we've seen no PRIMARY in election timeout period","attr":{"electionTimeoutPeriodMillis":10000}}
{"t":{"$date":"2020-11-20T11:31:14.422+08:00"},"s":"I",  "c":"ELECTION", "id":21438,   "ctx":"OplogApplier-0","msg":"Conducting a dry run election to see if we could be elected","attr":{"currentTerm":0}}
{"t":{"$date":"2020-11-20T11:31:14.422+08:00"},"s":"I",  "c":"ELECTION", "id":21444,   "ctx":"ReplCoord-0","msg":"Dry election run succeeded, running for election","attr":{"newTerm":1}}
{"t":{"$date":"2020-11-20T11:31:14.434+08:00"},"s":"I",  "c":"ELECTION", "id":21450,   "ctx":"ReplCoord-0","msg":"Election succeeded, assuming primary role","attr":{"term":1}}
{"t":{"$date":"2020-11-20T11:31:14.434+08:00"},"s":"I",  "c":"REPL",     "id":21358,   "ctx":"ReplCoord-0","msg":"Replica set state transition","attr":{"newState":"PRIMARY","oldState":"SECONDARY"}}
{"t":{"$date":"2020-11-20T11:31:14.434+08:00"},"s":"I",  "c":"REPL",     "id":21106,   "ctx":"ReplCoord-0","msg":"Resetting sync source to empty","attr":{"previousSyncSource":":27017"}}
{"t":{"$date":"2020-11-20T11:31:14.434+08:00"},"s":"I",  "c":"REPL",     "id":21359,   "ctx":"ReplCoord-0","msg":"Entering primary catch-up mode"}
{"t":{"$date":"2020-11-20T11:31:14.434+08:00"},"s":"I",  "c":"REPL",     "id":21363,   "ctx":"ReplCoord-0","msg":"Exited primary catch-up mode"}
{"t":{"$date":"2020-11-20T11:31:14.434+08:00"},"s":"I",  "c":"REPL",     "id":21107,   "ctx":"ReplCoord-0","msg":"Stopping replication producer"}
{"t":{"$date":"2020-11-20T11:31:14.434+08:00"},"s":"I",  "c":"REPL",     "id":21239,   "ctx":"ReplBatcher","msg":"Oplog buffer has been drained","attr":{"term":1}}
{"t":{"$date":"2020-11-20T11:31:14.435+08:00"},"s":"I",  "c":"REPL",     "id":21343,   "ctx":"RstlKillOpThread","msg":"Starting to kill user operations"}
{"t":{"$date":"2020-11-20T11:31:14.435+08:00"},"s":"I",  "c":"REPL",     "id":21344,   "ctx":"RstlKillOpThread","msg":"Stopped killing user operations"}
{"t":{"$date":"2020-11-20T11:31:14.435+08:00"},"s":"I",  "c":"REPL",     "id":21340,   "ctx":"RstlKillOpThread","msg":"State transition ops metrics","attr":{"metrics":{"lastStateTransition":"stepUp","userOpsKilled":0,"userOpsRunning":0}}}
{"t":{"$date":"2020-11-20T11:31:14.435+08:00"},"s":"I",  "c":"REPL",     "id":4508103, "ctx":"OplogApplier-0","msg":"Increment the config term via reconfig"}
{"t":{"$date":"2020-11-20T11:31:14.435+08:00"},"s":"I",  "c":"REPL",     "id":21353,   "ctx":"OplogApplier-0","msg":"replSetReconfig config object parses ok","attr":{"numMembers":1}}
{"t":{"$date":"2020-11-20T11:31:14.435+08:00"},"s":"I",  "c":"REPL",     "id":51814,   "ctx":"OplogApplier-0","msg":"Persisting new config to disk"}
{"t":{"$date":"2020-11-20T11:31:14.454+08:00"},"s":"I",  "c":"REPL",     "id":21392,   "ctx":"OplogApplier-0","msg":"New replica set config in use","attr":{"config":{"_id":"rs0","version":1,"term":1,"protocolVersion":1,"writeConcernMajorityJournalDefault":true,"members":[{"_id":0,"host":"MuGuiLin:28017","arbiterOnly":false,"buildIndexes":true,"hidden":false,"priority":1.0,"tags":{},"slaveDelay":0,"votes":1}],"settings":{"chainingAllowed":true,"heartbeatIntervalMillis":2000,"heartbeatTimeoutSecs":10,"electionTimeoutMillis":10000,"catchUpTimeoutMillis":-1,"catchUpTakeoverDelayMillis":30000,"getLastErrorModes":{},"getLastErrorDefaults":{"w":1,"wtimeout":0},"replicaSetId":{"$oid":"5fb738812aedeca143e60a05"}}}}}
{"t":{"$date":"2020-11-20T11:31:14.454+08:00"},"s":"I",  "c":"REPL",     "id":21393,   "ctx":"OplogApplier-0","msg":"Found self in config","attr":{"hostAndPort":"MuGuiLin:28017"}}
{"t":{"$date":"2020-11-20T11:31:14.454+08:00"},"s":"I",  "c":"STORAGE",  "id":20320,   "ctx":"OplogApplier-0","msg":"createCollection","attr":{"namespace":"config.transactions","uuidDisposition":"generated","uuid":{"uuid":{"$uuid":"3e93f987-08ab-4d91-bf5e-174bbf9f21c9"}},"options":{}}}
{"t":{"$date":"2020-11-20T11:31:14.520+08:00"},"s":"I",  "c":"INDEX",    "id":20345,   "ctx":"OplogApplier-0","msg":"Index build: done building","attr":{"buildUUID":null,"namespace":"config.transactions","index":"_id_","commitTimestamp":{"$timestamp":{"t":1605843074,"i":3}}}}
{"t":{"$date":"2020-11-20T11:31:14.521+08:00"},"s":"I",  "c":"STORAGE",  "id":20657,   "ctx":"OplogApplier-0","msg":"IndexBuildsCoordinator::onStepUp - this node is stepping up to primary"}
{"t":{"$date":"2020-11-20T11:31:14.521+08:00"},"s":"I",  "c":"STORAGE",  "id":20320,   "ctx":"OplogApplier-0","msg":"createCollection","attr":{"namespace":"config.system.indexBuilds","uuidDisposition":"generated","uuid":{"uuid":{"$uuid":"2818d99c-64e8-45e6-b879-a91f539869b0"}},"options":{}}}
{"t":{"$date":"2020-11-20T11:31:14.587+08:00"},"s":"I",  "c":"INDEX",    "id":20345,   "ctx":"OplogApplier-0","msg":"Index build: done building","attr":{"buildUUID":null,"namespace":"config.system.indexBuilds","index":"_id_","commitTimestamp":{"$timestamp":{"t":1605843074,"i":5}}}}
{"t":{"$date":"2020-11-20T11:31:14.588+08:00"},"s":"I",  "c":"REPL",     "id":21331,   "ctx":"OplogApplier-0","msg":"Transition to primary complete; database writes are now permitted"}
{"t":{"$date":"2020-11-20T11:31:14.588+08:00"},"s":"I",  "c":"STORAGE",  "id":20320,   "ctx":"monitoring-keys-for-HMAC","msg":"createCollection","attr":{"namespace":"admin.system.keys","uuidDisposition":"generated","uuid":{"uuid":{"$uuid":"1c073cf5-5aaa-4c90-9e80-6fb9a5a0d2f2"}},"options":{}}}
{"t":{"$date":"2020-11-20T11:31:14.645+08:00"},"s":"I",  "c":"STORAGE",  "id":22310,   "ctx":"WTJournalFlusher","msg":"Triggering the first stable checkpoint","attr":{"initialData":{"$timestamp":{"t":1605843074,"i":1}},"prevStable":{"$timestamp":{"t":0,"i":0}},"currStable":{"$timestamp":{"t":1605843074,"i":5}}}}
{"t":{"$date":"2020-11-20T11:31:14.659+08:00"},"s":"I",  "c":"INDEX",    "id":20345,   "ctx":"monitoring-keys-for-HMAC","msg":"Index build: done building","attr":{"buildUUID":null,"namespace":"admin.system.keys","index":"_id_","commitTimestamp":{"$timestamp":{"t":1605843074,"i":6}}}}
{"t":{"$date":"2020-11-20T11:31:14.695+08:00"},"s":"I",  "c":"COMMAND",  "id":51803,   "ctx":"monitoring-keys-for-HMAC","msg":"Slow query","attr":{"type":"command","ns":"admin.system.keys","command":{"insert":"system.keys","bypassDocumentValidation":false,"ordered":true,"documents":[{"_id":6897043485338107908,"purpose":"HMAC","key":{"$binary":{"base64":"T7F/Yut5EpsLV/gvVbRNaYGFXS8=","subType":"0"}},"expiresAt":{"$timestamp":{"t":1613619074,"i":0}}}],"writeConcern":{"w":"majority","wtimeout":60000},"$db":"admin"},"ninserted":1,"keysInserted":1,"numYields":0,"reslen":230,"locks":{"ParallelBatchWriterMode":{"acquireCount":{"r":7}},"ReplicationStateTransition":{"acquireCount":{"w":7}},"Global":{"acquireCount":{"r":4,"w":3}},"Database":{"acquireCount":{"r":3,"W":3}},"Collection":{"acquireCount":{"r":1,"w":3}},"Mutex":{"acquireCount":{"r":6}},"oplog":{"acquireCount":{"r":1}}},"flowControl":{"acquireCount":3},"writeConcern":{"w":"majority","wtimeout":60000,"provenance":"clientSupplied"},"storage":{},"protocol":"op_msg","durationMillis":106}}
{"t":{"$date":"2020-11-20T11:33:48.833+08:00"},"s":"I",  "c":"REPL",     "id":4508702, "ctx":"conn1","msg":"Waiting for the current config to propagate to a majority of nodes"}
{"t":{"$date":"2020-11-20T11:33:48.833+08:00"},"s":"I",  "c":"REPL",     "id":51815,   "ctx":"conn1","msg":"Waiting for the last committed optime in the previous config to be committed in the current config","attr":{"configOplogCommitmentOpTime":{"ts":{"$timestamp":{"t":1605843074,"i":4}},"t":1}}}
{"t":{"$date":"2020-11-20T11:33:48.833+08:00"},"s":"I",  "c":"REPL",     "id":4508701, "ctx":"conn1","msg":"The current replica set config is committed","attr":{"configVersion":1,"configTerm":1,"configWaitDurationMillis":0,"oplogWaitDurationMillis":0,"configOplogCommitmentOpTime":{"ts":{"$timestamp":{"t":1605843074,"i":4}},"t":1}}}
{"t":{"$date":"2020-11-20T11:33:48.833+08:00"},"s":"I",  "c":"REPL",     "id":21352,   "ctx":"conn1","msg":"replSetReconfig admin command received from client","attr":{"newConfig":{"_id":"rs0","version":2,"term":1,"protocolVersion":1,"writeConcernMajorityJournalDefault":true,"members":[{"_id":0,"host":"MuGuiLin:28017","arbiterOnly":false,"buildIndexes":true,"hidden":false,"priority":1.0,"tags":{},"slaveDelay":0,"votes":1},{"_id":1.0,"host":"MuGuiLin:28018"}],"settings":{"chainingAllowed":true,"heartbeatIntervalMillis":2000,"heartbeatTimeoutSecs":10,"electionTimeoutMillis":10000,"catchUpTimeoutMillis":-1,"catchUpTakeoverDelayMillis":30000,"getLastErrorModes":{},"getLastErrorDefaults":{"w":1,"wtimeout":0},"replicaSetId":{"$oid":"5fb738812aedeca143e60a05"}}}}}
{"t":{"$date":"2020-11-20T11:33:48.835+08:00"},"s":"I",  "c":"REPL",     "id":21353,   "ctx":"conn1","msg":"replSetReconfig config object parses ok","attr":{"numMembers":2}}
{"t":{"$date":"2020-11-20T11:33:48.835+08:00"},"s":"I",  "c":"REPL",     "id":4509600, "ctx":"conn1","msg":"Executing quorum check for reconfig"}
{"t":{"$date":"2020-11-20T11:33:48.836+08:00"},"s":"I",  "c":"REPL",     "id":21752,   "ctx":"conn1","msg":"Scheduling remote command request","attr":{"context":"reconfig quorum check","request":"RemoteCommand 1 -- target:MuGuiLin:28018 db:admin cmd:{ replSetHeartbeat: \"rs0\", configVersion: 2, configTerm: 1, hbv: 1, from: \"MuGuiLin:28017\", fromId: 0, term: 1 }"}}
{"t":{"$date":"2020-11-20T11:33:48.836+08:00"},"s":"I",  "c":"CONNPOOL", "id":22576,   "ctx":"ReplNetwork","msg":"Connecting","attr":{"hostAndPort":"MuGuiLin:28018"}}
{"t":{"$date":"2020-11-20T11:33:48.837+08:00"},"s":"I",  "c":"REPL",     "id":51814,   "ctx":"conn1","msg":"Persisting new config to disk"}
{"t":{"$date":"2020-11-20T11:33:48.839+08:00"},"s":"I",  "c":"NETWORK",  "id":22943,   "ctx":"listener","msg":"Connection accepted","attr":{"remote":"192.168.56.1:53140","connectionId":4,"connectionCount":2}}
{"t":{"$date":"2020-11-20T11:33:48.839+08:00"},"s":"I",  "c":"NETWORK",  "id":51800,   "ctx":"conn4","msg":"client metadata","attr":{"remote":"192.168.56.1:53140","client":"conn4","doc":{"driver":{"name":"NetworkInterfaceTL","version":"4.4.1"},"os":{"type":"Windows","name":"Microsoft Windows 10","architecture":"x86_64","version":"10.0 (build 19041)"}}}}
{"t":{"$date":"2020-11-20T11:33:48.840+08:00"},"s":"I",  "c":"NETWORK",  "id":22943,   "ctx":"listener","msg":"Connection accepted","attr":{"remote":"192.168.56.1:53141","connectionId":5,"connectionCount":3}}
{"t":{"$date":"2020-11-20T11:33:48.840+08:00"},"s":"I",  "c":"NETWORK",  "id":22944,   "ctx":"conn5","msg":"Connection ended","attr":{"remote":"192.168.56.1:53141","connectionId":5,"connectionCount":2}}
{"t":{"$date":"2020-11-20T11:33:48.864+08:00"},"s":"I",  "c":"REPL",     "id":21392,   "ctx":"conn1","msg":"New replica set config in use","attr":{"config":{"_id":"rs0","version":2,"term":1,"protocolVersion":1,"writeConcernMajorityJournalDefault":true,"members":[{"_id":0,"host":"MuGuiLin:28017","arbiterOnly":false,"buildIndexes":true,"hidden":false,"priority":1.0,"tags":{},"slaveDelay":0,"votes":1},{"_id":1,"host":"MuGuiLin:28018","arbiterOnly":false,"buildIndexes":true,"hidden":false,"priority":1.0,"tags":{},"slaveDelay":0,"votes":1}],"settings":{"chainingAllowed":true,"heartbeatIntervalMillis":2000,"heartbeatTimeoutSecs":10,"electionTimeoutMillis":10000,"catchUpTimeoutMillis":-1,"catchUpTakeoverDelayMillis":30000,"getLastErrorModes":{},"getLastErrorDefaults":{"w":1,"wtimeout":0},"replicaSetId":{"$oid":"5fb738812aedeca143e60a05"}}}}}
{"t":{"$date":"2020-11-20T11:33:48.864+08:00"},"s":"I",  "c":"REPL",     "id":21393,   "ctx":"conn1","msg":"Found self in config","attr":{"hostAndPort":"MuGuiLin:28017"}}
{"t":{"$date":"2020-11-20T11:33:48.864+08:00"},"s":"I",  "c":"REPL",     "id":4508702, "ctx":"conn1","msg":"Waiting for the current config to propagate to a majority of nodes"}
{"t":{"$date":"2020-11-20T11:33:48.864+08:00"},"s":"I",  "c":"REPL",     "id":21215,   "ctx":"ReplCoord-1","msg":"Member is in new state","attr":{"hostAndPort":"MuGuiLin:28018","newState":"STARTUP"}}
{"t":{"$date":"2020-11-20T11:33:49.341+08:00"},"s":"I",  "c":"NETWORK",  "id":22943,   "ctx":"listener","msg":"Connection accepted","attr":{"remote":"192.168.56.1:53142","connectionId":6,"connectionCount":3}}
{"t":{"$date":"2020-11-20T11:33:49.341+08:00"},"s":"I",  "c":"NETWORK",  "id":22944,   "ctx":"conn6","msg":"Connection ended","attr":{"remote":"192.168.56.1:53142","connectionId":6,"connectionCount":2}}
{"t":{"$date":"2020-11-20T11:33:50.837+08:00"},"s":"I",  "c":"NETWORK",  "id":22943,   "ctx":"listener","msg":"Connection accepted","attr":{"remote":"192.168.56.1:53146","connectionId":7,"connectionCount":3}}
{"t":{"$date":"2020-11-20T11:33:50.837+08:00"},"s":"I",  "c":"NETWORK",  "id":51800,   "ctx":"conn7","msg":"client metadata","attr":{"remote":"192.168.56.1:53146","client":"conn7","doc":{"driver":{"name":"NetworkInterfaceTL","version":"4.4.1"},"os":{"type":"Windows","name":"Microsoft Windows 10","architecture":"x86_64","version":"10.0 (build 19041)"}}}}
{"t":{"$date":"2020-11-20T11:33:50.839+08:00"},"s":"I",  "c":"CONNPOOL", "id":22576,   "ctx":"MirrorMaestro","msg":"Connecting","attr":{"hostAndPort":"MuGuiLin:28018"}}
{"t":{"$date":"2020-11-20T11:33:50.840+08:00"},"s":"I",  "c":"NETWORK",  "id":22943,   "ctx":"listener","msg":"Connection accepted","attr":{"remote":"192.168.56.1:53148","connectionId":9,"connectionCount":4}}
{"t":{"$date":"2020-11-20T11:33:50.840+08:00"},"s":"I",  "c":"NETWORK",  "id":22943,   "ctx":"listener","msg":"Connection accepted","attr":{"remote":"192.168.56.1:53149","connectionId":10,"connectionCount":5}}
{"t":{"$date":"2020-11-20T11:33:50.840+08:00"},"s":"I",  "c":"NETWORK",  "id":51800,   "ctx":"conn10","msg":"client metadata","attr":{"remote":"192.168.56.1:53149","client":"conn10","doc":{"driver":{"name":"MongoDB Internal Client","version":"4.4.1"},"os":{"type":"Windows","name":"Microsoft Windows 10","architecture":"x86_64","version":"10.0 (build 19041)"}}}}
{"t":{"$date":"2020-11-20T11:33:50.850+08:00"},"s":"I",  "c":"NETWORK",  "id":51800,   "ctx":"conn9","msg":"client metadata","attr":{"remote":"192.168.56.1:53148","client":"conn9","doc":{"application":{"name":"OplogFetcher"},"driver":{"name":"MongoDB Internal Client","version":"4.4.1"},"os":{"type":"Windows","name":"Microsoft Windows 10","architecture":"x86_64","version":"10.0 (build 19041)"}}}}
{"t":{"$date":"2020-11-20T11:33:50.851+08:00"},"s":"W",  "c":"NETWORK",  "id":4615610, "ctx":"MirrorMaestro-0","msg":"Failed to check socket connectivity","attr":{"error":"操作成功完成。"}}
{"t":{"$date":"2020-11-20T11:33:50.851+08:00"},"s":"I",  "c":"CONNPOOL", "id":22561,   "ctx":"MirrorMaestro-0","msg":"Dropping unhealthy pooled connection","attr":{"hostAndPort":"MuGuiLin:28018"}}
{"t":{"$date":"2020-11-20T11:33:50.865+08:00"},"s":"I",  "c":"REPL",     "id":21215,   "ctx":"ReplCoord-1","msg":"Member is in new state","attr":{"hostAndPort":"MuGuiLin:28018","newState":"STARTUP2"}}
{"t":{"$date":"2020-11-20T11:33:50.865+08:00"},"s":"I",  "c":"REPL",     "id":4689401, "ctx":"conn1","msg":"Propagated current replica set config to a majority of nodes","attr":{"configVersion":2,"configTerm":1,"configWaitDurationMillis":2000}}
{"t":{"$date":"2020-11-20T11:33:50.865+08:00"},"s":"I",  "c":"COMMAND",  "id":51803,   "ctx":"conn1","msg":"Slow query","attr":{"type":"command","ns":"local.system.replset","appName":"MongoDB Shell","command":{"replSetReconfig":{"_id":"rs0","version":2,"term":1,"protocolVersion":1,"writeConcernMajorityJournalDefault":true,"members":[{"_id":0,"host":"MuGuiLin:28017","arbiterOnly":false,"buildIndexes":true,"hidden":false,"priority":1.0,"tags":{},"slaveDelay":0,"votes":1},{"_id":1.0,"host":"MuGuiLin:28018"}],"settings":{"chainingAllowed":true,"heartbeatIntervalMillis":2000,"heartbeatTimeoutSecs":10,"electionTimeoutMillis":10000,"catchUpTimeoutMillis":-1,"catchUpTakeoverDelayMillis":30000,"getLastErrorModes":{},"getLastErrorDefaults":{"w":1,"wtimeout":0},"replicaSetId":{"$oid":"5fb738812aedeca143e60a05"}}},"lsid":{"id":{"$uuid":"75e11755-48d7-4240-9168-38221fbfb201"}},"$clusterTime":{"clusterTime":{"$timestamp":{"t":1605843224,"i":1}},"signature":{"hash":{"$binary":{"base64":"AAAAAAAAAAAAAAAAAAAAAAAAAAA=","subType":"0"}},"keyId":0}},"$db":"admin"},"numYields":0,"reslen":163,"locks":{"ParallelBatchWriterMode":{"acquireCount":{"r":5}},"ReplicationStateTransition":{"acquireCount":{"w":5}},"Global":{"acquireCount":{"r":1,"w":4}},"Database":{"acquireCount":{"r":1,"w":2,"W":1}},"Collection":{"acquireCount":{"w":2}},"Mutex":{"acquireCount":{"r":3}},"oplog":{"acquireCount":{"r":1}}},"flowControl":{"acquireCount":2},"storage":{},"protocol":"op_msg","durationMillis":2031}}
{"t":{"$date":"2020-11-20T11:33:51.675+08:00"},"s":"I",  "c":"NETWORK",  "id":22944,   "ctx":"conn10","msg":"Connection ended","attr":{"remote":"192.168.56.1:53149","connectionId":10,"connectionCount":4}}
{"t":{"$date":"2020-11-20T11:33:55.851+08:00"},"s":"I",  "c":"NETWORK",  "id":22944,   "ctx":"conn9","msg":"Connection ended","attr":{"remote":"192.168.56.1:53148","connectionId":9,"connectionCount":3}}
{"t":{"$date":"2020-11-20T11:33:56.865+08:00"},"s":"I",  "c":"REPL",     "id":21215,   "ctx":"ReplCoord-1","msg":"Member is in new state","attr":{"hostAndPort":"MuGuiLin:28018","newState":"SECONDARY"}}
{"t":{"$date":"2020-11-20T11:34:05.664+08:00"},"s":"I",  "c":"REPL",     "id":4508702, "ctx":"conn1","msg":"Waiting for the current config to propagate to a majority of nodes"}
{"t":{"$date":"2020-11-20T11:34:05.664+08:00"},"s":"I",  "c":"REPL",     "id":51815,   "ctx":"conn1","msg":"Waiting for the last committed optime in the previous config to be committed in the current config","attr":{"configOplogCommitmentOpTime":{"ts":{"$timestamp":{"t":1605843228,"i":1}},"t":1}}}
{"t":{"$date":"2020-11-20T11:34:05.664+08:00"},"s":"I",  "c":"REPL",     "id":4508701, "ctx":"conn1","msg":"The current replica set config is committed","attr":{"configVersion":2,"configTerm":1,"configWaitDurationMillis":0,"oplogWaitDurationMillis":0,"configOplogCommitmentOpTime":{"ts":{"$timestamp":{"t":1605843228,"i":1}},"t":1}}}
{"t":{"$date":"2020-11-20T11:34:05.664+08:00"},"s":"I",  "c":"REPL",     "id":21352,   "ctx":"conn1","msg":"replSetReconfig admin command received from client","attr":{"newConfig":{"_id":"rs0","version":3,"term":1,"protocolVersion":1,"writeConcernMajorityJournalDefault":true,"members":[{"_id":0,"host":"MuGuiLin:28017","arbiterOnly":false,"buildIndexes":true,"hidden":false,"priority":1.0,"tags":{},"slaveDelay":0,"votes":1},{"_id":1,"host":"MuGuiLin:28018","arbiterOnly":false,"buildIndexes":true,"hidden":false,"priority":1.0,"tags":{},"slaveDelay":0,"votes":1},{"_id":2.0,"host":"MuGuiLin:28019"}],"settings":{"chainingAllowed":true,"heartbeatIntervalMillis":2000,"heartbeatTimeoutSecs":10,"electionTimeoutMillis":10000,"catchUpTimeoutMillis":-1,"catchUpTakeoverDelayMillis":30000,"getLastErrorModes":{},"getLastErrorDefaults":{"w":1,"wtimeout":0},"replicaSetId":{"$oid":"5fb738812aedeca143e60a05"}}}}}
{"t":{"$date":"2020-11-20T11:34:05.667+08:00"},"s":"I",  "c":"REPL",     "id":21353,   "ctx":"conn1","msg":"replSetReconfig config object parses ok","attr":{"numMembers":3}}
{"t":{"$date":"2020-11-20T11:34:05.667+08:00"},"s":"I",  "c":"REPL",     "id":4509600, "ctx":"conn1","msg":"Executing quorum check for reconfig"}
{"t":{"$date":"2020-11-20T11:34:05.667+08:00"},"s":"I",  "c":"REPL",     "id":21752,   "ctx":"conn1","msg":"Scheduling remote command request","attr":{"context":"reconfig quorum check","request":"RemoteCommand 14 -- target:MuGuiLin:28018 db:admin cmd:{ replSetHeartbeat: \"rs0\", configVersion: 3, configTerm: 1, hbv: 1, from: \"MuGuiLin:28017\", fromId: 0, term: 1 }"}}
{"t":{"$date":"2020-11-20T11:34:05.667+08:00"},"s":"I",  "c":"REPL",     "id":21752,   "ctx":"conn1","msg":"Scheduling remote command request","attr":{"context":"reconfig quorum check","request":"RemoteCommand 15 -- target:MuGuiLin:28019 db:admin cmd:{ replSetHeartbeat: \"rs0\", configVersion: 3, configTerm: 1, hbv: 1, from: \"MuGuiLin:28017\", fromId: 0, term: 1 }"}}
{"t":{"$date":"2020-11-20T11:34:05.667+08:00"},"s":"I",  "c":"CONNPOOL", "id":22576,   "ctx":"ReplNetwork","msg":"Connecting","attr":{"hostAndPort":"MuGuiLin:28019"}}
{"t":{"$date":"2020-11-20T11:34:05.667+08:00"},"s":"I",  "c":"REPL",     "id":51814,   "ctx":"conn1","msg":"Persisting new config to disk"}
{"t":{"$date":"2020-11-20T11:34:05.677+08:00"},"s":"I",  "c":"REPL",     "id":21392,   "ctx":"conn1","msg":"New replica set config in use","attr":{"config":{"_id":"rs0","version":3,"term":1,"protocolVersion":1,"writeConcernMajorityJournalDefault":true,"members":[{"_id":0,"host":"MuGuiLin:28017","arbiterOnly":false,"buildIndexes":true,"hidden":false,"priority":1.0,"tags":{},"slaveDelay":0,"votes":1},{"_id":1,"host":"MuGuiLin:28018","arbiterOnly":false,"buildIndexes":true,"hidden":false,"priority":1.0,"tags":{},"slaveDelay":0,"votes":1},{"_id":2,"host":"MuGuiLin:28019","arbiterOnly":false,"buildIndexes":true,"hidden":false,"priority":1.0,"tags":{},"slaveDelay":0,"votes":1}],"settings":{"chainingAllowed":true,"heartbeatIntervalMillis":2000,"heartbeatTimeoutSecs":10,"electionTimeoutMillis":10000,"catchUpTimeoutMillis":-1,"catchUpTakeoverDelayMillis":30000,"getLastErrorModes":{},"getLastErrorDefaults":{"w":1,"wtimeout":0},"replicaSetId":{"$oid":"5fb738812aedeca143e60a05"}}}}}
{"t":{"$date":"2020-11-20T11:34:05.677+08:00"},"s":"I",  "c":"REPL",     "id":21393,   "ctx":"conn1","msg":"Found self in config","attr":{"hostAndPort":"MuGuiLin:28017"}}
{"t":{"$date":"2020-11-20T11:34:05.677+08:00"},"s":"I",  "c":"REPL",     "id":4508702, "ctx":"conn1","msg":"Waiting for the current config to propagate to a majority of nodes"}
{"t":{"$date":"2020-11-20T11:34:05.677+08:00"},"s":"I",  "c":"REPL",     "id":21215,   "ctx":"ReplCoord-1","msg":"Member is in new state","attr":{"hostAndPort":"MuGuiLin:28019","newState":"STARTUP"}}
{"t":{"$date":"2020-11-20T11:34:05.678+08:00"},"s":"I",  "c":"NETWORK",  "id":22943,   "ctx":"listener","msg":"Connection accepted","attr":{"remote":"192.168.56.1:53164","connectionId":15,"connectionCount":4}}
{"t":{"$date":"2020-11-20T11:34:05.678+08:00"},"s":"I",  "c":"NETWORK",  "id":22944,   "ctx":"conn15","msg":"Connection ended","attr":{"remote":"192.168.56.1:53164","connectionId":15,"connectionCount":3}}
{"t":{"$date":"2020-11-20T11:34:05.680+08:00"},"s":"I",  "c":"NETWORK",  "id":22943,   "ctx":"listener","msg":"Connection accepted","attr":{"remote":"192.168.56.1:53165","connectionId":16,"connectionCount":4}}
{"t":{"$date":"2020-11-20T11:34:05.680+08:00"},"s":"I",  "c":"NETWORK",  "id":51800,   "ctx":"conn16","msg":"client metadata","attr":{"remote":"192.168.56.1:53165","client":"conn16","doc":{"driver":{"name":"NetworkInterfaceTL","version":"4.4.1"},"os":{"type":"Windows","name":"Microsoft Windows 10","architecture":"x86_64","version":"10.0 (build 19041)"}}}}
{"t":{"$date":"2020-11-20T11:34:05.680+08:00"},"s":"I",  "c":"NETWORK",  "id":22943,   "ctx":"listener","msg":"Connection accepted","attr":{"remote":"192.168.56.1:53167","connectionId":17,"connectionCount":5}}
{"t":{"$date":"2020-11-20T11:34:05.681+08:00"},"s":"I",  "c":"NETWORK",  "id":22944,   "ctx":"conn17","msg":"Connection ended","attr":{"remote":"192.168.56.1:53167","connectionId":17,"connectionCount":4}}
{"t":{"$date":"2020-11-20T11:34:06.001+08:00"},"s":"I",  "c":"NETWORK",  "id":22943,   "ctx":"listener","msg":"Connection accepted","attr":{"remote":"192.168.56.1:53171","connectionId":18,"connectionCount":5}}
{"t":{"$date":"2020-11-20T11:34:06.012+08:00"},"s":"I",  "c":"NETWORK",  "id":51800,   "ctx":"conn18","msg":"client metadata","attr":{"remote":"192.168.56.1:53171","client":"conn18","doc":{"application":{"name":"OplogFetcher"},"driver":{"name":"MongoDB Internal Client","version":"4.4.1"},"os":{"type":"Windows","name":"Microsoft Windows 10","architecture":"x86_64","version":"10.0 (build 19041)"}}}}
{"t":{"$date":"2020-11-20T11:34:06.012+08:00"},"s":"I",  "c":"CONNPOOL", "id":22561,   "ctx":"MirrorMaestro-0","msg":"Dropping unhealthy pooled connection","attr":{"hostAndPort":"MuGuiLin:28018"}}
{"t":{"$date":"2020-11-20T11:34:06.012+08:00"},"s":"I",  "c":"CONNPOOL", "id":22576,   "ctx":"MirrorMaestro","msg":"Connecting","attr":{"hostAndPort":"MuGuiLin:28018"}}
{"t":{"$date":"2020-11-20T11:34:07.211+08:00"},"s":"I",  "c":"NETWORK",  "id":22943,   "ctx":"listener","msg":"Connection accepted","attr":{"remote":"192.168.56.1:53175","connectionId":20,"connectionCount":6}}
{"t":{"$date":"2020-11-20T11:34:07.212+08:00"},"s":"I",  "c":"NETWORK",  "id":51800,   "ctx":"conn20","msg":"client metadata","attr":{"remote":"192.168.56.1:53175","client":"conn20","doc":{"driver":{"name":"NetworkInterfaceTL","version":"4.4.1"},"os":{"type":"Windows","name":"Microsoft Windows 10","architecture":"x86_64","version":"10.0 (build 19041)"}}}}
{"t":{"$date":"2020-11-20T11:34:07.212+08:00"},"s":"I",  "c":"CONNPOOL", "id":22576,   "ctx":"MirrorMaestro","msg":"Connecting","attr":{"hostAndPort":"MuGuiLin:28019"}}
{"t":{"$date":"2020-11-20T11:34:07.214+08:00"},"s":"I",  "c":"NETWORK",  "id":22943,   "ctx":"listener","msg":"Connection accepted","attr":{"remote":"192.168.56.1:53177","connectionId":22,"connectionCount":7}}
{"t":{"$date":"2020-11-20T11:34:07.214+08:00"},"s":"I",  "c":"NETWORK",  "id":22943,   "ctx":"listener","msg":"Connection accepted","attr":{"remote":"192.168.56.1:53178","connectionId":23,"connectionCount":8}}
{"t":{"$date":"2020-11-20T11:34:07.214+08:00"},"s":"I",  "c":"NETWORK",  "id":51800,   "ctx":"conn22","msg":"client metadata","attr":{"remote":"192.168.56.1:53177","client":"conn22","doc":{"application":{"name":"OplogFetcher"},"driver":{"name":"MongoDB Internal Client","version":"4.4.1"},"os":{"type":"Windows","name":"Microsoft Windows 10","architecture":"x86_64","version":"10.0 (build 19041)"}}}}
{"t":{"$date":"2020-11-20T11:34:07.225+08:00"},"s":"I",  "c":"NETWORK",  "id":51800,   "ctx":"conn23","msg":"client metadata","attr":{"remote":"192.168.56.1:53178","client":"conn23","doc":{"driver":{"name":"MongoDB Internal Client","version":"4.4.1"},"os":{"type":"Windows","name":"Microsoft Windows 10","architecture":"x86_64","version":"10.0 (build 19041)"}}}}
{"t":{"$date":"2020-11-20T11:34:07.677+08:00"},"s":"I",  "c":"REPL",     "id":21215,   "ctx":"ReplCoord-3","msg":"Member is in new state","attr":{"hostAndPort":"MuGuiLin:28019","newState":"STARTUP2"}}
{"t":{"$date":"2020-11-20T11:34:07.677+08:00"},"s":"I",  "c":"REPL",     "id":4689401, "ctx":"conn1","msg":"Propagated current replica set config to a majority of nodes","attr":{"configVersion":3,"configTerm":1,"configWaitDurationMillis":2000}}
{"t":{"$date":"2020-11-20T11:34:07.677+08:00"},"s":"I",  "c":"COMMAND",  "id":51803,   "ctx":"conn1","msg":"Slow query","attr":{"type":"command","ns":"local.system.replset","appName":"MongoDB Shell","command":{"replSetReconfig":{"_id":"rs0","version":3,"term":1,"protocolVersion":1,"writeConcernMajorityJournalDefault":true,"members":[{"_id":0,"host":"MuGuiLin:28017","arbiterOnly":false,"buildIndexes":true,"hidden":false,"priority":1.0,"tags":{},"slaveDelay":0,"votes":1},{"_id":1,"host":"MuGuiLin:28018","arbiterOnly":false,"buildIndexes":true,"hidden":false,"priority":1.0,"tags":{},"slaveDelay":0,"votes":1},{"_id":2.0,"host":"MuGuiLin:28019"}],"settings":{"chainingAllowed":true,"heartbeatIntervalMillis":2000,"heartbeatTimeoutSecs":10,"electionTimeoutMillis":10000,"catchUpTimeoutMillis":-1,"catchUpTakeoverDelayMillis":30000,"getLastErrorModes":{},"getLastErrorDefaults":{"w":1,"wtimeout":0},"replicaSetId":{"$oid":"5fb738812aedeca143e60a05"}}},"lsid":{"id":{"$uuid":"75e11755-48d7-4240-9168-38221fbfb201"}},"$clusterTime":{"clusterTime":{"$timestamp":{"t":1605843244,"i":1}},"signature":{"hash":{"$binary":{"base64":"AAAAAAAAAAAAAAAAAAAAAAAAAAA=","subType":"0"}},"keyId":0}},"$db":"admin"},"numYields":0,"reslen":163,"locks":{"ParallelBatchWriterMode":{"acquireCount":{"r":5}},"ReplicationStateTransition":{"acquireCount":{"w":5}},"Global":{"acquireCount":{"r":1,"w":4}},"Database":{"acquireCount":{"r":1,"w":2,"W":1}},"Collection":{"acquireCount":{"w":2}},"Mutex":{"acquireCount":{"r":3}},"oplog":{"acquireCount":{"r":1}}},"flowControl":{"acquireCount":2,"timeAcquiringMicros":1},"storage":{},"protocol":"op_msg","durationMillis":2013}}
{"t":{"$date":"2020-11-20T11:34:08.094+08:00"},"s":"I",  "c":"NETWORK",  "id":22944,   "ctx":"conn23","msg":"Connection ended","attr":{"remote":"192.168.56.1:53178","connectionId":23,"connectionCount":7}}
{"t":{"$date":"2020-11-20T11:34:12.214+08:00"},"s":"I",  "c":"NETWORK",  "id":22944,   "ctx":"conn22","msg":"Connection ended","attr":{"remote":"192.168.56.1:53177","connectionId":22,"connectionCount":6}}
{"t":{"$date":"2020-11-20T11:34:13.677+08:00"},"s":"I",  "c":"REPL",     "id":21215,   "ctx":"ReplCoord-1","msg":"Member is in new state","attr":{"hostAndPort":"MuGuiLin:28019","newState":"SECONDARY"}}
{"t":{"$date":"2020-11-20T11:35:08.213+08:00"},"s":"I",  "c":"CONNPOOL", "id":22576,   "ctx":"MirrorMaestro","msg":"Connecting","attr":{"hostAndPort":"MuGuiLin:28019"}}
{"t":{"$date":"2020-11-20T11:35:22.204+08:00"},"s":"I",  "c":"CONTROL",  "id":20712,   "ctx":"LogicalSessionCacheReap","msg":"Sessions collection is not set up; waiting until next sessions reap interval","attr":{"error":"NamespaceNotFound: config.system.sessions does not exist"}}
{"t":{"$date":"2020-11-20T11:35:22.206+08:00"},"s":"I",  "c":"STORAGE",  "id":20320,   "ctx":"LogicalSessionCacheRefresh","msg":"createCollection","attr":{"namespace":"config.system.sessions","uuidDisposition":"generated","uuid":{"uuid":{"$uuid":"4083aa1b-e310-4f25-b43c-16be17cfc61c"}},"options":{}}}
{"t":{"$date":"2020-11-20T11:35:22.310+08:00"},"s":"I",  "c":"INDEX",    "id":20345,   "ctx":"LogicalSessionCacheRefresh","msg":"Index build: done building","attr":{"buildUUID":null,"namespace":"config.system.sessions","index":"_id_","commitTimestamp":{"$timestamp":{"t":1605843322,"i":2}}}}
{"t":{"$date":"2020-11-20T11:35:22.310+08:00"},"s":"I",  "c":"INDEX",    "id":20345,   "ctx":"LogicalSessionCacheRefresh","msg":"Index build: done building","attr":{"buildUUID":null,"namespace":"config.system.sessions","index":"lsidTTLIndex","commitTimestamp":{"$timestamp":{"t":1605843322,"i":2}}}}
{"t":{"$date":"2020-11-20T11:35:22.310+08:00"},"s":"I",  "c":"COMMAND",  "id":51803,   "ctx":"LogicalSessionCacheRefresh","msg":"Slow query","attr":{"type":"command","ns":"config.system.sessions","command":{"createIndexes":"system.sessions","indexes":[{"key":{"lastUse":1},"name":"lsidTTLIndex","expireAfterSeconds":1800}],"writeConcern":{},"$db":"config"},"numYields":0,"reslen":271,"locks":{"ParallelBatchWriterMode":{"acquireCount":{"r":5}},"ReplicationStateTransition":{"acquireCount":{"w":5}},"Global":{"acquireCount":{"r":2,"w":3}},"Database":{"acquireCount":{"r":2,"w":3}},"Collection":{"acquireCount":{"r":4,"w":2}},"Mutex":{"acquireCount":{"r":5}}},"flowControl":{"acquireCount":1},"storage":{},"protocol":"op_msg","durationMillis":106}}
{"t":{"$date":"2020-11-20T11:35:22.521+08:00"},"s":"I",  "c":"COMMAND",  "id":51803,   "ctx":"LogicalSessionCacheRefresh","msg":"Slow query","attr":{"type":"command","ns":"config.$cmd","command":{"update":"system.sessions","ordered":false,"allowImplicitCollectionCreation":false,"writeConcern":{"w":"majority","wtimeout":15000},"$db":"config"},"numYields":0,"reslen":356,"locks":{"ParallelBatchWriterMode":{"acquireCount":{"r":1}},"ReplicationStateTransition":{"acquireCount":{"w":1}},"Global":{"acquireCount":{"w":1}},"Database":{"acquireCount":{"w":1}},"Collection":{"acquireCount":{"w":1}},"Mutex":{"acquireCount":{"r":1}}},"flowControl":{"acquireCount":2},"writeConcern":{"w":"majority","wtimeout":15000,"provenance":"clientSupplied"},"storage":{},"protocol":"op_msg","durationMillis":210}}
{"t":{"$date":"2020-11-20T11:35:31.503+08:00"},"s":"I",  "c":"NETWORK",  "id":22943,   "ctx":"listener","msg":"Connection accepted","attr":{"remote":"127.0.0.1:53245","connectionId":25,"connectionCount":7}}
{"t":{"$date":"2020-11-20T11:35:31.504+08:00"},"s":"I",  "c":"NETWORK",  "id":51800,   "ctx":"conn25","msg":"client metadata","attr":{"remote":"127.0.0.1:53245","client":"conn25","doc":{"application":{"name":"MongoDB Shell"},"driver":{"name":"MongoDB Internal Client","version":"4.4.1"},"os":{"type":"Windows","name":"Microsoft Windows 10","architecture":"x86_64","version":"10.0 (build 19041)"}}}}
{"t":{"$date":"2020-11-20T11:35:40.034+08:00"},"s":"I",  "c":"NETWORK",  "id":22944,   "ctx":"conn25","msg":"Connection ended","attr":{"remote":"127.0.0.1:53245","connectionId":25,"connectionCount":6}}
{"t":{"$date":"2020-11-20T11:35:48.087+08:00"},"s":"I",  "c":"NETWORK",  "id":22943,   "ctx":"listener","msg":"Connection accepted","attr":{"remote":"127.0.0.1:53257","connectionId":26,"connectionCount":7}}
{"t":{"$date":"2020-11-20T11:35:48.087+08:00"},"s":"I",  "c":"NETWORK",  "id":51800,   "ctx":"conn26","msg":"client metadata","attr":{"remote":"127.0.0.1:53257","client":"conn26","doc":{"application":{"name":"MongoDB Shell"},"driver":{"name":"MongoDB Internal Client","version":"4.4.1"},"os":{"type":"Windows","name":"Microsoft Windows 10","architecture":"x86_64","version":"10.0 (build 19041)"}}}}
{"t":{"$date":"2020-11-20T11:35:57.521+08:00"},"s":"I",  "c":"NETWORK",  "id":22943,   "ctx":"listener","msg":"Connection accepted","attr":{"remote":"192.168.56.1:53263","connectionId":27,"connectionCount":8}}
{"t":{"$date":"2020-11-20T11:35:57.521+08:00"},"s":"I",  "c":"NETWORK",  "id":51800,   "ctx":"conn27","msg":"client metadata","attr":{"remote":"192.168.56.1:53263","client":"conn27","doc":{"driver":{"name":"NetworkInterfaceTL","version":"4.4.1"},"os":{"type":"Windows","name":"Microsoft Windows 10","architecture":"x86_64","version":"10.0 (build 19041)"}}}}
{"t":{"$date":"2020-11-20T11:35:57.523+08:00"},"s":"I",  "c":"NETWORK",  "id":22943,   "ctx":"listener","msg":"Connection accepted","attr":{"remote":"192.168.56.1:53267","connectionId":28,"connectionCount":9}}
{"t":{"$date":"2020-11-20T11:35:57.523+08:00"},"s":"I",  "c":"NETWORK",  "id":22943,   "ctx":"listener","msg":"Connection accepted","attr":{"remote":"192.168.56.1:53266","connectionId":29,"connectionCount":10}}
{"t":{"$date":"2020-11-20T11:35:57.523+08:00"},"s":"I",  "c":"NETWORK",  "id":51800,   "ctx":"conn28","msg":"client metadata","attr":{"remote":"192.168.56.1:53267","client":"conn28","doc":{"driver":{"name":"MongoDB Internal Client","version":"4.4.1"},"os":{"type":"Windows","name":"Microsoft Windows 10","architecture":"x86_64","version":"10.0 (build 19041)"}}}}
{"t":{"$date":"2020-11-20T11:35:57.523+08:00"},"s":"I",  "c":"NETWORK",  "id":22943,   "ctx":"listener","msg":"Connection accepted","attr":{"remote":"192.168.56.1:53268","connectionId":30,"connectionCount":11}}
{"t":{"$date":"2020-11-20T11:35:57.523+08:00"},"s":"I",  "c":"NETWORK",  "id":51800,   "ctx":"conn30","msg":"client metadata","attr":{"remote":"192.168.56.1:53268","client":"conn30","doc":{"driver":{"name":"NetworkInterfaceTL","version":"4.4.1"},"os":{"type":"Windows","name":"Microsoft Windows 10","architecture":"x86_64","version":"10.0 (build 19041)"}}}}
{"t":{"$date":"2020-11-20T11:35:57.533+08:00"},"s":"I",  "c":"NETWORK",  "id":51800,   "ctx":"conn29","msg":"client metadata","attr":{"remote":"192.168.56.1:53266","client":"conn29","doc":{"driver":{"name":"MongoDB Internal Client","version":"4.4.1"},"os":{"type":"Windows","name":"Microsoft Windows 10","architecture":"x86_64","version":"10.0 (build 19041)"}}}}
{"t":{"$date":"2020-11-20T11:36:23.767+08:00"},"s":"I",  "c":"NETWORK",  "id":22943,   "ctx":"listener","msg":"Connection accepted","attr":{"remote":"192.168.56.1:53288","connectionId":31,"connectionCount":12}}
{"t":{"$date":"2020-11-20T11:36:23.768+08:00"},"s":"I",  "c":"NETWORK",  "id":51800,   "ctx":"conn31","msg":"client metadata","attr":{"remote":"192.168.56.1:53288","client":"conn31","doc":{"driver":{"name":"NetworkInterfaceTL","version":"4.4.1"},"os":{"type":"Windows","name":"Microsoft Windows 10","architecture":"x86_64","version":"10.0 (build 19041)"}}}}
{"t":{"$date":"2020-11-20T11:36:23.768+08:00"},"s":"I",  "c":"NETWORK",  "id":22943,   "ctx":"listener","msg":"Connection accepted","attr":{"remote":"192.168.56.1:53291","connectionId":32,"connectionCount":13}}
{"t":{"$date":"2020-11-20T11:36:23.768+08:00"},"s":"I",  "c":"NETWORK",  "id":22943,   "ctx":"listener","msg":"Connection accepted","attr":{"remote":"192.168.56.1:53292","connectionId":33,"connectionCount":14}}
{"t":{"$date":"2020-11-20T11:36:23.768+08:00"},"s":"I",  "c":"NETWORK",  "id":22943,   "ctx":"listener","msg":"Connection accepted","attr":{"remote":"192.168.56.1:53293","connectionId":34,"connectionCount":15}}
{"t":{"$date":"2020-11-20T11:36:23.768+08:00"},"s":"I",  "c":"NETWORK",  "id":51800,   "ctx":"conn33","msg":"client metadata","attr":{"remote":"192.168.56.1:53292","client":"conn33","doc":{"driver":{"name":"MongoDB Internal Client","version":"4.4.1"},"os":{"type":"Windows","name":"Microsoft Windows 10","architecture":"x86_64","version":"10.0 (build 19041)"}}}}
{"t":{"$date":"2020-11-20T11:36:23.769+08:00"},"s":"I",  "c":"NETWORK",  "id":51800,   "ctx":"conn34","msg":"client metadata","attr":{"remote":"192.168.56.1:53293","client":"conn34","doc":{"driver":{"name":"NetworkInterfaceTL","version":"4.4.1"},"os":{"type":"Windows","name":"Microsoft Windows 10","architecture":"x86_64","version":"10.0 (build 19041)"}}}}
{"t":{"$date":"2020-11-20T11:36:23.779+08:00"},"s":"I",  "c":"NETWORK",  "id":51800,   "ctx":"conn32","msg":"client metadata","attr":{"remote":"192.168.56.1:53291","client":"conn32","doc":{"driver":{"name":"MongoDB Internal Client","version":"4.4.1"},"os":{"type":"Windows","name":"Microsoft Windows 10","architecture":"x86_64","version":"10.0 (build 19041)"}}}}
{"t":{"$date":"2020-11-20T11:36:55.152+08:00"},"s":"I",  "c":"STORAGE",  "id":20320,   "ctx":"conn26","msg":"createCollection","attr":{"namespace":"test.test","uuidDisposition":"generated","uuid":{"uuid":{"$uuid":"2ead3f36-6766-46de-a755-1057252526c6"}},"options":{}}}
{"t":{"$date":"2020-11-20T11:36:55.214+08:00"},"s":"I",  "c":"INDEX",    "id":20345,   "ctx":"conn26","msg":"Index build: done building","attr":{"buildUUID":null,"namespace":"test.test","index":"_id_","commitTimestamp":{"$timestamp":{"t":1605843415,"i":1}}}}
{"t":{"$date":"2020-11-20T11:39:07.214+08:00"},"s":"I",  "c":"CONNPOOL", "id":22572,   "ctx":"MirrorMaestro","msg":"Dropping all pooled connections","attr":{"hostAndPort":"MuGuiLin:28019","error":"ShutdownInProgress: Pool for MuGuiLin:28019 has expired."}}
{"t":{"$date":"2020-11-20T11:39:08.096+08:00"},"s":"I",  "c":"NETWORK",  "id":22944,   "ctx":"conn20","msg":"Connection ended","attr":{"remote":"192.168.56.1:53175","connectionId":20,"connectionCount":14}}
{"t":{"$date":"2020-11-20T11:43:58.372+08:00"},"s":"I",  "c":"QUERY",    "id":20529,   "ctx":"clientcursormon","msg":"Cursor timed out","attr":{"cursorId":4013378470179519514,"idleSince":{"$date":"2020-11-20T03:33:55.851Z"}}}
{"t":{"$date":"2020-11-20T11:44:14.374+08:00"},"s":"I",  "c":"QUERY",    "id":20529,   "ctx":"clientcursormon","msg":"Cursor timed out","attr":{"cursorId":1664466583177134492,"idleSince":{"$date":"2020-11-20T03:34:12.214Z"}}}
{"t":{"$date":"2020-11-20T11:45:22.203+08:00"},"s":"I",  "c":"CONNPOOL", "id":22572,   "ctx":"MirrorMaestro","msg":"Dropping all pooled connections","attr":{"hostAndPort":"MuGuiLin:28018","error":"ShutdownInProgress: Pool for MuGuiLin:28018 has expired."}}
{"t":{"$date":"2020-11-20T12:55:22.209+08:00"},"s":"I",  "c":"CONNPOOL", "id":22576,   "ctx":"MirrorMaestro","msg":"Connecting","attr":{"hostAndPort":"MuGuiLin:28018"}}
{"t":{"$date":"2020-11-20T13:00:22.210+08:00"},"s":"I",  "c":"CONNPOOL", "id":22572,   "ctx":"MirrorMaestro","msg":"Dropping all pooled connections","attr":{"hostAndPort":"MuGuiLin:28018","error":"ShutdownInProgress: Pool for MuGuiLin:28018 has expired."}}
{"t":{"$date":"2020-11-20T13:02:01.513+08:00"},"s":"I",  "c":"NETWORK",  "id":22943,   "ctx":"listener","msg":"Connection accepted","attr":{"remote":"127.0.0.1:57106","connectionId":36,"connectionCount":15}}
{"t":{"$date":"2020-11-20T13:02:01.517+08:00"},"s":"I",  "c":"NETWORK",  "id":51800,   "ctx":"conn36","msg":"client metadata","attr":{"remote":"127.0.0.1:57106","client":"conn36","doc":{"driver":{"name":"nodejs","version":"3.6.1"},"os":{"type":"Windows_NT","name":"win32","architecture":"x64","version":"10.0.19041"},"platform":"'Node.js v12.4.0, LE (unified)","application":{"name":"MongoDB Compass"}}}}
{"t":{"$date":"2020-11-20T13:02:01.584+08:00"},"s":"I",  "c":"NETWORK",  "id":22943,   "ctx":"listener","msg":"Connection accepted","attr":{"remote":"127.0.0.1:57107","connectionId":37,"connectionCount":16}}
{"t":{"$date":"2020-11-20T13:02:01.584+08:00"},"s":"I",  "c":"NETWORK",  "id":22943,   "ctx":"listener","msg":"Connection accepted","attr":{"remote":"127.0.0.1:57108","connectionId":38,"connectionCount":17}}
{"t":{"$date":"2020-11-20T13:02:01.584+08:00"},"s":"I",  "c":"NETWORK",  "id":22943,   "ctx":"listener","msg":"Connection accepted","attr":{"remote":"127.0.0.1:57109","connectionId":39,"connectionCount":18}}
{"t":{"$date":"2020-11-20T13:02:01.584+08:00"},"s":"I",  "c":"NETWORK",  "id":22943,   "ctx":"listener","msg":"Connection accepted","attr":{"remote":"127.0.0.1:57110","connectionId":40,"connectionCount":19}}
{"t":{"$date":"2020-11-20T13:02:01.590+08:00"},"s":"I",  "c":"NETWORK",  "id":51800,   "ctx":"conn37","msg":"client metadata","attr":{"remote":"127.0.0.1:57107","client":"conn37","doc":{"driver":{"name":"nodejs","version":"3.6.1"},"os":{"type":"Windows_NT","name":"win32","architecture":"x64","version":"10.0.19041"},"platform":"'Node.js v12.4.0, LE (unified)","application":{"name":"MongoDB Compass"}}}}
{"t":{"$date":"2020-11-20T13:02:01.591+08:00"},"s":"I",  "c":"NETWORK",  "id":51800,   "ctx":"conn38","msg":"client metadata","attr":{"remote":"127.0.0.1:57108","client":"conn38","doc":{"driver":{"name":"nodejs","version":"3.6.1"},"os":{"type":"Windows_NT","name":"win32","architecture":"x64","version":"10.0.19041"},"platform":"'Node.js v12.4.0, LE (unified)","application":{"name":"MongoDB Compass"}}}}
{"t":{"$date":"2020-11-20T13:02:01.591+08:00"},"s":"I",  "c":"NETWORK",  "id":51800,   "ctx":"conn39","msg":"client metadata","attr":{"remote":"127.0.0.1:57109","client":"conn39","doc":{"driver":{"name":"nodejs","version":"3.6.1"},"os":{"type":"Windows_NT","name":"win32","architecture":"x64","version":"10.0.19041"},"platform":"'Node.js v12.4.0, LE (unified)","application":{"name":"MongoDB Compass"}}}}
{"t":{"$date":"2020-11-20T13:02:01.591+08:00"},"s":"I",  "c":"NETWORK",  "id":51800,   "ctx":"conn40","msg":"client metadata","attr":{"remote":"127.0.0.1:57110","client":"conn40","doc":{"driver":{"name":"nodejs","version":"3.6.1"},"os":{"type":"Windows_NT","name":"win32","architecture":"x64","version":"10.0.19041"},"platform":"'Node.js v12.4.0, LE (unified)","application":{"name":"MongoDB Compass"}}}}
{"t":{"$date":"2020-11-20T13:02:01.600+08:00"},"s":"I",  "c":"NETWORK",  "id":22943,   "ctx":"listener","msg":"Connection accepted","attr":{"remote":"127.0.0.1:57111","connectionId":41,"connectionCount":20}}
{"t":{"$date":"2020-11-20T13:02:01.647+08:00"},"s":"I",  "c":"NETWORK",  "id":51800,   "ctx":"conn41","msg":"client metadata","attr":{"remote":"127.0.0.1:57111","client":"conn41","doc":{"driver":{"name":"nodejs","version":"3.6.1"},"os":{"type":"Windows_NT","name":"win32","architecture":"x64","version":"10.0.19041"},"platform":"'Node.js v12.4.0, LE (unified)","application":{"name":"MongoDB Compass"}}}}
{"t":{"$date":"2020-11-20T13:02:01.654+08:00"},"s":"I",  "c":"NETWORK",  "id":22943,   "ctx":"listener","msg":"Connection accepted","attr":{"remote":"127.0.0.1:57112","connectionId":42,"connectionCount":21}}
{"t":{"$date":"2020-11-20T13:02:01.655+08:00"},"s":"I",  "c":"NETWORK",  "id":22943,   "ctx":"listener","msg":"Connection accepted","attr":{"remote":"127.0.0.1:57113","connectionId":43,"connectionCount":22}}
{"t":{"$date":"2020-11-20T13:02:01.661+08:00"},"s":"I",  "c":"NETWORK",  "id":51800,   "ctx":"conn42","msg":"client metadata","attr":{"remote":"127.0.0.1:57112","client":"conn42","doc":{"driver":{"name":"nodejs","version":"3.6.1"},"os":{"type":"Windows_NT","name":"win32","architecture":"x64","version":"10.0.19041"},"platform":"'Node.js v12.4.0, LE (unified)","application":{"name":"MongoDB Compass"}}}}
{"t":{"$date":"2020-11-20T13:02:01.661+08:00"},"s":"I",  "c":"NETWORK",  "id":51800,   "ctx":"conn43","msg":"client metadata","attr":{"remote":"127.0.0.1:57113","client":"conn43","doc":{"driver":{"name":"nodejs","version":"3.6.1"},"os":{"type":"Windows_NT","name":"win32","architecture":"x64","version":"10.0.19041"},"platform":"'Node.js v12.4.0, LE (unified)","application":{"name":"MongoDB Compass"}}}}
{"t":{"$date":"2020-11-20T13:02:09.896+08:00"},"s":"I",  "c":"CONNPOOL", "id":22576,   "ctx":"MirrorMaestro","msg":"Connecting","attr":{"hostAndPort":"MuGuiLin:28019"}}
{"t":{"$date":"2020-11-20T13:02:10.061+08:00"},"s":"I",  "c":"NETWORK",  "id":22943,   "ctx":"listener","msg":"Connection accepted","attr":{"remote":"127.0.0.1:57120","connectionId":45,"connectionCount":23}}
{"t":{"$date":"2020-11-20T13:02:10.061+08:00"},"s":"I",  "c":"NETWORK",  "id":22943,   "ctx":"listener","msg":"Connection accepted","attr":{"remote":"127.0.0.1:57121","connectionId":46,"connectionCount":24}}
{"t":{"$date":"2020-11-20T13:02:10.061+08:00"},"s":"I",  "c":"NETWORK",  "id":22943,   "ctx":"listener","msg":"Connection accepted","attr":{"remote":"127.0.0.1:57122","connectionId":47,"connectionCount":25}}
{"t":{"$date":"2020-11-20T13:02:10.088+08:00"},"s":"I",  "c":"NETWORK",  "id":51800,   "ctx":"conn45","msg":"client metadata","attr":{"remote":"127.0.0.1:57120","client":"conn45","doc":{"driver":{"name":"nodejs","version":"3.6.1"},"os":{"type":"Windows_NT","name":"win32","architecture":"x64","version":"10.0.19041"},"platform":"'Node.js v12.4.0, LE (unified)","application":{"name":"MongoDB Compass"}}}}
{"t":{"$date":"2020-11-20T13:02:10.088+08:00"},"s":"I",  "c":"NETWORK",  "id":51800,   "ctx":"conn46","msg":"client metadata","attr":{"remote":"127.0.0.1:57121","client":"conn46","doc":{"driver":{"name":"nodejs","version":"3.6.1"},"os":{"type":"Windows_NT","name":"win32","architecture":"x64","version":"10.0.19041"},"platform":"'Node.js v12.4.0, LE (unified)","application":{"name":"MongoDB Compass"}}}}
{"t":{"$date":"2020-11-20T13:02:10.089+08:00"},"s":"I",  "c":"NETWORK",  "id":51800,   "ctx":"conn47","msg":"client metadata","attr":{"remote":"127.0.0.1:57122","client":"conn47","doc":{"driver":{"name":"nodejs","version":"3.6.1"},"os":{"type":"Windows_NT","name":"win32","architecture":"x64","version":"10.0.19041"},"platform":"'Node.js v12.4.0, LE (unified)","application":{"name":"MongoDB Compass"}}}}
{"t":{"$date":"2020-11-20T13:02:12.736+08:00"},"s":"I",  "c":"NETWORK",  "id":22943,   "ctx":"listener","msg":"Connection accepted","attr":{"remote":"127.0.0.1:57125","connectionId":48,"connectionCount":26}}
{"t":{"$date":"2020-11-20T13:02:12.737+08:00"},"s":"I",  "c":"NETWORK",  "id":51800,   "ctx":"conn48","msg":"client metadata","attr":{"remote":"127.0.0.1:57125","client":"conn48","doc":{"driver":{"name":"nodejs","version":"3.6.1"},"os":{"type":"Windows_NT","name":"win32","architecture":"x64","version":"10.0.19041"},"platform":"'Node.js v12.4.0, LE (unified)","application":{"name":"MongoDB Compass"}}}}
{"t":{"$date":"2020-11-20T13:09:41.606+08:00"},"s":"I",  "c":"CONNPOOL", "id":22572,   "ctx":"MirrorMaestro","msg":"Dropping all pooled connections","attr":{"hostAndPort":"MuGuiLin:28019","error":"ShutdownInProgress: Pool for MuGuiLin:28019 has expired."}}
{"t":{"$date":"2020-11-20T13:10:53.034+08:00"},"s":"I",  "c":"NETWORK",  "id":22944,   "ctx":"conn47","msg":"Connection ended","attr":{"remote":"127.0.0.1:57122","connectionId":47,"connectionCount":25}}
{"t":{"$date":"2020-11-20T13:10:53.034+08:00"},"s":"I",  "c":"NETWORK",  "id":22944,   "ctx":"conn43","msg":"Connection ended","attr":{"remote":"127.0.0.1:57113","connectionId":43,"connectionCount":24}}
{"t":{"$date":"2020-11-20T13:10:53.035+08:00"},"s":"I",  "c":"NETWORK",  "id":22944,   "ctx":"conn41","msg":"Connection ended","attr":{"remote":"127.0.0.1:57111","connectionId":41,"connectionCount":23}}
{"t":{"$date":"2020-11-20T13:12:55.942+08:00"},"s":"I",  "c":"NETWORK",  "id":22944,   "ctx":"conn39","msg":"Connection ended","attr":{"remote":"127.0.0.1:57109","connectionId":39,"connectionCount":22}}
{"t":{"$date":"2020-11-20T13:12:55.942+08:00"},"s":"I",  "c":"NETWORK",  "id":22944,   "ctx":"conn38","msg":"Connection ended","attr":{"remote":"127.0.0.1:57108","connectionId":38,"connectionCount":21}}
{"t":{"$date":"2020-11-20T13:12:55.973+08:00"},"s":"I",  "c":"NETWORK",  "id":22944,   "ctx":"conn37","msg":"Connection ended","attr":{"remote":"127.0.0.1:57107","connectionId":37,"connectionCount":20}}
{"t":{"$date":"2020-11-20T13:12:55.973+08:00"},"s":"I",  "c":"NETWORK",  "id":22944,   "ctx":"conn40","msg":"Connection ended","attr":{"remote":"127.0.0.1:57110","connectionId":40,"connectionCount":19}}
{"t":{"$date":"2020-11-20T13:12:55.973+08:00"},"s":"I",  "c":"NETWORK",  "id":22944,   "ctx":"conn42","msg":"Connection ended","attr":{"remote":"127.0.0.1:57112","connectionId":42,"connectionCount":18}}
{"t":{"$date":"2020-11-20T13:12:55.973+08:00"},"s":"I",  "c":"NETWORK",  "id":22944,   "ctx":"conn45","msg":"Connection ended","attr":{"remote":"127.0.0.1:57120","connectionId":45,"connectionCount":17}}
{"t":{"$date":"2020-11-20T13:13:14.211+08:00"},"s":"I",  "c":"NETWORK",  "id":22944,   "ctx":"conn46","msg":"Connection ended","attr":{"remote":"127.0.0.1:57121","connectionId":46,"connectionCount":16}}
{"t":{"$date":"2020-11-20T13:35:22.212+08:00"},"s":"I",  "c":"CONNPOOL", "id":22576,   "ctx":"MirrorMaestro","msg":"Connecting","attr":{"hostAndPort":"MuGuiLin:28019"}}
{"t":{"$date":"2020-11-20T13:45:22.212+08:00"},"s":"I",  "c":"CONNPOOL", "id":22572,   "ctx":"MirrorMaestro","msg":"Dropping all pooled connections","attr":{"hostAndPort":"MuGuiLin:28019","error":"ShutdownInProgress: Pool for MuGuiLin:28019 has expired."}}
{"t":{"$date":"2020-11-20T14:58:29.304+08:00"},"s":"I",  "c":"NETWORK",  "id":22944,   "ctx":"conn48","msg":"Connection ended","attr":{"remote":"127.0.0.1:57125","connectionId":48,"connectionCount":15}}
{"t":{"$date":"2020-11-20T14:58:30.275+08:00"},"s":"W",  "c":"NETWORK",  "id":4615610, "ctx":"conn36","msg":"Failed to check socket connectivity","attr":{"error":"操作成功完成。"}}
{"t":{"$date":"2020-11-20T14:58:30.275+08:00"},"s":"I",  "c":"-",        "id":20883,   "ctx":"conn36","msg":"Interrupted operation as its client disconnected","attr":{"opId":251307}}
{"t":{"$date":"2020-11-20T14:58:30.275+08:00"},"s":"I",  "c":"NETWORK",  "id":22989,   "ctx":"conn36","msg":"Error sending response to client. Ending connection from remote","attr":{"error":{"code":6,"codeName":"HostUnreachable","errmsg":"Connection reset by peer"},"remote":"127.0.0.1:57106","connectionId":36}}
{"t":{"$date":"2020-11-20T14:58:30.275+08:00"},"s":"I",  "c":"NETWORK",  "id":22944,   "ctx":"conn36","msg":"Connection ended","attr":{"remote":"127.0.0.1:57106","connectionId":36,"connectionCount":14}}
{"t":{"$date":"2020-11-20T16:14:28.425+08:00"},"s":"I",  "c":"NETWORK",  "id":22944,   "ctx":"conn1","msg":"Connection ended","attr":{"remote":"127.0.0.1:52997","connectionId":1,"connectionCount":13}}
{"t":{"$date":"2020-11-20T16:14:54.305+08:00"},"s":"I",  "c":"NETWORK",  "id":22943,   "ctx":"listener","msg":"Connection accepted","attr":{"remote":"127.0.0.1:54320","connectionId":50,"connectionCount":14}}
{"t":{"$date":"2020-11-20T16:14:54.305+08:00"},"s":"I",  "c":"NETWORK",  "id":51800,   "ctx":"conn50","msg":"client metadata","attr":{"remote":"127.0.0.1:54320","client":"conn50","doc":{"application":{"name":"MongoDB Shell"},"driver":{"name":"MongoDB Internal Client","version":"4.4.1"},"os":{"type":"Windows","name":"Microsoft Windows 10","architecture":"x86_64","version":"10.0 (build 19041)"}}}}
{"t":{"$date":"2020-11-20T17:00:22.226+08:00"},"s":"I",  "c":"CONNPOOL", "id":22576,   "ctx":"MirrorMaestro","msg":"Connecting","attr":{"hostAndPort":"MuGuiLin:28018"}}
{"t":{"$date":"2020-11-20T17:05:22.227+08:00"},"s":"I",  "c":"CONNPOOL", "id":22572,   "ctx":"MirrorMaestro","msg":"Dropping all pooled connections","attr":{"hostAndPort":"MuGuiLin:28018","error":"ShutdownInProgress: Pool for MuGuiLin:28018 has expired."}}
{"t":{"$date":"2020-11-20T17:26:10.028+08:00"},"s":"I",  "c":"NETWORK",  "id":22944,   "ctx":"conn26","msg":"Connection ended","attr":{"remote":"127.0.0.1:53257","connectionId":26,"connectionCount":13}}
{"t":{"$date":"2020-11-20T17:26:16.047+08:00"},"s":"I",  "c":"-",        "id":20883,   "ctx":"conn18","msg":"Interrupted operation as its client disconnected","attr":{"opId":400709}}
{"t":{"$date":"2020-11-20T17:26:16.050+08:00"},"s":"W",  "c":"QUERY",    "id":20478,   "ctx":"conn18","msg":"getMore command executor error","attr":{"state":"FAILURE","error":{"code":279,"codeName":"ClientDisconnect","errmsg":"operation was interrupted because a client disconnected"},"stats":{"stage":"COLLSCAN","nReturned":2141,"executionTimeMillisEstimate":17,"works":40993,"advanced":2141,"needTime":19426,"needYield":0,"saveState":19426,"restoreState":19425,"isEOF":0,"direction":"forward","minTs":{"$timestamp":{"t":1605843228,"i":1}},"docsExamined":2141}}}
{"t":{"$date":"2020-11-20T17:26:16.050+08:00"},"s":"I",  "c":"NETWORK",  "id":22944,   "ctx":"conn18","msg":"Connection ended","attr":{"remote":"192.168.56.1:53171","connectionId":18,"connectionCount":12}}
{"t":{"$date":"2020-11-20T17:26:16.057+08:00"},"s":"I",  "c":"NETWORK",  "id":22944,   "ctx":"conn7","msg":"Connection ended","attr":{"remote":"192.168.56.1:53146","connectionId":7,"connectionCount":11}}
{"t":{"$date":"2020-11-20T17:26:16.057+08:00"},"s":"I",  "c":"NETWORK",  "id":22944,   "ctx":"conn4","msg":"Connection ended","attr":{"remote":"192.168.56.1:53140","connectionId":4,"connectionCount":10}}
{"t":{"$date":"2020-11-20T17:26:16.058+08:00"},"s":"I",  "c":"NETWORK",  "id":22944,   "ctx":"conn30","msg":"Connection ended","attr":{"remote":"192.168.56.1:53268","connectionId":30,"connectionCount":9}}
{"t":{"$date":"2020-11-20T17:26:16.270+08:00"},"s":"I",  "c":"NETWORK",  "id":22944,   "ctx":"conn28","msg":"Connection ended","attr":{"remote":"192.168.56.1:53267","connectionId":28,"connectionCount":8}}
{"t":{"$date":"2020-11-20T17:26:16.270+08:00"},"s":"I",  "c":"NETWORK",  "id":22944,   "ctx":"conn29","msg":"Connection ended","attr":{"remote":"192.168.56.1:53266","connectionId":29,"connectionCount":7}}
{"t":{"$date":"2020-11-20T17:26:16.988+08:00"},"s":"I",  "c":"-",        "id":20883,   "ctx":"conn27","msg":"Interrupted operation as its client disconnected","attr":{"opId":400671}}
{"t":{"$date":"2020-11-20T17:26:16.988+08:00"},"s":"I",  "c":"NETWORK",  "id":22944,   "ctx":"conn27","msg":"Connection ended","attr":{"remote":"192.168.56.1:53263","connectionId":27,"connectionCount":6}}
{"t":{"$date":"2020-11-20T17:26:17.063+08:00"},"s":"I",  "c":"NETWORK",  "id":22943,   "ctx":"listener","msg":"Connection accepted","attr":{"remote":"192.168.56.1:59894","connectionId":52,"connectionCount":7}}
{"t":{"$date":"2020-11-20T17:26:17.064+08:00"},"s":"I",  "c":"NETWORK",  "id":51800,   "ctx":"conn52","msg":"client metadata","attr":{"remote":"192.168.56.1:59894","client":"conn52","doc":{"driver":{"name":"NetworkInterfaceTL","version":"4.4.1"},"os":{"type":"Windows","name":"Microsoft Windows 10","architecture":"x86_64","version":"10.0 (build 19041)"}}}}
{"t":{"$date":"2020-11-20T17:26:17.064+08:00"},"s":"I",  "c":"CONNPOOL", "id":22576,   "ctx":"MirrorMaestro","msg":"Connecting","attr":{"hostAndPort":"MuGuiLin:28019"}}
{"t":{"$date":"2020-11-20T17:26:17.065+08:00"},"s":"I",  "c":"NETWORK",  "id":22943,   "ctx":"listener","msg":"Connection accepted","attr":{"remote":"192.168.56.1:59896","connectionId":54,"connectionCount":8}}
{"t":{"$date":"2020-11-20T17:26:17.065+08:00"},"s":"I",  "c":"NETWORK",  "id":51800,   "ctx":"conn54","msg":"client metadata","attr":{"remote":"192.168.56.1:59896","client":"conn54","doc":{"application":{"name":"OplogFetcher"},"driver":{"name":"MongoDB Internal Client","version":"4.4.1"},"os":{"type":"Windows","name":"Microsoft Windows 10","architecture":"x86_64","version":"10.0 (build 19041)"}}}}
{"t":{"$date":"2020-11-20T17:26:17.065+08:00"},"s":"I",  "c":"CONNPOOL", "id":22576,   "ctx":"MirrorMaestro","msg":"Connecting","attr":{"hostAndPort":"MuGuiLin:28018"}}
{"t":{"$date":"2020-11-20T17:26:17.507+08:00"},"s":"W",  "c":"NETWORK",  "id":4615610, "ctx":"ReplCoord-3","msg":"Failed to check socket connectivity","attr":{"error":"操作成功完成。"}}
{"t":{"$date":"2020-11-20T17:26:17.507+08:00"},"s":"I",  "c":"CONNPOOL", "id":22561,   "ctx":"ReplCoord-3","msg":"Dropping unhealthy pooled connection","attr":{"hostAndPort":"MuGuiLin:28018"}}
{"t":{"$date":"2020-11-20T17:26:19.524+08:00"},"s":"I",  "c":"CONNPOOL", "id":22576,   "ctx":"ReplNetwork","msg":"Connecting","attr":{"hostAndPort":"MuGuiLin:28018"}}
{"t":{"$date":"2020-11-20T17:26:21.542+08:00"},"s":"I",  "c":"CONNPOOL", "id":22576,   "ctx":"ReplNetwork","msg":"Connecting","attr":{"hostAndPort":"MuGuiLin:28018"}}
{"t":{"$date":"2020-11-20T17:26:23.066+08:00"},"s":"I",  "c":"CONNPOOL", "id":22576,   "ctx":"MirrorMaestro","msg":"Connecting","attr":{"hostAndPort":"MuGuiLin:28018"}}
{"t":{"$date":"2020-11-20T17:26:23.560+08:00"},"s":"I",  "c":"REPL_HB",  "id":23974,   "ctx":"ReplCoord-3","msg":"Heartbeat failed after max retries","attr":{"target":"MuGuiLin:28018","maxHeartbeatRetries":2,"error":{"code":6,"codeName":"HostUnreachable","errmsg":"Error connecting to MuGuiLin:28018 (192.168.56.1:28018) :: caused by :: \ufffd\ufffd\ufffd\ufffdĿ\ufffd\ufffd\ufffd\ufffd\ufffd\ufffd\ufffd\ufffd\ufffd\ufffd\ufffd\ufffd\ufffdܾ\ufffd\ufffd\ufffd\ufffd޷\ufffd\ufffdӡ\ufffd"}}}
{"t":{"$date":"2020-11-20T17:26:23.560+08:00"},"s":"I",  "c":"REPL",     "id":21216,   "ctx":"ReplCoord-3","msg":"Member is now in state RS_DOWN","attr":{"hostAndPort":"MuGuiLin:28018","heartbeatMessage":"Error connecting to MuGuiLin:28018 (192.168.56.1:28018) :: caused by :: \ufffd\ufffd\ufffd\ufffdĿ\ufffd\ufffd\ufffd\ufffd\ufffd\ufffd\ufffd\ufffd\ufffd\ufffd\ufffd\ufffd\ufffdܾ\ufffd\ufffd\ufffd\ufffd޷\ufffd\ufffdӡ\ufffd"}}
{"t":{"$date":"2020-11-20T17:26:24.713+08:00"},"s":"I",  "c":"NETWORK",  "id":22944,   "ctx":"conn50","msg":"Connection ended","attr":{"remote":"127.0.0.1:54320","connectionId":50,"connectionCount":7}}
{"t":{"$date":"2020-11-20T17:26:25.812+08:00"},"s":"I",  "c":"CONNPOOL", "id":22576,   "ctx":"ReplNetwork","msg":"Connecting","attr":{"hostAndPort":"MuGuiLin:28018"}}
{"t":{"$date":"2020-11-20T17:26:27.830+08:00"},"s":"I",  "c":"CONNPOOL", "id":22576,   "ctx":"ReplNetwork","msg":"Connecting","attr":{"hostAndPort":"MuGuiLin:28018"}}
{"t":{"$date":"2020-11-20T17:26:29.067+08:00"},"s":"I",  "c":"CONNPOOL", "id":22576,   "ctx":"MirrorMaestro","msg":"Connecting","attr":{"hostAndPort":"MuGuiLin:28018"}}
{"t":{"$date":"2020-11-20T17:26:29.845+08:00"},"s":"I",  "c":"REPL_HB",  "id":23974,   "ctx":"ReplCoord-1","msg":"Heartbeat failed after max retries","attr":{"target":"MuGuiLin:28018","maxHeartbeatRetries":2,"error":{"code":6,"codeName":"HostUnreachable","errmsg":"Error connecting to MuGuiLin:28018 (192.168.56.1:28018) :: caused by :: \ufffd\ufffd\ufffd\ufffdĿ\ufffd\ufffd\ufffd\ufffd\ufffd\ufffd\ufffd\ufffd\ufffd\ufffd\ufffd\ufffd\ufffdܾ\ufffd\ufffd\ufffd\ufffd޷\ufffd\ufffdӡ\ufffd"}}}
{"t":{"$date":"2020-11-20T17:26:30.785+08:00"},"s":"I",  "c":"CONNPOOL", "id":22576,   "ctx":"ReplNetwork","msg":"Connecting","attr":{"hostAndPort":"MuGuiLin:28018"}}
{"t":{"$date":"2020-11-20T17:26:32.066+08:00"},"s":"I",  "c":"CONNPOOL", "id":22576,   "ctx":"MirrorMaestro","msg":"Connecting","attr":{"hostAndPort":"MuGuiLin:28018"}}
{"t":{"$date":"2020-11-20T17:26:34.825+08:00"},"s":"I",  "c":"CONNPOOL", "id":22576,   "ctx":"ReplNetwork","msg":"Connecting","attr":{"hostAndPort":"MuGuiLin:28018"}}
{"t":{"$date":"2020-11-20T17:26:36.843+08:00"},"s":"I",  "c":"REPL_HB",  "id":23974,   "ctx":"ReplCoord-3","msg":"Heartbeat failed after max retries","attr":{"target":"MuGuiLin:28018","maxHeartbeatRetries":2,"error":{"code":6,"codeName":"HostUnreachable","errmsg":"Error connecting to MuGuiLin:28018 (192.168.56.1:28018) :: caused by :: \ufffd\ufffd\ufffd\ufffdĿ\ufffd\ufffd\ufffd\ufffd\ufffd\ufffd\ufffd\ufffd\ufffd\ufffd\ufffd\ufffd\ufffdܾ\ufffd\ufffd\ufffd\ufffd޷\ufffd\ufffdӡ\ufffd"}}}
{"t":{"$date":"2020-11-20T17:26:37.785+08:00"},"s":"I",  "c":"CONNPOOL", "id":22576,   "ctx":"ReplNetwork","msg":"Connecting","attr":{"hostAndPort":"MuGuiLin:28018"}}
{"t":{"$date":"2020-11-20T17:26:39.810+08:00"},"s":"I",  "c":"CONNPOOL", "id":22576,   "ctx":"ReplNetwork","msg":"Connecting","attr":{"hostAndPort":"MuGuiLin:28018"}}
{"t":{"$date":"2020-11-20T17:26:41.066+08:00"},"s":"I",  "c":"CONNPOOL", "id":22576,   "ctx":"MirrorMaestro","msg":"Connecting","attr":{"hostAndPort":"MuGuiLin:28018"}}
{"t":{"$date":"2020-11-20T17:26:41.087+08:00"},"s":"I",  "c":"-",        "id":20883,   "ctx":"conn54","msg":"Interrupted operation as its client disconnected","attr":{"opId":401124}}
{"t":{"$date":"2020-11-20T17:26:41.087+08:00"},"s":"W",  "c":"QUERY",    "id":20478,   "ctx":"conn54","msg":"getMore command executor error","attr":{"state":"FAILURE","error":{"code":279,"codeName":"ClientDisconnect","errmsg":"operation was interrupted because a client disconnected"},"stats":{"stage":"COLLSCAN","nReturned":4,"executionTimeMillisEstimate":0,"works":52,"advanced":4,"needTime":24,"needYield":0,"saveState":24,"restoreState":23,"isEOF":0,"direction":"forward","minTs":{"$timestamp":{"t":1605864366,"i":1}},"docsExamined":4}}}
{"t":{"$date":"2020-11-20T17:26:41.087+08:00"},"s":"I",  "c":"NETWORK",  "id":22944,   "ctx":"conn54","msg":"Connection ended","attr":{"remote":"192.168.56.1:59896","connectionId":54,"connectionCount":6}}
{"t":{"$date":"2020-11-20T17:26:41.088+08:00"},"s":"I",  "c":"NETWORK",  "id":22944,   "ctx":"conn52","msg":"Connection ended","attr":{"remote":"192.168.56.1:59894","connectionId":52,"connectionCount":5}}
{"t":{"$date":"2020-11-20T17:26:41.088+08:00"},"s":"I",  "c":"NETWORK",  "id":22944,   "ctx":"conn16","msg":"Connection ended","attr":{"remote":"192.168.56.1:53165","connectionId":16,"connectionCount":4}}
{"t":{"$date":"2020-11-20T17:26:41.091+08:00"},"s":"I",  "c":"NETWORK",  "id":22944,   "ctx":"conn34","msg":"Connection ended","attr":{"remote":"192.168.56.1:53293","connectionId":34,"connectionCount":3}}
{"t":{"$date":"2020-11-20T17:26:41.201+08:00"},"s":"I",  "c":"-",        "id":20883,   "ctx":"conn31","msg":"Interrupted operation as its client disconnected","attr":{"opId":401104}}
{"t":{"$date":"2020-11-20T17:26:41.202+08:00"},"s":"I",  "c":"NETWORK",  "id":22944,   "ctx":"conn31","msg":"Connection ended","attr":{"remote":"192.168.56.1:53288","connectionId":31,"connectionCount":2}}
{"t":{"$date":"2020-11-20T17:26:41.303+08:00"},"s":"I",  "c":"NETWORK",  "id":22944,   "ctx":"conn33","msg":"Connection ended","attr":{"remote":"192.168.56.1:53292","connectionId":33,"connectionCount":1}}
{"t":{"$date":"2020-11-20T17:26:41.303+08:00"},"s":"I",  "c":"NETWORK",  "id":22944,   "ctx":"conn32","msg":"Connection ended","attr":{"remote":"192.168.56.1:53291","connectionId":32,"connectionCount":0}}
{"t":{"$date":"2020-11-20T17:26:41.512+08:00"},"s":"W",  "c":"NETWORK",  "id":4615610, "ctx":"ReplCoord-3","msg":"Failed to check socket connectivity","attr":{"error":"操作成功完成。"}}
{"t":{"$date":"2020-11-20T17:26:41.512+08:00"},"s":"I",  "c":"CONNPOOL", "id":22561,   "ctx":"ReplCoord-3","msg":"Dropping unhealthy pooled connection","attr":{"hostAndPort":"MuGuiLin:28019"}}
{"t":{"$date":"2020-11-20T17:26:41.513+08:00"},"s":"I",  "c":"CONNPOOL", "id":22576,   "ctx":"ReplNetwork","msg":"Connecting","attr":{"hostAndPort":"MuGuiLin:28019"}}
{"t":{"$date":"2020-11-20T17:26:43.530+08:00"},"s":"I",  "c":"CONNPOOL", "id":22576,   "ctx":"ReplNetwork","msg":"Connecting","attr":{"hostAndPort":"MuGuiLin:28019"}}
{"t":{"$date":"2020-11-20T17:26:43.843+08:00"},"s":"I",  "c":"REPL_HB",  "id":23974,   "ctx":"ReplCoord-1","msg":"Heartbeat failed after max retries","attr":{"target":"MuGuiLin:28018","maxHeartbeatRetries":2,"error":{"code":6,"codeName":"HostUnreachable","errmsg":"Error connecting to MuGuiLin:28018 (192.168.56.1:28018) :: caused by :: \ufffd\ufffd\ufffd\ufffdĿ\ufffd\ufffd\ufffd\ufffd\ufffd\ufffd\ufffd\ufffd\ufffd\ufffd\ufffd\ufffd\ufffdܾ\ufffd\ufffd\ufffd\ufffd޷\ufffd\ufffdӡ\ufffd"}}}
{"t":{"$date":"2020-11-20T17:26:44.066+08:00"},"s":"I",  "c":"CONNPOOL", "id":22576,   "ctx":"MirrorMaestro","msg":"Connecting","attr":{"hostAndPort":"MuGuiLin:28018"}}
{"t":{"$date":"2020-11-20T17:26:45.545+08:00"},"s":"I",  "c":"CONNPOOL", "id":22576,   "ctx":"ReplNetwork","msg":"Connecting","attr":{"hostAndPort":"MuGuiLin:28019"}}
{"t":{"$date":"2020-11-20T17:26:46.822+08:00"},"s":"I",  "c":"CONNPOOL", "id":22576,   "ctx":"ReplNetwork","msg":"Connecting","attr":{"hostAndPort":"MuGuiLin:28018"}}
{"t":{"$date":"2020-11-20T17:26:47.564+08:00"},"s":"I",  "c":"REPL_HB",  "id":23974,   "ctx":"ReplCoord-3","msg":"Heartbeat failed after max retries","attr":{"target":"MuGuiLin:28019","maxHeartbeatRetries":2,"error":{"code":6,"codeName":"HostUnreachable","errmsg":"Error connecting to MuGuiLin:28019 (192.168.56.1:28019) :: caused by :: \ufffd\ufffd\ufffd\ufffdĿ\ufffd\ufffd\ufffd\ufffd\ufffd\ufffd\ufffd\ufffd\ufffd\ufffd\ufffd\ufffd\ufffdܾ\ufffd\ufffd\ufffd\ufffd޷\ufffd\ufffdӡ\ufffd"}}}
{"t":{"$date":"2020-11-20T17:26:47.564+08:00"},"s":"I",  "c":"REPL",     "id":21216,   "ctx":"ReplCoord-3","msg":"Member is now in state RS_DOWN","attr":{"hostAndPort":"MuGuiLin:28019","heartbeatMessage":"Error connecting to MuGuiLin:28019 (192.168.56.1:28019) :: caused by :: \ufffd\ufffd\ufffd\ufffdĿ\ufffd\ufffd\ufffd\ufffd\ufffd\ufffd\ufffd\ufffd\ufffd\ufffd\ufffd\ufffd\ufffdܾ\ufffd\ufffd\ufffd\ufffd޷\ufffd\ufffdӡ\ufffd"}}
{"t":{"$date":"2020-11-20T17:26:48.546+08:00"},"s":"I",  "c":"CONNPOOL", "id":22576,   "ctx":"ReplNetwork","msg":"Connecting","attr":{"hostAndPort":"MuGuiLin:28019"}}
{"t":{"$date":"2020-11-20T17:26:48.844+08:00"},"s":"I",  "c":"CONNPOOL", "id":22576,   "ctx":"ReplNetwork","msg":"Connecting","attr":{"hostAndPort":"MuGuiLin:28018"}}
{"t":{"$date":"2020-11-20T17:26:49.566+08:00"},"s":"I",  "c":"REPL",     "id":21809,   "ctx":"ReplCoord-3","msg":"Can't see a majority of the set, relinquishing primary"}
{"t":{"$date":"2020-11-20T17:26:49.566+08:00"},"s":"I",  "c":"REPL",     "id":21475,   "ctx":"ReplCoord-3","msg":"Stepping down from primary in response to heartbeat"}
{"t":{"$date":"2020-11-20T17:26:49.566+08:00"},"s":"I",  "c":"REPL",     "id":21343,   "ctx":"RstlKillOpThread","msg":"Starting to kill user operations"}
{"t":{"$date":"2020-11-20T17:26:49.566+08:00"},"s":"I",  "c":"REPL",     "id":21344,   "ctx":"RstlKillOpThread","msg":"Stopped killing user operations"}
{"t":{"$date":"2020-11-20T17:26:49.566+08:00"},"s":"I",  "c":"REPL",     "id":21340,   "ctx":"RstlKillOpThread","msg":"State transition ops metrics","attr":{"metrics":{"lastStateTransition":"stepDown","userOpsKilled":0,"userOpsRunning":0}}}
{"t":{"$date":"2020-11-20T17:26:49.566+08:00"},"s":"I",  "c":"REPL",     "id":21358,   "ctx":"ReplCoord-3","msg":"Replica set state transition","attr":{"newState":"SECONDARY","oldState":"PRIMARY"}}
{"t":{"$date":"2020-11-20T17:26:50.066+08:00"},"s":"I",  "c":"CONNPOOL", "id":22576,   "ctx":"MirrorMaestro","msg":"Connecting","attr":{"hostAndPort":"MuGuiLin:28018"}}
{"t":{"$date":"2020-11-20T17:26:50.582+08:00"},"s":"I",  "c":"CONNPOOL", "id":22576,   "ctx":"ReplNetwork","msg":"Connecting","attr":{"hostAndPort":"MuGuiLin:28019"}}
{"t":{"$date":"2020-11-20T17:26:50.866+08:00"},"s":"I",  "c":"REPL_HB",  "id":23974,   "ctx":"ReplCoord-1","msg":"Heartbeat failed after max retries","attr":{"target":"MuGuiLin:28018","maxHeartbeatRetries":2,"error":{"code":6,"codeName":"HostUnreachable","errmsg":"Error connecting to MuGuiLin:28018 (192.168.56.1:28018) :: caused by :: \ufffd\ufffd\ufffd\ufffdĿ\ufffd\ufffd\ufffd\ufffd\ufffd\ufffd\ufffd\ufffd\ufffd\ufffd\ufffd\ufffd\ufffdܾ\ufffd\ufffd\ufffd\ufffd޷\ufffd\ufffdӡ\ufffd"}}}
{"t":{"$date":"2020-11-20T17:26:51.366+08:00"},"s":"I",  "c":"CONNPOOL", "id":22576,   "ctx":"ReplNetwork","msg":"Connecting","attr":{"hostAndPort":"MuGuiLin:28018"}}
{"t":{"$date":"2020-11-20T17:26:52.601+08:00"},"s":"I",  "c":"CONNPOOL", "id":22576,   "ctx":"ReplNetwork","msg":"Connecting","attr":{"hostAndPort":"MuGuiLin:28019"}}
{"t":{"$date":"2020-11-20T17:26:52.863+08:00"},"s":"I",  "c":"CONTROL",  "id":23372,   "ctx":"thread40","msg":"Ctrl-C signal"}
{"t":{"$date":"2020-11-20T17:26:52.863+08:00"},"s":"I",  "c":"CONTROL",  "id":23371,   "ctx":"consoleTerminate","msg":"Received event, will terminate after current command ends","attr":{"controlCode":"CTRL_C_EVENT"}}
{"t":{"$date":"2020-11-20T17:26:52.863+08:00"},"s":"I",  "c":"REPL",     "id":4784900, "ctx":"consoleTerminate","msg":"Stepping down the ReplicationCoordinator for shutdown","attr":{"waitTimeMillis":10000}}
{"t":{"$date":"2020-11-20T17:26:52.863+08:00"},"s":"I",  "c":"COMMAND",  "id":4784901, "ctx":"consoleTerminate","msg":"Shutting down the MirrorMaestro"}
{"t":{"$date":"2020-11-20T17:26:52.863+08:00"},"s":"I",  "c":"REPL",     "id":40441,   "ctx":"consoleTerminate","msg":"Stopping TopologyVersionObserver"}
{"t":{"$date":"2020-11-20T17:26:52.863+08:00"},"s":"I",  "c":"REPL",     "id":40447,   "ctx":"TopologyVersionObserver","msg":"Stopped TopologyVersionObserver"}
{"t":{"$date":"2020-11-20T17:26:52.863+08:00"},"s":"I",  "c":"SHARDING", "id":4784902, "ctx":"consoleTerminate","msg":"Shutting down the WaitForMajorityService"}
{"t":{"$date":"2020-11-20T17:26:52.863+08:00"},"s":"I",  "c":"CONTROL",  "id":4784903, "ctx":"consoleTerminate","msg":"Shutting down the LogicalSessionCache"}
{"t":{"$date":"2020-11-20T17:26:52.864+08:00"},"s":"I",  "c":"NETWORK",  "id":20562,   "ctx":"consoleTerminate","msg":"Shutdown: going to close listening sockets"}
{"t":{"$date":"2020-11-20T17:26:52.864+08:00"},"s":"I",  "c":"NETWORK",  "id":4784905, "ctx":"consoleTerminate","msg":"Shutting down the global connection pool"}
{"t":{"$date":"2020-11-20T17:26:52.864+08:00"},"s":"I",  "c":"STORAGE",  "id":4784906, "ctx":"consoleTerminate","msg":"Shutting down the FlowControlTicketholder"}
{"t":{"$date":"2020-11-20T17:26:52.864+08:00"},"s":"I",  "c":"-",        "id":20520,   "ctx":"consoleTerminate","msg":"Stopping further Flow Control ticket acquisitions."}
{"t":{"$date":"2020-11-20T17:26:52.864+08:00"},"s":"I",  "c":"REPL",     "id":4784907, "ctx":"consoleTerminate","msg":"Shutting down the replica set node executor"}
{"t":{"$date":"2020-11-20T17:26:52.864+08:00"},"s":"I",  "c":"ASIO",     "id":22582,   "ctx":"ReplNodeDbWorkerNetwork","msg":"Killing all outstanding egress activity."}
{"t":{"$date":"2020-11-20T17:26:52.864+08:00"},"s":"I",  "c":"STORAGE",  "id":4784908, "ctx":"consoleTerminate","msg":"Shutting down the PeriodicThreadToAbortExpiredTransactions"}
{"t":{"$date":"2020-11-20T17:26:52.864+08:00"},"s":"I",  "c":"STORAGE",  "id":4784934, "ctx":"consoleTerminate","msg":"Shutting down the PeriodicThreadToDecreaseSnapshotHistoryCachePressure"}
{"t":{"$date":"2020-11-20T17:26:52.864+08:00"},"s":"I",  "c":"REPL",     "id":4784909, "ctx":"consoleTerminate","msg":"Shutting down the ReplicationCoordinator"}
{"t":{"$date":"2020-11-20T17:26:52.864+08:00"},"s":"I",  "c":"REPL",     "id":21328,   "ctx":"consoleTerminate","msg":"Shutting down replication subsystems"}
{"t":{"$date":"2020-11-20T17:26:52.864+08:00"},"s":"I",  "c":"REPL",     "id":21302,   "ctx":"consoleTerminate","msg":"Stopping replication reporter thread"}
{"t":{"$date":"2020-11-20T17:26:52.864+08:00"},"s":"I",  "c":"REPL",     "id":21303,   "ctx":"consoleTerminate","msg":"Stopping replication fetcher thread"}
{"t":{"$date":"2020-11-20T17:26:52.864+08:00"},"s":"I",  "c":"REPL",     "id":21304,   "ctx":"consoleTerminate","msg":"Stopping replication applier thread"}
{"t":{"$date":"2020-11-20T17:26:52.935+08:00"},"s":"I",  "c":"REPL",     "id":21225,   "ctx":"OplogApplier-0","msg":"Finished oplog application"}
{"t":{"$date":"2020-11-20T17:26:53.066+08:00"},"s":"I",  "c":"CONNPOOL", "id":22576,   "ctx":"MirrorMaestro","msg":"Connecting","attr":{"hostAndPort":"MuGuiLin:28018"}}
{"t":{"$date":"2020-11-20T17:26:53.569+08:00"},"s":"I",  "c":"REPL",     "id":21107,   "ctx":"BackgroundSync","msg":"Stopping replication producer"}
{"t":{"$date":"2020-11-20T17:26:53.569+08:00"},"s":"I",  "c":"REPL",     "id":21307,   "ctx":"consoleTerminate","msg":"Stopping replication storage threads"}
{"t":{"$date":"2020-11-20T17:26:53.569+08:00"},"s":"I",  "c":"ASIO",     "id":22582,   "ctx":"OplogApplierNetwork","msg":"Killing all outstanding egress activity."}
{"t":{"$date":"2020-11-20T17:26:53.570+08:00"},"s":"I",  "c":"ASIO",     "id":22582,   "ctx":"ReplCoordExternNetwork","msg":"Killing all outstanding egress activity."}
{"t":{"$date":"2020-11-20T17:26:53.570+08:00"},"s":"I",  "c":"ASIO",     "id":22582,   "ctx":"ReplNetwork","msg":"Killing all outstanding egress activity."}
{"t":{"$date":"2020-11-20T17:26:53.570+08:00"},"s":"I",  "c":"CONNPOOL", "id":22572,   "ctx":"ReplNetwork","msg":"Dropping all pooled connections","attr":{"hostAndPort":"MuGuiLin:28018","error":"ShutdownInProgress: Shutting down the connection pool"}}
{"t":{"$date":"2020-11-20T17:26:53.570+08:00"},"s":"I",  "c":"CONNPOOL", "id":22572,   "ctx":"ReplNetwork","msg":"Dropping all pooled connections","attr":{"hostAndPort":"MuGuiLin:28019","error":"ShutdownInProgress: Shutting down the connection pool"}}
{"t":{"$date":"2020-11-20T17:26:53.570+08:00"},"s":"I",  "c":"SHARDING", "id":4784910, "ctx":"consoleTerminate","msg":"Shutting down the ShardingInitializationMongoD"}
{"t":{"$date":"2020-11-20T17:26:53.570+08:00"},"s":"I",  "c":"REPL",     "id":4784911, "ctx":"consoleTerminate","msg":"Enqueuing the ReplicationStateTransitionLock for shutdown"}
{"t":{"$date":"2020-11-20T17:26:53.570+08:00"},"s":"I",  "c":"-",        "id":4784912, "ctx":"consoleTerminate","msg":"Killing all operations for shutdown"}
{"t":{"$date":"2020-11-20T17:26:53.570+08:00"},"s":"I",  "c":"-",        "id":4695300, "ctx":"consoleTerminate","msg":"Interrupted all currently running operations","attr":{"opsKilled":5}}
{"t":{"$date":"2020-11-20T17:26:53.570+08:00"},"s":"I",  "c":"COMMAND",  "id":4784913, "ctx":"consoleTerminate","msg":"Shutting down all open transactions"}
{"t":{"$date":"2020-11-20T17:26:53.570+08:00"},"s":"I",  "c":"REPL",     "id":4784914, "ctx":"consoleTerminate","msg":"Acquiring the ReplicationStateTransitionLock for shutdown"}
{"t":{"$date":"2020-11-20T17:26:53.570+08:00"},"s":"I",  "c":"INDEX",    "id":4784915, "ctx":"consoleTerminate","msg":"Shutting down the IndexBuildsCoordinator"}
{"t":{"$date":"2020-11-20T17:26:53.570+08:00"},"s":"I",  "c":"REPL",     "id":4784916, "ctx":"consoleTerminate","msg":"Reacquiring the ReplicationStateTransitionLock for shutdown"}
{"t":{"$date":"2020-11-20T17:26:53.570+08:00"},"s":"I",  "c":"REPL",     "id":4784917, "ctx":"consoleTerminate","msg":"Attempting to mark clean shutdown"}
{"t":{"$date":"2020-11-20T17:26:53.570+08:00"},"s":"I",  "c":"NETWORK",  "id":4784918, "ctx":"consoleTerminate","msg":"Shutting down the ReplicaSetMonitor"}
{"t":{"$date":"2020-11-20T17:26:53.570+08:00"},"s":"I",  "c":"REPL",     "id":4784920, "ctx":"consoleTerminate","msg":"Shutting down the LogicalTimeValidator"}
{"t":{"$date":"2020-11-20T17:26:53.570+08:00"},"s":"I",  "c":"SHARDING", "id":4784921, "ctx":"consoleTerminate","msg":"Shutting down the MigrationUtilExecutor"}
{"t":{"$date":"2020-11-20T17:26:53.570+08:00"},"s":"I",  "c":"CONTROL",  "id":4784925, "ctx":"consoleTerminate","msg":"Shutting down free monitoring"}
{"t":{"$date":"2020-11-20T17:26:53.570+08:00"},"s":"I",  "c":"CONTROL",  "id":20609,   "ctx":"consoleTerminate","msg":"Shutting down free monitoring"}
{"t":{"$date":"2020-11-20T17:26:53.571+08:00"},"s":"I",  "c":"FTDC",     "id":4784926, "ctx":"consoleTerminate","msg":"Shutting down full-time data capture"}
{"t":{"$date":"2020-11-20T17:26:53.571+08:00"},"s":"I",  "c":"FTDC",     "id":20626,   "ctx":"consoleTerminate","msg":"Shutting down full-time diagnostic data capture"}
{"t":{"$date":"2020-11-20T17:26:53.572+08:00"},"s":"I",  "c":"STORAGE",  "id":4784927, "ctx":"consoleTerminate","msg":"Shutting down the HealthLog"}
{"t":{"$date":"2020-11-20T17:26:53.572+08:00"},"s":"I",  "c":"STORAGE",  "id":4784929, "ctx":"consoleTerminate","msg":"Acquiring the global lock for shutdown"}
{"t":{"$date":"2020-11-20T17:26:53.572+08:00"},"s":"I",  "c":"STORAGE",  "id":4784930, "ctx":"consoleTerminate","msg":"Shutting down the storage engine"}
{"t":{"$date":"2020-11-20T17:26:53.572+08:00"},"s":"I",  "c":"STORAGE",  "id":20282,   "ctx":"consoleTerminate","msg":"Deregistering all the collections"}
{"t":{"$date":"2020-11-20T17:26:53.572+08:00"},"s":"I",  "c":"STORAGE",  "id":22372,   "ctx":"OplogVisibilityThread","msg":"Oplog visibility thread shutting down."}
{"t":{"$date":"2020-11-20T17:26:53.572+08:00"},"s":"I",  "c":"STORAGE",  "id":22261,   "ctx":"consoleTerminate","msg":"Timestamp monitor shutting down"}
{"t":{"$date":"2020-11-20T17:26:53.572+08:00"},"s":"I",  "c":"STORAGE",  "id":22317,   "ctx":"consoleTerminate","msg":"WiredTigerKVEngine shutting down"}
{"t":{"$date":"2020-11-20T17:26:53.584+08:00"},"s":"I",  "c":"STORAGE",  "id":22318,   "ctx":"consoleTerminate","msg":"Shutting down session sweeper thread"}
{"t":{"$date":"2020-11-20T17:26:53.584+08:00"},"s":"I",  "c":"STORAGE",  "id":22319,   "ctx":"consoleTerminate","msg":"Finished shutting down session sweeper thread"}
{"t":{"$date":"2020-11-20T17:26:53.584+08:00"},"s":"I",  "c":"STORAGE",  "id":22320,   "ctx":"consoleTerminate","msg":"Shutting down journal flusher thread"}
{"t":{"$date":"2020-11-20T17:26:53.584+08:00"},"s":"I",  "c":"STORAGE",  "id":22321,   "ctx":"consoleTerminate","msg":"Finished shutting down journal flusher thread"}
{"t":{"$date":"2020-11-20T17:26:53.584+08:00"},"s":"I",  "c":"STORAGE",  "id":22322,   "ctx":"consoleTerminate","msg":"Shutting down checkpoint thread"}
{"t":{"$date":"2020-11-20T17:26:53.584+08:00"},"s":"I",  "c":"STORAGE",  "id":22323,   "ctx":"consoleTerminate","msg":"Finished shutting down checkpoint thread"}
{"t":{"$date":"2020-11-20T17:26:53.584+08:00"},"s":"I",  "c":"STORAGE",  "id":4795902, "ctx":"consoleTerminate","msg":"Closing WiredTiger","attr":{"closeConfig":"leak_memory=true,"}}
{"t":{"$date":"2020-11-20T17:26:53.742+08:00"},"s":"I",  "c":"STORAGE",  "id":4795901, "ctx":"consoleTerminate","msg":"WiredTiger closed","attr":{"durationMillis":158}}
{"t":{"$date":"2020-11-20T17:26:53.742+08:00"},"s":"I",  "c":"STORAGE",  "id":22281,   "ctx":"consoleTerminate","msg":"shutdown: removing fs lock..."}
{"t":{"$date":"2020-11-20T17:26:53.742+08:00"},"s":"I",  "c":"-",        "id":4784931, "ctx":"consoleTerminate","msg":"Dropping the scope cache for shutdown"}
{"t":{"$date":"2020-11-20T17:26:53.742+08:00"},"s":"I",  "c":"CONTROL",  "id":20565,   "ctx":"consoleTerminate","msg":"Now exiting"}
{"t":{"$date":"2020-11-20T17:26:53.742+08:00"},"s":"I",  "c":"CONTROL",  "id":23138,   "ctx":"consoleTerminate","msg":"Shutting down","attr":{"exitCode":12}}
