{"t":{"$date":"2020-11-20T11:26:22.733+08:00"},"s":"I",  "c":"CONTROL",  "id":23285,   "ctx":"main","msg":"Automatically disabling TLS 1.0, to force-enable TLS 1.0 specify --sslDisabledProtocols 'none'"}
{"t":{"$date":"2020-11-20T11:26:22.734+08:00"},"s":"W",  "c":"ASIO",     "id":22601,   "ctx":"main","msg":"No TransportLayer configured during NetworkInterface startup"}
{"t":{"$date":"2020-11-20T11:26:22.734+08:00"},"s":"I",  "c":"NETWORK",  "id":4648602, "ctx":"main","msg":"Implicit TCP FastOpen in use."}
{"t":{"$date":"2020-11-20T11:26:22.735+08:00"},"s":"W",  "c":"ASIO",     "id":22601,   "ctx":"main","msg":"No TransportLayer configured during NetworkInterface startup"}
{"t":{"$date":"2020-11-20T11:26:22.735+08:00"},"s":"I",  "c":"STORAGE",  "id":4615611, "ctx":"initandlisten","msg":"MongoDB starting","attr":{"pid":10724,"port":28019,"dbPath":"D:/GitHub/MongoDB/MongoDB/copySet/db3","architecture":"64-bit","host":"MuGuiLin"}}
{"t":{"$date":"2020-11-20T11:26:22.736+08:00"},"s":"I",  "c":"CONTROL",  "id":23398,   "ctx":"initandlisten","msg":"Target operating system minimum version","attr":{"targetMinOS":"Windows 7/Windows Server 2008 R2"}}
{"t":{"$date":"2020-11-20T11:26:22.736+08:00"},"s":"I",  "c":"CONTROL",  "id":23403,   "ctx":"initandlisten","msg":"Build Info","attr":{"buildInfo":{"version":"4.4.1","gitVersion":"ad91a93a5a31e175f5cbf8c69561e788bbc55ce1","modules":[],"allocator":"tcmalloc","environment":{"distmod":"windows","distarch":"x86_64","target_arch":"x86_64"}}}}
{"t":{"$date":"2020-11-20T11:26:22.736+08:00"},"s":"I",  "c":"CONTROL",  "id":51765,   "ctx":"initandlisten","msg":"Operating System","attr":{"os":{"name":"Microsoft Windows 10","version":"10.0 (build 19041)"}}}
{"t":{"$date":"2020-11-20T11:26:22.736+08:00"},"s":"I",  "c":"CONTROL",  "id":21951,   "ctx":"initandlisten","msg":"Options set by command line","attr":{"options":{"config":"D:\\GitHub\\MongoDB\\MongoDB\\copySet\\db3\\mongod.conf","net":{"bindIp":"0.0.0.0","port":28019},"replication":{"replSetName":"rs0"},"storage":{"dbPath":"D:\\GitHub\\MongoDB\\MongoDB\\copySet\\db3"},"systemLog":{"destination":"file","logAppend":true,"path":"D:\\GitHub\\MongoDB\\MongoDB\\copySet\\db3\\mongod.log"}}}}
{"t":{"$date":"2020-11-20T11:26:22.745+08:00"},"s":"I",  "c":"STORAGE",  "id":22315,   "ctx":"initandlisten","msg":"Opening WiredTiger","attr":{"config":"create,cache_size=7611M,session_max=33000,eviction=(threads_min=4,threads_max=4),config_base=false,statistics=(fast),log=(enabled=true,archive=true,path=journal,compressor=snappy),file_manager=(close_idle_time=100000,close_scan_interval=10,close_handle_minimum=250),statistics_log=(wait=0),verbose=[recovery_progress,checkpoint_progress,compact_progress],"}}
{"t":{"$date":"2020-11-20T11:26:22.913+08:00"},"s":"I",  "c":"STORAGE",  "id":22430,   "ctx":"initandlisten","msg":"WiredTiger message","attr":{"message":"[1605842782:913562][10724:140708584314192], txn-recover: [WT_VERB_RECOVERY | WT_VERB_RECOVERY_PROGRESS] Set global recovery timestamp: (0, 0)"}}
{"t":{"$date":"2020-11-20T11:26:22.914+08:00"},"s":"I",  "c":"STORAGE",  "id":22430,   "ctx":"initandlisten","msg":"WiredTiger message","attr":{"message":"[1605842782:913562][10724:140708584314192], txn-recover: [WT_VERB_RECOVERY | WT_VERB_RECOVERY_PROGRESS] Set global oldest timestamp: (0, 0)"}}
{"t":{"$date":"2020-11-20T11:26:22.964+08:00"},"s":"I",  "c":"STORAGE",  "id":4795906, "ctx":"initandlisten","msg":"WiredTiger opened","attr":{"durationMillis":219}}
{"t":{"$date":"2020-11-20T11:26:22.964+08:00"},"s":"I",  "c":"RECOVERY", "id":23987,   "ctx":"initandlisten","msg":"WiredTiger recoveryTimestamp","attr":{"recoveryTimestamp":{"$timestamp":{"t":0,"i":0}}}}
{"t":{"$date":"2020-11-20T11:26:23.097+08:00"},"s":"I",  "c":"STORAGE",  "id":22262,   "ctx":"initandlisten","msg":"Timestamp monitor starting"}
{"t":{"$date":"2020-11-20T11:26:23.137+08:00"},"s":"W",  "c":"CONTROL",  "id":22120,   "ctx":"initandlisten","msg":"Access control is not enabled for the database. Read and write access to data and configuration is unrestricted","tags":["startupWarnings"]}
{"t":{"$date":"2020-11-20T11:26:23.138+08:00"},"s":"I",  "c":"STORAGE",  "id":20536,   "ctx":"initandlisten","msg":"Flow Control is enabled on this deployment"}
{"t":{"$date":"2020-11-20T11:26:23.138+08:00"},"s":"I",  "c":"SHARDING", "id":20997,   "ctx":"initandlisten","msg":"Refreshed RWC defaults","attr":{"newDefaults":{}}}
{"t":{"$date":"2020-11-20T11:26:23.138+08:00"},"s":"I",  "c":"STORAGE",  "id":20320,   "ctx":"initandlisten","msg":"createCollection","attr":{"namespace":"local.startup_log","uuidDisposition":"generated","uuid":{"uuid":{"$uuid":"ccef75d9-fdf2-4d28-bf33-e7a2aaed0356"}},"options":{"capped":true,"size":10485760}}}
{"t":{"$date":"2020-11-20T11:26:23.239+08:00"},"s":"I",  "c":"INDEX",    "id":20345,   "ctx":"initandlisten","msg":"Index build: done building","attr":{"buildUUID":null,"namespace":"local.startup_log","index":"_id_","commitTimestamp":{"$timestamp":{"t":0,"i":0}}}}
{"t":{"$date":"2020-11-20T11:26:23.395+08:00"},"s":"I",  "c":"FTDC",     "id":20625,   "ctx":"initandlisten","msg":"Initializing full-time diagnostic data capture","attr":{"dataDirectory":"D:/GitHub/MongoDB/MongoDB/copySet/db3/diagnostic.data"}}
{"t":{"$date":"2020-11-20T11:26:23.395+08:00"},"s":"I",  "c":"STORAGE",  "id":20320,   "ctx":"initandlisten","msg":"createCollection","attr":{"namespace":"local.replset.oplogTruncateAfterPoint","uuidDisposition":"generated","uuid":{"uuid":{"$uuid":"d324987d-d22a-472e-82f5-2f48e31fa4fe"}},"options":{}}}
{"t":{"$date":"2020-11-20T11:26:23.488+08:00"},"s":"I",  "c":"INDEX",    "id":20345,   "ctx":"initandlisten","msg":"Index build: done building","attr":{"buildUUID":null,"namespace":"local.replset.oplogTruncateAfterPoint","index":"_id_","commitTimestamp":{"$timestamp":{"t":0,"i":0}}}}
{"t":{"$date":"2020-11-20T11:26:23.488+08:00"},"s":"I",  "c":"STORAGE",  "id":20320,   "ctx":"initandlisten","msg":"createCollection","attr":{"namespace":"local.replset.minvalid","uuidDisposition":"generated","uuid":{"uuid":{"$uuid":"a967306d-8c21-4bb5-bed2-44ead084dd03"}},"options":{}}}
{"t":{"$date":"2020-11-20T11:26:23.580+08:00"},"s":"I",  "c":"INDEX",    "id":20345,   "ctx":"initandlisten","msg":"Index build: done building","attr":{"buildUUID":null,"namespace":"local.replset.minvalid","index":"_id_","commitTimestamp":{"$timestamp":{"t":0,"i":0}}}}
{"t":{"$date":"2020-11-20T11:26:23.580+08:00"},"s":"I",  "c":"STORAGE",  "id":20320,   "ctx":"initandlisten","msg":"createCollection","attr":{"namespace":"local.replset.election","uuidDisposition":"generated","uuid":{"uuid":{"$uuid":"71f87b02-592b-4792-bea9-b18c8c2d9201"}},"options":{}}}
{"t":{"$date":"2020-11-20T11:26:23.663+08:00"},"s":"I",  "c":"INDEX",    "id":20345,   "ctx":"initandlisten","msg":"Index build: done building","attr":{"buildUUID":null,"namespace":"local.replset.election","index":"_id_","commitTimestamp":{"$timestamp":{"t":0,"i":0}}}}
{"t":{"$date":"2020-11-20T11:26:23.663+08:00"},"s":"I",  "c":"REPL",     "id":21311,   "ctx":"initandlisten","msg":"Did not find local initialized voted for document at startup"}
{"t":{"$date":"2020-11-20T11:26:23.664+08:00"},"s":"I",  "c":"REPL",     "id":21312,   "ctx":"initandlisten","msg":"Did not find local Rollback ID document at startup. Creating one"}
{"t":{"$date":"2020-11-20T11:26:23.664+08:00"},"s":"I",  "c":"STORAGE",  "id":20320,   "ctx":"initandlisten","msg":"createCollection","attr":{"namespace":"local.system.rollback.id","uuidDisposition":"generated","uuid":{"uuid":{"$uuid":"4d05b5cb-b172-4d15-bdbd-c520ea7da064"}},"options":{}}}
{"t":{"$date":"2020-11-20T11:26:23.763+08:00"},"s":"I",  "c":"INDEX",    "id":20345,   "ctx":"initandlisten","msg":"Index build: done building","attr":{"buildUUID":null,"namespace":"local.system.rollback.id","index":"_id_","commitTimestamp":{"$timestamp":{"t":0,"i":0}}}}
{"t":{"$date":"2020-11-20T11:26:23.763+08:00"},"s":"I",  "c":"REPL",     "id":21531,   "ctx":"initandlisten","msg":"Initialized the rollback ID","attr":{"rbid":1}}
{"t":{"$date":"2020-11-20T11:26:23.763+08:00"},"s":"I",  "c":"REPL",     "id":21313,   "ctx":"initandlisten","msg":"Did not find local replica set configuration document at startup","attr":{"error":{"code":47,"codeName":"NoMatchingDocument","errmsg":"Did not find replica set configuration document in local.system.replset"}}}
{"t":{"$date":"2020-11-20T11:26:23.764+08:00"},"s":"I",  "c":"CONTROL",  "id":20714,   "ctx":"LogicalSessionCacheRefresh","msg":"Failed to refresh session cache, will try again at the next refresh interval","attr":{"error":"NotYetInitialized: Replication has not yet been configured"}}
{"t":{"$date":"2020-11-20T11:26:23.765+08:00"},"s":"I",  "c":"REPL",     "id":40440,   "ctx":"initandlisten","msg":"Starting the TopologyVersionObserver"}
{"t":{"$date":"2020-11-20T11:26:23.765+08:00"},"s":"I",  "c":"CONTROL",  "id":20712,   "ctx":"LogicalSessionCacheReap","msg":"Sessions collection is not set up; waiting until next sessions reap interval","attr":{"error":"NamespaceNotFound: config.system.sessions does not exist"}}
{"t":{"$date":"2020-11-20T11:26:23.765+08:00"},"s":"I",  "c":"REPL",     "id":40445,   "ctx":"TopologyVersionObserver","msg":"Started TopologyVersionObserver"}
{"t":{"$date":"2020-11-20T11:26:23.765+08:00"},"s":"I",  "c":"NETWORK",  "id":23015,   "ctx":"listener","msg":"Listening on","attr":{"address":"0.0.0.0"}}
{"t":{"$date":"2020-11-20T11:26:23.765+08:00"},"s":"I",  "c":"NETWORK",  "id":23016,   "ctx":"listener","msg":"Waiting for connections","attr":{"port":28019,"ssl":"off"}}
{"t":{"$date":"2020-11-20T11:31:23.764+08:00"},"s":"I",  "c":"CONTROL",  "id":20714,   "ctx":"LogicalSessionCacheRefresh","msg":"Failed to refresh session cache, will try again at the next refresh interval","attr":{"error":"NotYetInitialized: Replication has not yet been configured"}}
{"t":{"$date":"2020-11-20T11:31:23.766+08:00"},"s":"I",  "c":"CONTROL",  "id":20712,   "ctx":"LogicalSessionCacheReap","msg":"Sessions collection is not set up; waiting until next sessions reap interval","attr":{"error":"NamespaceNotFound: config.system.sessions does not exist"}}
{"t":{"$date":"2020-11-20T11:34:05.667+08:00"},"s":"I",  "c":"NETWORK",  "id":22943,   "ctx":"listener","msg":"Connection accepted","attr":{"remote":"192.168.56.1:53162","connectionId":1,"connectionCount":1}}
{"t":{"$date":"2020-11-20T11:34:05.667+08:00"},"s":"I",  "c":"NETWORK",  "id":22944,   "ctx":"conn1","msg":"Connection ended","attr":{"remote":"192.168.56.1:53162","connectionId":1,"connectionCount":0}}
{"t":{"$date":"2020-11-20T11:34:05.667+08:00"},"s":"I",  "c":"NETWORK",  "id":22943,   "ctx":"listener","msg":"Connection accepted","attr":{"remote":"192.168.56.1:53163","connectionId":2,"connectionCount":1}}
{"t":{"$date":"2020-11-20T11:34:05.668+08:00"},"s":"I",  "c":"NETWORK",  "id":51800,   "ctx":"conn2","msg":"client metadata","attr":{"remote":"192.168.56.1:53163","client":"conn2","doc":{"driver":{"name":"NetworkInterfaceTL","version":"4.4.1"},"os":{"type":"Windows","name":"Microsoft Windows 10","architecture":"x86_64","version":"10.0 (build 19041)"}}}}
{"t":{"$date":"2020-11-20T11:34:05.677+08:00"},"s":"I",  "c":"REPL",     "id":21400,   "ctx":"conn2","msg":"Scheduling heartbeat to fetch a new config since we are not a member of our current config","attr":{"senderHost":"MuGuiLin:28017"}}
{"t":{"$date":"2020-11-20T11:34:05.677+08:00"},"s":"I",  "c":"CONNPOOL", "id":22576,   "ctx":"ReplNetwork","msg":"Connecting","attr":{"hostAndPort":"MuGuiLin:28017"}}
{"t":{"$date":"2020-11-20T11:34:05.680+08:00"},"s":"I",  "c":"NETWORK",  "id":22943,   "ctx":"listener","msg":"Connection accepted","attr":{"remote":"192.168.56.1:53166","connectionId":4,"connectionCount":2}}
{"t":{"$date":"2020-11-20T11:34:05.680+08:00"},"s":"I",  "c":"NETWORK",  "id":22944,   "ctx":"conn4","msg":"Connection ended","attr":{"remote":"192.168.56.1:53166","connectionId":4,"connectionCount":1}}
{"t":{"$date":"2020-11-20T11:34:05.683+08:00"},"s":"I",  "c":"STORAGE",  "id":20320,   "ctx":"ReplCoord-0","msg":"createCollection","attr":{"namespace":"local.system.replset","uuidDisposition":"generated","uuid":{"uuid":{"$uuid":"4c28622a-7b5b-4c26-8b69-6aae7b1e2faa"}},"options":{}}}
{"t":{"$date":"2020-11-20T11:34:05.691+08:00"},"s":"I",  "c":"NETWORK",  "id":22943,   "ctx":"listener","msg":"Connection accepted","attr":{"remote":"192.168.56.1:53169","connectionId":7,"connectionCount":2}}
{"t":{"$date":"2020-11-20T11:34:05.692+08:00"},"s":"I",  "c":"NETWORK",  "id":51800,   "ctx":"conn7","msg":"client metadata","attr":{"remote":"192.168.56.1:53169","client":"conn7","doc":{"driver":{"name":"NetworkInterfaceTL","version":"4.4.1"},"os":{"type":"Windows","name":"Microsoft Windows 10","architecture":"x86_64","version":"10.0 (build 19041)"}}}}
{"t":{"$date":"2020-11-20T11:34:05.692+08:00"},"s":"I",  "c":"REPL",     "id":21400,   "ctx":"conn7","msg":"Scheduling heartbeat to fetch a new config since we are not a member of our current config","attr":{"senderHost":"MuGuiLin:28018"}}
{"t":{"$date":"2020-11-20T11:34:05.692+08:00"},"s":"I",  "c":"CONNPOOL", "id":22576,   "ctx":"ReplNetwork","msg":"Connecting","attr":{"hostAndPort":"MuGuiLin:28018"}}
{"t":{"$date":"2020-11-20T11:34:05.777+08:00"},"s":"I",  "c":"INDEX",    "id":20345,   "ctx":"ReplCoord-0","msg":"Index build: done building","attr":{"buildUUID":null,"namespace":"local.system.replset","index":"_id_","commitTimestamp":{"$timestamp":{"t":1605843245,"i":1}}}}
{"t":{"$date":"2020-11-20T11:34:05.794+08:00"},"s":"I",  "c":"REPL",     "id":21392,   "ctx":"ReplCoord-0","msg":"New replica set config in use","attr":{"config":{"_id":"rs0","version":3,"term":1,"protocolVersion":1,"writeConcernMajorityJournalDefault":true,"members":[{"_id":0,"host":"MuGuiLin:28017","arbiterOnly":false,"buildIndexes":true,"hidden":false,"priority":1.0,"tags":{},"slaveDelay":0,"votes":1},{"_id":1,"host":"MuGuiLin:28018","arbiterOnly":false,"buildIndexes":true,"hidden":false,"priority":1.0,"tags":{},"slaveDelay":0,"votes":1},{"_id":2,"host":"MuGuiLin:28019","arbiterOnly":false,"buildIndexes":true,"hidden":false,"priority":1.0,"tags":{},"slaveDelay":0,"votes":1}],"settings":{"chainingAllowed":true,"heartbeatIntervalMillis":2000,"heartbeatTimeoutSecs":10,"electionTimeoutMillis":10000,"catchUpTimeoutMillis":-1,"catchUpTakeoverDelayMillis":30000,"getLastErrorModes":{},"getLastErrorDefaults":{"w":1,"wtimeout":0},"replicaSetId":{"$oid":"5fb738812aedeca143e60a05"}}}}}
{"t":{"$date":"2020-11-20T11:34:05.794+08:00"},"s":"I",  "c":"REPL",     "id":21393,   "ctx":"ReplCoord-0","msg":"Found self in config","attr":{"hostAndPort":"MuGuiLin:28019"}}
{"t":{"$date":"2020-11-20T11:34:05.794+08:00"},"s":"I",  "c":"REPL",     "id":21358,   "ctx":"ReplCoord-0","msg":"Replica set state transition","attr":{"newState":"STARTUP2","oldState":"STARTUP"}}
{"t":{"$date":"2020-11-20T11:34:05.794+08:00"},"s":"I",  "c":"REPL",     "id":21306,   "ctx":"ReplCoord-0","msg":"Starting replication storage threads"}
{"t":{"$date":"2020-11-20T11:34:05.794+08:00"},"s":"I",  "c":"REPL",     "id":21215,   "ctx":"ReplCoord-3","msg":"Member is in new state","attr":{"hostAndPort":"MuGuiLin:28017","newState":"PRIMARY"}}
{"t":{"$date":"2020-11-20T11:34:05.794+08:00"},"s":"I",  "c":"REPL",     "id":21215,   "ctx":"ReplCoord-2","msg":"Member is in new state","attr":{"hostAndPort":"MuGuiLin:28018","newState":"SECONDARY"}}
{"t":{"$date":"2020-11-20T11:34:05.794+08:00"},"s":"I",  "c":"STORAGE",  "id":20320,   "ctx":"ReplCoord-0","msg":"createCollection","attr":{"namespace":"local.temp_oplog_buffer","uuidDisposition":"generated","uuid":{"uuid":{"$uuid":"f227498e-7e35-4188-98cf-24b66aee045c"}},"options":{"temp":true}}}
{"t":{"$date":"2020-11-20T11:34:05.877+08:00"},"s":"I",  "c":"INDEX",    "id":20345,   "ctx":"ReplCoord-0","msg":"Index build: done building","attr":{"buildUUID":null,"namespace":"local.temp_oplog_buffer","index":"_id_","commitTimestamp":{"$timestamp":{"t":1605843245,"i":1}}}}
{"t":{"$date":"2020-11-20T11:34:05.877+08:00"},"s":"I",  "c":"INITSYNC", "id":21164,   "ctx":"ReplCoordExtern-0","msg":"Starting initial sync attempt","attr":{"initialSyncAttempt":1,"initialSyncMaxAttempts":10}}
{"t":{"$date":"2020-11-20T11:34:05.877+08:00"},"s":"I",  "c":"STORAGE",  "id":20318,   "ctx":"ReplCoordExtern-0","msg":"Finishing collection drop","attr":{"namespace":"local.temp_oplog_buffer","uuid":{"uuid":{"$uuid":"f227498e-7e35-4188-98cf-24b66aee045c"}}}}
{"t":{"$date":"2020-11-20T11:34:05.910+08:00"},"s":"I",  "c":"STORAGE",  "id":20320,   "ctx":"ReplCoordExtern-0","msg":"createCollection","attr":{"namespace":"local.temp_oplog_buffer","uuidDisposition":"generated","uuid":{"uuid":{"$uuid":"285cbac9-392b-4b4a-8419-e1de33c263fa"}},"options":{"temp":true}}}
{"t":{"$date":"2020-11-20T11:34:05.994+08:00"},"s":"I",  "c":"INDEX",    "id":20345,   "ctx":"ReplCoordExtern-0","msg":"Index build: done building","attr":{"buildUUID":null,"namespace":"local.temp_oplog_buffer","index":"_id_","commitTimestamp":{"$timestamp":{"t":1605843245,"i":1}}}}
{"t":{"$date":"2020-11-20T11:34:05.994+08:00"},"s":"I",  "c":"REPL",     "id":21783,   "ctx":"ReplCoordExtern-0","msg":"Waiting for pings from other members before syncing","attr":{"pingsNeeded":2}}
{"t":{"$date":"2020-11-20T11:34:06.994+08:00"},"s":"I",  "c":"REPL",     "id":3873117, "ctx":"ReplCoordExtern-1","msg":"Choosing primary as sync source","attr":{"primary":"MuGuiLin:28017"}}
{"t":{"$date":"2020-11-20T11:34:06.994+08:00"},"s":"I",  "c":"INITSYNC", "id":21173,   "ctx":"ReplCoordExtern-1","msg":"Initial syncer oplog truncation finished","attr":{"durationMillis":0}}
{"t":{"$date":"2020-11-20T11:34:06.994+08:00"},"s":"I",  "c":"REPL",     "id":21251,   "ctx":"ReplCoordExtern-1","msg":"Creating replication oplog","attr":{"oplogSizeMB":20139}}
{"t":{"$date":"2020-11-20T11:34:06.994+08:00"},"s":"I",  "c":"STORAGE",  "id":20320,   "ctx":"ReplCoordExtern-1","msg":"createCollection","attr":{"namespace":"local.oplog.rs","uuidDisposition":"generated","uuid":{"uuid":{"$uuid":"0b8ff463-9970-4558-be41-33efc408c3b8"}},"options":{"capped":true,"size":21117718528.0,"autoIndexId":false}}}
{"t":{"$date":"2020-11-20T11:34:07.044+08:00"},"s":"I",  "c":"STORAGE",  "id":22383,   "ctx":"ReplCoordExtern-1","msg":"The size storer reports that the oplog contains","attr":{"numRecords":0,"dataSize":0}}
{"t":{"$date":"2020-11-20T11:34:07.044+08:00"},"s":"I",  "c":"STORAGE",  "id":22382,   "ctx":"ReplCoordExtern-1","msg":"WiredTiger record store oplog processing finished","attr":{"durationMillis":0}}
{"t":{"$date":"2020-11-20T11:34:07.210+08:00"},"s":"I",  "c":"STORAGE",  "id":4833200, "ctx":"ReplCoordExtern-1","msg":"About to abort all index builders running","attr":{"reason":"Aborting index builds for initial sync"}}
{"t":{"$date":"2020-11-20T11:34:07.210+08:00"},"s":"I",  "c":"REPL",     "id":21754,   "ctx":"ReplCoordExtern-1","msg":"dropReplicatedDatabases - dropping databases","attr":{"numDatabases":1}}
{"t":{"$date":"2020-11-20T11:34:07.210+08:00"},"s":"I",  "c":"REPL",     "id":21756,   "ctx":"ReplCoordExtern-1","msg":"dropReplicatedDatabases - dropped databases","attr":{"numDatabases":1}}
{"t":{"$date":"2020-11-20T11:34:07.210+08:00"},"s":"I",  "c":"CONNPOOL", "id":22576,   "ctx":"ReplCoordExternNetwork","msg":"Connecting","attr":{"hostAndPort":"MuGuiLin:28017"}}
{"t":{"$date":"2020-11-20T11:34:07.213+08:00"},"s":"I",  "c":"NETWORK",  "id":22943,   "ctx":"listener","msg":"Connection accepted","attr":{"remote":"192.168.56.1:53176","connectionId":10,"connectionCount":3}}
{"t":{"$date":"2020-11-20T11:34:07.213+08:00"},"s":"I",  "c":"NETWORK",  "id":51800,   "ctx":"conn10","msg":"client metadata","attr":{"remote":"192.168.56.1:53176","client":"conn10","doc":{"driver":{"name":"NetworkInterfaceTL","version":"4.4.1"},"os":{"type":"Windows","name":"Microsoft Windows 10","architecture":"x86_64","version":"10.0 (build 19041)"}}}}
{"t":{"$date":"2020-11-20T11:34:07.213+08:00"},"s":"I",  "c":"NETWORK",  "id":22990,   "ctx":"conn10","msg":"DBException handling request, closing client connection","attr":{"error":"NotMaster: Not-master error while processing 'find' operation  on 'local' database via fire-and-forget command execution."}}
{"t":{"$date":"2020-11-20T11:34:07.213+08:00"},"s":"I",  "c":"NETWORK",  "id":22944,   "ctx":"conn10","msg":"Connection ended","attr":{"remote":"192.168.56.1:53176","connectionId":10,"connectionCount":2}}
{"t":{"$date":"2020-11-20T11:34:07.226+08:00"},"s":"I",  "c":"STORAGE",  "id":20320,   "ctx":"ReplCoordExtern-1","msg":"createCollection","attr":{"namespace":"admin.system.keys","uuidDisposition":"provided","uuid":{"uuid":{"$uuid":"1c073cf5-5aaa-4c90-9e80-6fb9a5a0d2f2"}},"options":{"uuid":{"$uuid":"1c073cf5-5aaa-4c90-9e80-6fb9a5a0d2f2"}}}}
{"t":{"$date":"2020-11-20T11:34:07.369+08:00"},"s":"I",  "c":"INDEX",    "id":20384,   "ctx":"ReplCoordExtern-1","msg":"Index build: starting","attr":{"namespace":"admin.system.keys","buildUUID":null,"properties":{"v":2,"key":{"_id":1},"name":"_id_"},"method":"Hybrid","maxTemporaryMemoryUsageMB":200}}
{"t":{"$date":"2020-11-20T11:34:07.370+08:00"},"s":"I",  "c":"INDEX",    "id":20685,   "ctx":"ReplCoordExtern-1","msg":"Index build: inserted keys from external sorter into index","attr":{"namespace":"admin.system.keys","index":"_id_","keysInserted":2,"durationMillis":0}}
{"t":{"$date":"2020-11-20T11:34:07.396+08:00"},"s":"I",  "c":"INDEX",    "id":20345,   "ctx":"ReplCoordExtern-1","msg":"Index build: done building","attr":{"buildUUID":null,"namespace":"admin.system.keys","index":"_id_","commitTimestamp":{"$timestamp":{"t":1605843245,"i":1}}}}
{"t":{"$date":"2020-11-20T11:34:07.428+08:00"},"s":"I",  "c":"STORAGE",  "id":20320,   "ctx":"ReplCoordExtern-1","msg":"createCollection","attr":{"namespace":"admin.system.version","uuidDisposition":"provided","uuid":{"uuid":{"$uuid":"c31c89c4-611b-42b5-a819-548e414645f3"}},"options":{"uuid":{"$uuid":"c31c89c4-611b-42b5-a819-548e414645f3"}}}}
{"t":{"$date":"2020-11-20T11:34:07.577+08:00"},"s":"I",  "c":"INDEX",    "id":20384,   "ctx":"ReplCoordExtern-1","msg":"Index build: starting","attr":{"namespace":"admin.system.version","buildUUID":null,"properties":{"v":2,"key":{"_id":1},"name":"_id_"},"method":"Hybrid","maxTemporaryMemoryUsageMB":200}}
{"t":{"$date":"2020-11-20T11:34:07.578+08:00"},"s":"I",  "c":"COMMAND",  "id":20459,   "ctx":"ReplWriterWorker-4","msg":"Setting featureCompatibilityVersion","attr":{"newVersion":"4.4"}}
{"t":{"$date":"2020-11-20T11:34:07.578+08:00"},"s":"I",  "c":"NETWORK",  "id":22991,   "ctx":"ReplWriterWorker-4","msg":"Skip closing connection for connection","attr":{"connectionId":7}}
{"t":{"$date":"2020-11-20T11:34:07.578+08:00"},"s":"I",  "c":"NETWORK",  "id":22991,   "ctx":"ReplWriterWorker-4","msg":"Skip closing connection for connection","attr":{"connectionId":2}}
{"t":{"$date":"2020-11-20T11:34:07.578+08:00"},"s":"I",  "c":"INDEX",    "id":20685,   "ctx":"ReplCoordExtern-1","msg":"Index build: inserted keys from external sorter into index","attr":{"namespace":"admin.system.version","index":"_id_","keysInserted":1,"durationMillis":0}}
{"t":{"$date":"2020-11-20T11:34:07.595+08:00"},"s":"I",  "c":"INDEX",    "id":20345,   "ctx":"ReplCoordExtern-1","msg":"Index build: done building","attr":{"buildUUID":null,"namespace":"admin.system.version","index":"_id_","commitTimestamp":{"$timestamp":{"t":1605843245,"i":1}}}}
{"t":{"$date":"2020-11-20T11:34:07.628+08:00"},"s":"I",  "c":"STORAGE",  "id":20320,   "ctx":"ReplCoordExtern-1","msg":"createCollection","attr":{"namespace":"config.system.indexBuilds","uuidDisposition":"provided","uuid":{"uuid":{"$uuid":"2818d99c-64e8-45e6-b879-a91f539869b0"}},"options":{"uuid":{"$uuid":"2818d99c-64e8-45e6-b879-a91f539869b0"}}}}
{"t":{"$date":"2020-11-20T11:34:07.777+08:00"},"s":"I",  "c":"INDEX",    "id":20384,   "ctx":"ReplCoordExtern-1","msg":"Index build: starting","attr":{"namespace":"config.system.indexBuilds","buildUUID":null,"properties":{"v":2,"key":{"_id":1},"name":"_id_"},"method":"Hybrid","maxTemporaryMemoryUsageMB":200}}
{"t":{"$date":"2020-11-20T11:34:07.778+08:00"},"s":"I",  "c":"INDEX",    "id":20685,   "ctx":"ReplCoordExtern-1","msg":"Index build: inserted keys from external sorter into index","attr":{"namespace":"config.system.indexBuilds","index":"_id_","keysInserted":0,"durationMillis":0}}
{"t":{"$date":"2020-11-20T11:34:07.795+08:00"},"s":"I",  "c":"INDEX",    "id":20345,   "ctx":"ReplCoordExtern-1","msg":"Index build: done building","attr":{"buildUUID":null,"namespace":"config.system.indexBuilds","index":"_id_","commitTimestamp":{"$timestamp":{"t":1605843245,"i":1}}}}
{"t":{"$date":"2020-11-20T11:34:07.836+08:00"},"s":"I",  "c":"STORAGE",  "id":20320,   "ctx":"ReplCoordExtern-1","msg":"createCollection","attr":{"namespace":"config.transactions","uuidDisposition":"provided","uuid":{"uuid":{"$uuid":"3e93f987-08ab-4d91-bf5e-174bbf9f21c9"}},"options":{"uuid":{"$uuid":"3e93f987-08ab-4d91-bf5e-174bbf9f21c9"}}}}
{"t":{"$date":"2020-11-20T11:34:08.044+08:00"},"s":"I",  "c":"INDEX",    "id":20384,   "ctx":"ReplCoordExtern-1","msg":"Index build: starting","attr":{"namespace":"config.transactions","buildUUID":null,"properties":{"v":2,"key":{"_id":1},"name":"_id_"},"method":"Hybrid","maxTemporaryMemoryUsageMB":200}}
{"t":{"$date":"2020-11-20T11:34:08.045+08:00"},"s":"I",  "c":"INDEX",    "id":20685,   "ctx":"ReplCoordExtern-1","msg":"Index build: inserted keys from external sorter into index","attr":{"namespace":"config.transactions","index":"_id_","keysInserted":0,"durationMillis":0}}
{"t":{"$date":"2020-11-20T11:34:08.060+08:00"},"s":"I",  "c":"INDEX",    "id":20345,   "ctx":"ReplCoordExtern-1","msg":"Index build: done building","attr":{"buildUUID":null,"namespace":"config.transactions","index":"_id_","commitTimestamp":{"$timestamp":{"t":1605843245,"i":1}}}}
{"t":{"$date":"2020-11-20T11:34:08.094+08:00"},"s":"I",  "c":"INITSYNC", "id":21183,   "ctx":"ReplCoordExtern-1","msg":"Finished cloning data. Beginning oplog replay","attr":{"databaseClonerFinishStatus":"OK"}}
{"t":{"$date":"2020-11-20T11:34:08.094+08:00"},"s":"I",  "c":"INITSYNC", "id":21186,   "ctx":"ReplCoordExtern-2","msg":"No need to apply operations","attr":{"stopTimestamp":{"":{"$timestamp":{"t":1605843245,"i":1}}}}}
{"t":{"$date":"2020-11-20T11:34:12.214+08:00"},"s":"I",  "c":"NETWORK",  "id":20125,   "ctx":"ReplCoordExtern-0","msg":"DBClientConnection failed to receive message","attr":{"connString":"MuGuiLin:28017","error":"SocketException: \ufffd\ufffd\ufffd\ufffd\ufffd\ufffd\ufffd\ufffd\ufffd–µ\ufffd\ufffd\ufffd\ufffd\ufffd\ufffd\ufffd÷π\ufffd\ufffd“ª\ufffd\ufffd\ufffd—Ω\ufffd¡¢\ufffd\ufffd¡¨\ufffd”°\ufffd"}}
{"t":{"$date":"2020-11-20T11:34:12.216+08:00"},"s":"I",  "c":"NETWORK",  "id":20120,   "ctx":"ReplCoordExtern-0","msg":"Trying to reconnect","attr":{"connString":"MuGuiLin:28017 failed"}}
{"t":{"$date":"2020-11-20T11:34:12.216+08:00"},"s":"I",  "c":"NETWORK",  "id":20121,   "ctx":"ReplCoordExtern-0","msg":"Reconnect attempt failed","attr":{"connString":"MuGuiLin:28017 failed","error":""}}
{"t":{"$date":"2020-11-20T11:34:12.216+08:00"},"s":"I",  "c":"-",        "id":4615600, "ctx":"ReplCoordExtern-0","msg":"caught exception in destructor","attr":{"exception":"socket exception [CONNECT_ERROR] server [socket exception [FAILED_STATE] server [MuGuiLin:28017 failed]]","function":"mongo::DBClientCursor::kill"}}
{"t":{"$date":"2020-11-20T11:34:12.216+08:00"},"s":"I",  "c":"INITSYNC", "id":21181,   "ctx":"ReplCoordExtern-0","msg":"Finished fetching oplog during initial sync","attr":{"oplogFetcherFinishStatus":"CallbackCanceled: oplog fetcher shutting down","lastFetched":"{ ts: Timestamp(0, 0), t: -1 }"}}
{"t":{"$date":"2020-11-20T11:34:12.216+08:00"},"s":"I",  "c":"INITSYNC", "id":21191,   "ctx":"ReplCoordExtern-0","msg":"Initial sync attempt finishing up"}
{"t":{"$date":"2020-11-20T11:34:12.216+08:00"},"s":"I",  "c":"INITSYNC", "id":21192,   "ctx":"ReplCoordExtern-0","msg":"Initial Sync Attempt Statistics","attr":{"statistics":{"failedInitialSyncAttempts":0,"maxFailedInitialSyncAttempts":10,"initialSyncStart":{"$date":"2020-11-20T03:34:05.877Z"},"initialSyncAttempts":[],"appliedOps":0,"initialSyncOplogStart":{"$timestamp":{"t":1605843245,"i":1}},"initialSyncOplogEnd":{"$timestamp":{"t":1605843245,"i":1}},"totalTimeUnreachableMillis":2,"databases":{"databasesCloned":2,"admin":{"collections":2,"clonedCollections":2,"start":{"$date":"2020-11-20T03:34:07.225Z"},"end":{"$date":"2020-11-20T03:34:07.627Z"},"elapsedMillis":402,"admin.system.keys":{"documentsToCopy":2,"documentsCopied":2,"indexes":1,"fetchedBatches":1,"start":{"$date":"2020-11-20T03:34:07.225Z"},"end":{"$date":"2020-11-20T03:34:07.427Z"},"elapsedMillis":202,"receivedBatches":1},"admin.system.version":{"documentsToCopy":1,"documentsCopied":1,"indexes":1,"fetchedBatches":1,"start":{"$date":"2020-11-20T03:34:07.427Z"},"end":{"$date":"2020-11-20T03:34:07.627Z"},"elapsedMillis":200,"receivedBatches":1}},"config":{"collections":2,"clonedCollections":2,"start":{"$date":"2020-11-20T03:34:07.627Z"},"end":{"$date":"2020-11-20T03:34:08.094Z"},"elapsedMillis":467,"config.system.indexBuilds":{"documentsToCopy":0,"documentsCopied":0,"indexes":1,"fetchedBatches":0,"start":{"$date":"2020-11-20T03:34:07.627Z"},"end":{"$date":"2020-11-20T03:34:07.835Z"},"elapsedMillis":208,"receivedBatches":0},"config.transactions":{"documentsToCopy":0,"documentsCopied":0,"indexes":1,"fetchedBatches":0,"start":{"$date":"2020-11-20T03:34:07.835Z"},"end":{"$date":"2020-11-20T03:34:08.094Z"},"elapsedMillis":259,"receivedBatches":0}}}}}}
{"t":{"$date":"2020-11-20T11:34:12.216+08:00"},"s":"I",  "c":"STORAGE",  "id":20318,   "ctx":"ReplCoordExtern-0","msg":"Finishing collection drop","attr":{"namespace":"local.temp_oplog_buffer","uuid":{"uuid":{"$uuid":"285cbac9-392b-4b4a-8419-e1de33c263fa"}}}}
{"t":{"$date":"2020-11-20T11:34:12.260+08:00"},"s":"I",  "c":"STORAGE",  "id":20320,   "ctx":"ReplCoordExtern-0","msg":"createCollection","attr":{"namespace":"local.replset.initialSyncId","uuidDisposition":"generated","uuid":{"uuid":{"$uuid":"4a8f71c5-5906-4eaa-a792-c4c19851b2cf"}},"options":{}}}
{"t":{"$date":"2020-11-20T11:34:12.327+08:00"},"s":"I",  "c":"INDEX",    "id":20345,   "ctx":"ReplCoordExtern-0","msg":"Index build: done building","attr":{"buildUUID":null,"namespace":"local.replset.initialSyncId","index":"_id_","commitTimestamp":{"$timestamp":{"t":1605843245,"i":1}}}}
{"t":{"$date":"2020-11-20T11:34:12.343+08:00"},"s":"I",  "c":"INITSYNC", "id":21163,   "ctx":"ReplCoordExtern-0","msg":"Initial sync done","attr":{"durationSeconds":6}}
{"t":{"$date":"2020-11-20T11:34:12.343+08:00"},"s":"I",  "c":"REPL",     "id":21358,   "ctx":"ReplCoordExtern-0","msg":"Replica set state transition","attr":{"newState":"RECOVERING","oldState":"STARTUP2"}}
{"t":{"$date":"2020-11-20T11:34:12.344+08:00"},"s":"I",  "c":"REPL",     "id":21299,   "ctx":"ReplCoordExtern-0","msg":"Starting replication fetcher thread"}
{"t":{"$date":"2020-11-20T11:34:12.344+08:00"},"s":"I",  "c":"REPL",     "id":21300,   "ctx":"ReplCoordExtern-0","msg":"Starting replication applier thread"}
{"t":{"$date":"2020-11-20T11:34:12.344+08:00"},"s":"I",  "c":"REPL",     "id":21301,   "ctx":"ReplCoordExtern-0","msg":"Starting replication reporter thread"}
{"t":{"$date":"2020-11-20T11:34:12.344+08:00"},"s":"I",  "c":"REPL",     "id":21224,   "ctx":"OplogApplier-0","msg":"Starting oplog application"}
{"t":{"$date":"2020-11-20T11:34:12.344+08:00"},"s":"I",  "c":"REPL",     "id":21358,   "ctx":"OplogApplier-0","msg":"Replica set state transition","attr":{"newState":"SECONDARY","oldState":"RECOVERING"}}
{"t":{"$date":"2020-11-20T11:34:12.344+08:00"},"s":"I",  "c":"REPL",     "id":21106,   "ctx":"OplogApplier-0","msg":"Resetting sync source to empty","attr":{"previousSyncSource":":27017"}}
{"t":{"$date":"2020-11-20T11:34:12.344+08:00"},"s":"I",  "c":"REPL",     "id":21798,   "ctx":"BackgroundSync","msg":"Could not find member to sync from"}
{"t":{"$date":"2020-11-20T11:34:12.344+08:00"},"s":"I",  "c":"STORAGE",  "id":22310,   "ctx":"ReplCoord-4","msg":"Triggering the first stable checkpoint","attr":{"initialData":{"$timestamp":{"t":1605843245,"i":1}},"prevStable":{"$timestamp":{"t":0,"i":0}},"currStable":{"$timestamp":{"t":1605843245,"i":1}}}}
{"t":{"$date":"2020-11-20T11:34:25.355+08:00"},"s":"I",  "c":"REPL",     "id":21799,   "ctx":"BackgroundSync","msg":"Sync source candidate chosen","attr":{"syncSource":"MuGuiLin:28018"}}
{"t":{"$date":"2020-11-20T11:34:25.355+08:00"},"s":"I",  "c":"CONNPOOL", "id":22576,   "ctx":"ReplCoordExternNetwork","msg":"Connecting","attr":{"hostAndPort":"MuGuiLin:28018"}}
{"t":{"$date":"2020-11-20T11:34:25.356+08:00"},"s":"I",  "c":"REPL",     "id":21088,   "ctx":"BackgroundSync","msg":"Changed sync source","attr":{"oldSyncSource":"empty","newSyncSource":"MuGuiLin:28018"}}
{"t":{"$date":"2020-11-20T11:35:08.213+08:00"},"s":"I",  "c":"NETWORK",  "id":22943,   "ctx":"listener","msg":"Connection accepted","attr":{"remote":"192.168.56.1:53226","connectionId":15,"connectionCount":3}}
{"t":{"$date":"2020-11-20T11:35:08.214+08:00"},"s":"I",  "c":"NETWORK",  "id":51800,   "ctx":"conn15","msg":"client metadata","attr":{"remote":"192.168.56.1:53226","client":"conn15","doc":{"driver":{"name":"NetworkInterfaceTL","version":"4.4.1"},"os":{"type":"Windows","name":"Microsoft Windows 10","architecture":"x86_64","version":"10.0 (build 19041)"}}}}
{"t":{"$date":"2020-11-20T11:35:22.408+08:00"},"s":"I",  "c":"STORAGE",  "id":20320,   "ctx":"ReplWriterWorker-15","msg":"createCollection","attr":{"namespace":"config.system.sessions","uuidDisposition":"provided","uuid":{"uuid":{"$uuid":"4083aa1b-e310-4f25-b43c-16be17cfc61c"}},"options":{"uuid":{"$uuid":"4083aa1b-e310-4f25-b43c-16be17cfc61c"}}}}
{"t":{"$date":"2020-11-20T11:35:22.541+08:00"},"s":"I",  "c":"INDEX",    "id":20345,   "ctx":"ReplWriterWorker-15","msg":"Index build: done building","attr":{"buildUUID":null,"namespace":"config.system.sessions","index":"_id_","commitTimestamp":{"$timestamp":{"t":1605843322,"i":1}}}}
{"t":{"$date":"2020-11-20T11:35:22.541+08:00"},"s":"I",  "c":"REPL",     "id":51801,   "ctx":"ReplWriterWorker-15","msg":"Applied op","attr":{"command":{"op":"c","ns":"config.$cmd","ui":{"$uuid":"4083aa1b-e310-4f25-b43c-16be17cfc61c"},"o":{"create":"system.sessions","idIndex":{"v":2,"key":{"_id":1},"name":"_id_"}},"ts":{"$timestamp":{"t":1605843322,"i":1}},"t":1,"wall":{"$date":"2020-11-20T03:35:22.277Z"},"v":2},"durationMillis":133}}
{"t":{"$date":"2020-11-20T11:35:22.591+08:00"},"s":"I",  "c":"INDEX",    "id":20345,   "ctx":"ReplWriterWorker-4","msg":"Index build: done building","attr":{"buildUUID":null,"namespace":"config.system.sessions","index":"lsidTTLIndex","commitTimestamp":{"$timestamp":{"t":1605843322,"i":2}}}}
{"t":{"$date":"2020-11-20T11:35:57.521+08:00"},"s":"I",  "c":"NETWORK",  "id":22943,   "ctx":"listener","msg":"Connection accepted","attr":{"remote":"192.168.56.1:53264","connectionId":16,"connectionCount":4}}
{"t":{"$date":"2020-11-20T11:35:57.521+08:00"},"s":"I",  "c":"NETWORK",  "id":51800,   "ctx":"conn16","msg":"client metadata","attr":{"remote":"192.168.56.1:53264","client":"conn16","doc":{"driver":{"name":"NetworkInterfaceTL","version":"4.4.1"},"os":{"type":"Windows","name":"Microsoft Windows 10","architecture":"x86_64","version":"10.0 (build 19041)"}}}}
{"t":{"$date":"2020-11-20T11:35:57.523+08:00"},"s":"I",  "c":"NETWORK",  "id":22943,   "ctx":"listener","msg":"Connection accepted","attr":{"remote":"192.168.56.1:53269","connectionId":17,"connectionCount":5}}
{"t":{"$date":"2020-11-20T11:35:57.523+08:00"},"s":"I",  "c":"NETWORK",  "id":51800,   "ctx":"conn17","msg":"client metadata","attr":{"remote":"192.168.56.1:53269","client":"conn17","doc":{"driver":{"name":"NetworkInterfaceTL","version":"4.4.1"},"os":{"type":"Windows","name":"Microsoft Windows 10","architecture":"x86_64","version":"10.0 (build 19041)"}}}}
{"t":{"$date":"2020-11-20T11:36:23.765+08:00"},"s":"I",  "c":"NETWORK",  "id":4603701, "ctx":"LogicalSessionCacheRefresh","msg":"Starting Replica Set Monitor","attr":{"protocol":"streamable","uri":"rs0/MuGuiLin:28017,MuGuiLin:28018,MuGuiLin:28019"}}
{"t":{"$date":"2020-11-20T11:36:23.765+08:00"},"s":"I",  "c":"-",        "id":4333223, "ctx":"LogicalSessionCacheRefresh","msg":"RSM now monitoring replica set","attr":{"replicaSet":"rs0","nReplicaSetMembers":3}}
{"t":{"$date":"2020-11-20T11:36:23.765+08:00"},"s":"I",  "c":"-",        "id":4333226, "ctx":"LogicalSessionCacheRefresh","msg":"RSM host was added to the topology","attr":{"replicaSet":"rs0","host":"MuGuiLin:28017"}}
{"t":{"$date":"2020-11-20T11:36:23.765+08:00"},"s":"I",  "c":"-",        "id":4333226, "ctx":"LogicalSessionCacheRefresh","msg":"RSM host was added to the topology","attr":{"replicaSet":"rs0","host":"MuGuiLin:28018"}}
{"t":{"$date":"2020-11-20T11:36:23.765+08:00"},"s":"I",  "c":"-",        "id":4333226, "ctx":"LogicalSessionCacheRefresh","msg":"RSM host was added to the topology","attr":{"replicaSet":"rs0","host":"MuGuiLin:28019"}}
{"t":{"$date":"2020-11-20T11:36:23.765+08:00"},"s":"I",  "c":"-",        "id":4333218, "ctx":"LogicalSessionCacheRefresh","msg":"Rescheduling the next replica set monitoring request","attr":{"replicaSet":"rs0","host":"MuGuiLin:28019","delayMillis":0}}
{"t":{"$date":"2020-11-20T11:36:23.766+08:00"},"s":"I",  "c":"CONNPOOL", "id":22576,   "ctx":"ReplicaSetMonitor-TaskExecutor","msg":"Connecting","attr":{"hostAndPort":"MuGuiLin:28017"}}
{"t":{"$date":"2020-11-20T11:36:23.766+08:00"},"s":"I",  "c":"CONNPOOL", "id":22576,   "ctx":"ReplicaSetMonitor-TaskExecutor","msg":"Connecting","attr":{"hostAndPort":"MuGuiLin:28018"}}
{"t":{"$date":"2020-11-20T11:36:23.766+08:00"},"s":"I",  "c":"CONNPOOL", "id":22576,   "ctx":"ReplicaSetMonitor-TaskExecutor","msg":"Connecting","attr":{"hostAndPort":"MuGuiLin:28019"}}
{"t":{"$date":"2020-11-20T11:36:23.767+08:00"},"s":"I",  "c":"NETWORK",  "id":22943,   "ctx":"listener","msg":"Connection accepted","attr":{"remote":"192.168.56.1:53290","connectionId":19,"connectionCount":6}}
{"t":{"$date":"2020-11-20T11:36:23.768+08:00"},"s":"I",  "c":"NETWORK",  "id":51800,   "ctx":"conn19","msg":"client metadata","attr":{"remote":"192.168.56.1:53290","client":"conn19","doc":{"driver":{"name":"NetworkInterfaceTL","version":"4.4.1"},"os":{"type":"Windows","name":"Microsoft Windows 10","architecture":"x86_64","version":"10.0 (build 19041)"}}}}
{"t":{"$date":"2020-11-20T11:36:23.768+08:00"},"s":"I",  "c":"NETWORK",  "id":23729,   "ctx":"ReplicaSetMonitor-TaskExecutor","msg":"ServerPingMonitor is now monitoring host","attr":{"host":"MuGuiLin:28017","replicaSet":"rs0"}}
{"t":{"$date":"2020-11-20T11:36:23.768+08:00"},"s":"I",  "c":"NETWORK",  "id":4333213, "ctx":"ReplicaSetMonitor-TaskExecutor","msg":"RSM Topology Change","attr":{"replicaSet":"rs0","newTopologyDescription":"{ id: \"fa3bb986-0c44-45c3-b33d-c9a2a3a1b834\", topologyType: \"ReplicaSetWithPrimary\", servers: { MuGuiLin:28017: { address: \"MuGuiLin:28017\", topologyVersion: { processId: ObjectId('5fb737212aedeca143e609ef'), counter: 8 }, roundTripTime: 148, lastWriteDate: new Date(1605843374000), opTime: { ts: Timestamp(1605843374, 1), t: 1 }, type: \"RSPrimary\", minWireVersion: 9, maxWireVersion: 9, me: \"MuGuiLin:28017\", setName: \"rs0\", setVersion: 3, electionId: ObjectId('7fffffff0000000000000001'), primary: \"MuGuiLin:28017\", lastUpdateTime: new Date(1605843383768), logicalSessionTimeoutMinutes: 30, hosts: { 0: \"MuGuiLin:28017\", 1: \"MuGuiLin:28018\", 2: \"MuGuiLin:28019\" }, arbiters: {}, passives: {} }, MuGuiLin:28018: { address: \"MuGuiLin:28018\", type: \"Unknown\", minWireVersion: 0, maxWireVersion: 0, lastUpdateTime: new Date(-9223372036854775808), hosts: {}, arbiters: {}, passives: {} }, MuGuiLin:28019: { address: \"MuGuiLin:28019\", type: \"Unknown\", minWireVersion: 0, maxWireVersion: 0, lastUpdateTime: new Date(-9223372036854775808), hosts: {}, arbiters: {}, passives: {} } }, logicalSessionTimeoutMinutes: 30, setName: \"rs0\", compatible: true, maxSetVersion: 3, maxElectionId: ObjectId('7fffffff0000000000000001') }","previousTopologyDescription":"{ id: \"fa3bb986-0c44-45c3-b33d-c9a2a3a1b834\", topologyType: \"Unknown\", servers: { MuGuiLin:28017: { address: \"MuGuiLin:28017\", type: \"Unknown\", minWireVersion: 0, maxWireVersion: 0, lastUpdateTime: new Date(-9223372036854775808), hosts: {}, arbiters: {}, passives: {} }, MuGuiLin:28018: { address: \"MuGuiLin:28018\", type: \"Unknown\", minWireVersion: 0, maxWireVersion: 0, lastUpdateTime: new Date(-9223372036854775808), hosts: {}, arbiters: {}, passives: {} }, MuGuiLin:28019: { address: \"MuGuiLin:28019\", type: \"Unknown\", minWireVersion: 0, maxWireVersion: 0, lastUpdateTime: new Date(-9223372036854775808), hosts: {}, arbiters: {}, passives: {} } }, compatible: true }"}}
{"t":{"$date":"2020-11-20T11:36:23.768+08:00"},"s":"I",  "c":"NETWORK",  "id":23729,   "ctx":"ReplicaSetMonitor-TaskExecutor","msg":"ServerPingMonitor is now monitoring host","attr":{"host":"MuGuiLin:28018","replicaSet":"rs0"}}
{"t":{"$date":"2020-11-20T11:36:23.768+08:00"},"s":"I",  "c":"NETWORK",  "id":4333213, "ctx":"ReplicaSetMonitor-TaskExecutor","msg":"RSM Topology Change","attr":{"replicaSet":"rs0","newTopologyDescription":"{ id: \"fa3bb986-0c44-45c3-b33d-c9a2a3a1b834\", topologyType: \"ReplicaSetWithPrimary\", servers: { MuGuiLin:28017: { address: \"MuGuiLin:28017\", topologyVersion: { processId: ObjectId('5fb737212aedeca143e609ef'), counter: 8 }, roundTripTime: 148, lastWriteDate: new Date(1605843374000), opTime: { ts: Timestamp(1605843374, 1), t: 1 }, type: \"RSPrimary\", minWireVersion: 9, maxWireVersion: 9, me: \"MuGuiLin:28017\", setName: \"rs0\", setVersion: 3, electionId: ObjectId('7fffffff0000000000000001'), primary: \"MuGuiLin:28017\", lastUpdateTime: new Date(1605843383768), logicalSessionTimeoutMinutes: 30, hosts: { 0: \"MuGuiLin:28017\", 1: \"MuGuiLin:28018\", 2: \"MuGuiLin:28019\" }, arbiters: {}, passives: {} }, MuGuiLin:28018: { address: \"MuGuiLin:28018\", topologyVersion: { processId: ObjectId('5fb737445c421399c5e57bcd'), counter: 4 }, roundTripTime: 304, lastWriteDate: new Date(1605843374000), opTime: { ts: Timestamp(1605843374, 1), t: 1 }, type: \"RSSecondary\", minWireVersion: 9, maxWireVersion: 9, me: \"MuGuiLin:28018\", setName: \"rs0\", setVersion: 3, primary: \"MuGuiLin:28017\", lastUpdateTime: new Date(1605843383768), logicalSessionTimeoutMinutes: 30, hosts: { 0: \"MuGuiLin:28017\", 1: \"MuGuiLin:28018\", 2: \"MuGuiLin:28019\" }, arbiters: {}, passives: {} }, MuGuiLin:28019: { address: \"MuGuiLin:28019\", type: \"Unknown\", minWireVersion: 0, maxWireVersion: 0, lastUpdateTime: new Date(-9223372036854775808), hosts: {}, arbiters: {}, passives: {} } }, logicalSessionTimeoutMinutes: 30, setName: \"rs0\", compatible: true, maxSetVersion: 3, maxElectionId: ObjectId('7fffffff0000000000000001') }","previousTopologyDescription":"{ id: \"fa3bb986-0c44-45c3-b33d-c9a2a3a1b834\", topologyType: \"ReplicaSetWithPrimary\", servers: { MuGuiLin:28017: { address: \"MuGuiLin:28017\", topologyVersion: { processId: ObjectId('5fb737212aedeca143e609ef'), counter: 8 }, roundTripTime: 148, lastWriteDate: new Date(1605843374000), opTime: { ts: Timestamp(1605843374, 1), t: 1 }, type: \"RSPrimary\", minWireVersion: 9, maxWireVersion: 9, me: \"MuGuiLin:28017\", setName: \"rs0\", setVersion: 3, electionId: ObjectId('7fffffff0000000000000001'), primary: \"MuGuiLin:28017\", lastUpdateTime: new Date(1605843383768), logicalSessionTimeoutMinutes: 30, hosts: { 0: \"MuGuiLin:28017\", 1: \"MuGuiLin:28018\", 2: \"MuGuiLin:28019\" }, arbiters: {}, passives: {} }, MuGuiLin:28018: { address: \"MuGuiLin:28018\", type: \"Unknown\", minWireVersion: 0, maxWireVersion: 0, lastUpdateTime: new Date(-9223372036854775808), hosts: {}, arbiters: {}, passives: {} }, MuGuiLin:28019: { address: \"MuGuiLin:28019\", type: \"Unknown\", minWireVersion: 0, maxWireVersion: 0, lastUpdateTime: new Date(-9223372036854775808), hosts: {}, arbiters: {}, passives: {} } }, logicalSessionTimeoutMinutes: 30, setName: \"rs0\", compatible: true, maxSetVersion: 3, maxElectionId: ObjectId('7fffffff0000000000000001') }"}}
{"t":{"$date":"2020-11-20T11:36:23.768+08:00"},"s":"I",  "c":"NETWORK",  "id":23729,   "ctx":"ReplicaSetMonitor-TaskExecutor","msg":"ServerPingMonitor is now monitoring host","attr":{"host":"MuGuiLin:28019","replicaSet":"rs0"}}
{"t":{"$date":"2020-11-20T11:36:23.768+08:00"},"s":"I",  "c":"NETWORK",  "id":4333213, "ctx":"ReplicaSetMonitor-TaskExecutor","msg":"RSM Topology Change","attr":{"replicaSet":"rs0","newTopologyDescription":"{ id: \"fa3bb986-0c44-45c3-b33d-c9a2a3a1b834\", topologyType: \"ReplicaSetWithPrimary\", servers: { MuGuiLin:28017: { address: \"MuGuiLin:28017\", topologyVersion: { processId: ObjectId('5fb737212aedeca143e609ef'), counter: 8 }, roundTripTime: 148, lastWriteDate: new Date(1605843374000), opTime: { ts: Timestamp(1605843374, 1), t: 1 }, type: \"RSPrimary\", minWireVersion: 9, maxWireVersion: 9, me: \"MuGuiLin:28017\", setName: \"rs0\", setVersion: 3, electionId: ObjectId('7fffffff0000000000000001'), primary: \"MuGuiLin:28017\", lastUpdateTime: new Date(1605843383768), logicalSessionTimeoutMinutes: 30, hosts: { 0: \"MuGuiLin:28017\", 1: \"MuGuiLin:28018\", 2: \"MuGuiLin:28019\" }, arbiters: {}, passives: {} }, MuGuiLin:28018: { address: \"MuGuiLin:28018\", topologyVersion: { processId: ObjectId('5fb737445c421399c5e57bcd'), counter: 4 }, roundTripTime: 304, lastWriteDate: new Date(1605843374000), opTime: { ts: Timestamp(1605843374, 1), t: 1 }, type: \"RSSecondary\", minWireVersion: 9, maxWireVersion: 9, me: \"MuGuiLin:28018\", setName: \"rs0\", setVersion: 3, primary: \"MuGuiLin:28017\", lastUpdateTime: new Date(1605843383768), logicalSessionTimeoutMinutes: 30, hosts: { 0: \"MuGuiLin:28017\", 1: \"MuGuiLin:28018\", 2: \"MuGuiLin:28019\" }, arbiters: {}, passives: {} }, MuGuiLin:28019: { address: \"MuGuiLin:28019\", topologyVersion: { processId: ObjectId('5fb7375eb185a0048a28e533'), counter: 3 }, roundTripTime: 400, lastWriteDate: new Date(1605843374000), opTime: { ts: Timestamp(1605843374, 1), t: 1 }, type: \"RSSecondary\", minWireVersion: 9, maxWireVersion: 9, me: \"MuGuiLin:28019\", setName: \"rs0\", setVersion: 3, primary: \"MuGuiLin:28017\", lastUpdateTime: new Date(1605843383768), logicalSessionTimeoutMinutes: 30, hosts: { 0: \"MuGuiLin:28017\", 1: \"MuGuiLin:28018\", 2: \"MuGuiLin:28019\" }, arbiters: {}, passives: {} } }, logicalSessionTimeoutMinutes: 30, setName: \"rs0\", compatible: true, maxSetVersion: 3, maxElectionId: ObjectId('7fffffff0000000000000001') }","previousTopologyDescription":"{ id: \"fa3bb986-0c44-45c3-b33d-c9a2a3a1b834\", topologyType: \"ReplicaSetWithPrimary\", servers: { MuGuiLin:28017: { address: \"MuGuiLin:28017\", topologyVersion: { processId: ObjectId('5fb737212aedeca143e609ef'), counter: 8 }, roundTripTime: 148, lastWriteDate: new Date(1605843374000), opTime: { ts: Timestamp(1605843374, 1), t: 1 }, type: \"RSPrimary\", minWireVersion: 9, maxWireVersion: 9, me: \"MuGuiLin:28017\", setName: \"rs0\", setVersion: 3, electionId: ObjectId('7fffffff0000000000000001'), primary: \"MuGuiLin:28017\", lastUpdateTime: new Date(1605843383768), logicalSessionTimeoutMinutes: 30, hosts: { 0: \"MuGuiLin:28017\", 1: \"MuGuiLin:28018\", 2: \"MuGuiLin:28019\" }, arbiters: {}, passives: {} }, MuGuiLin:28018: { address: \"MuGuiLin:28018\", topologyVersion: { processId: ObjectId('5fb737445c421399c5e57bcd'), counter: 4 }, roundTripTime: 304, lastWriteDate: new Date(1605843374000), opTime: { ts: Timestamp(1605843374, 1), t: 1 }, type: \"RSSecondary\", minWireVersion: 9, maxWireVersion: 9, me: \"MuGuiLin:28018\", setName: \"rs0\", setVersion: 3, primary: \"MuGuiLin:28017\", lastUpdateTime: new Date(1605843383768), logicalSessionTimeoutMinutes: 30, hosts: { 0: \"MuGuiLin:28017\", 1: \"MuGuiLin:28018\", 2: \"MuGuiLin:28019\" }, arbiters: {}, passives: {} }, MuGuiLin:28019: { address: \"MuGuiLin:28019\", type: \"Unknown\", minWireVersion: 0, maxWireVersion: 0, lastUpdateTime: new Date(-9223372036854775808), hosts: {}, arbiters: {}, passives: {} } }, logicalSessionTimeoutMinutes: 30, setName: \"rs0\", compatible: true, maxSetVersion: 3, maxElectionId: ObjectId('7fffffff0000000000000001') }"}}
{"t":{"$date":"2020-11-20T11:36:23.769+08:00"},"s":"I",  "c":"NETWORK",  "id":20113,   "ctx":"LogicalSessionCacheRefresh","msg":"Successfully connected to host","attr":{"connString":"MuGuiLin:28017","numOpenConns":1,"socketTimeoutSecs":0.0}}
{"t":{"$date":"2020-11-20T11:36:23.769+08:00"},"s":"I",  "c":"NETWORK",  "id":22943,   "ctx":"listener","msg":"Connection accepted","attr":{"remote":"192.168.56.1:53295","connectionId":24,"connectionCount":7}}
{"t":{"$date":"2020-11-20T11:36:23.769+08:00"},"s":"I",  "c":"NETWORK",  "id":51800,   "ctx":"conn24","msg":"client metadata","attr":{"remote":"192.168.56.1:53295","client":"conn24","doc":{"driver":{"name":"NetworkInterfaceTL","version":"4.4.1"},"os":{"type":"Windows","name":"Microsoft Windows 10","architecture":"x86_64","version":"10.0 (build 19041)"}}}}
{"t":{"$date":"2020-11-20T11:36:23.779+08:00"},"s":"I",  "c":"NETWORK",  "id":20113,   "ctx":"LogicalSessionCacheReap","msg":"Successfully connected to host","attr":{"connString":"MuGuiLin:28017","numOpenConns":2,"socketTimeoutSecs":0.0}}
{"t":{"$date":"2020-11-20T11:36:55.362+08:00"},"s":"I",  "c":"STORAGE",  "id":20320,   "ctx":"ReplWriterWorker-3","msg":"createCollection","attr":{"namespace":"test.test","uuidDisposition":"provided","uuid":{"uuid":{"$uuid":"2ead3f36-6766-46de-a755-1057252526c6"}},"options":{"uuid":{"$uuid":"2ead3f36-6766-46de-a755-1057252526c6"}}}}
{"t":{"$date":"2020-11-20T11:36:55.437+08:00"},"s":"I",  "c":"INDEX",    "id":20345,   "ctx":"ReplWriterWorker-3","msg":"Index build: done building","attr":{"buildUUID":null,"namespace":"test.test","index":"_id_","commitTimestamp":{"$timestamp":{"t":1605843415,"i":1}}}}
{"t":{"$date":"2020-11-20T11:39:08.095+08:00"},"s":"I",  "c":"CONNPOOL", "id":22572,   "ctx":"ReplCoordExternNetwork","msg":"Dropping all pooled connections","attr":{"hostAndPort":"MuGuiLin:28017","error":"ShutdownInProgress: Pool for MuGuiLin:28017 has expired."}}
{"t":{"$date":"2020-11-20T11:39:08.214+08:00"},"s":"I",  "c":"NETWORK",  "id":22944,   "ctx":"conn15","msg":"Connection ended","attr":{"remote":"192.168.56.1:53226","connectionId":15,"connectionCount":6}}
{"t":{"$date":"2020-11-20T11:39:39.540+08:00"},"s":"I",  "c":"NETWORK",  "id":22943,   "ctx":"listener","msg":"Connection accepted","attr":{"remote":"127.0.0.1:53429","connectionId":28,"connectionCount":7}}
{"t":{"$date":"2020-11-20T11:39:39.540+08:00"},"s":"I",  "c":"NETWORK",  "id":51800,   "ctx":"conn28","msg":"client metadata","attr":{"remote":"127.0.0.1:53429","client":"conn28","doc":{"application":{"name":"MongoDB Shell"},"driver":{"name":"MongoDB Internal Client","version":"4.4.1"},"os":{"type":"Windows","name":"Microsoft Windows 10","architecture":"x86_64","version":"10.0 (build 19041)"}}}}
{"t":{"$date":"2020-11-20T13:02:09.897+08:00"},"s":"I",  "c":"NETWORK",  "id":22943,   "ctx":"listener","msg":"Connection accepted","attr":{"remote":"192.168.56.1:57119","connectionId":29,"connectionCount":8}}
{"t":{"$date":"2020-11-20T13:02:09.897+08:00"},"s":"I",  "c":"NETWORK",  "id":51800,   "ctx":"conn29","msg":"client metadata","attr":{"remote":"192.168.56.1:57119","client":"conn29","doc":{"driver":{"name":"NetworkInterfaceTL","version":"4.4.1"},"os":{"type":"Windows","name":"Microsoft Windows 10","architecture":"x86_64","version":"10.0 (build 19041)"}}}}
{"t":{"$date":"2020-11-20T13:09:41.608+08:00"},"s":"I",  "c":"NETWORK",  "id":22944,   "ctx":"conn29","msg":"Connection ended","attr":{"remote":"192.168.56.1:57119","connectionId":29,"connectionCount":7}}
{"t":{"$date":"2020-11-20T13:35:22.212+08:00"},"s":"I",  "c":"NETWORK",  "id":22943,   "ctx":"listener","msg":"Connection accepted","attr":{"remote":"192.168.56.1:58522","connectionId":30,"connectionCount":8}}
{"t":{"$date":"2020-11-20T13:35:22.213+08:00"},"s":"I",  "c":"NETWORK",  "id":51800,   "ctx":"conn30","msg":"client metadata","attr":{"remote":"192.168.56.1:58522","client":"conn30","doc":{"driver":{"name":"NetworkInterfaceTL","version":"4.4.1"},"os":{"type":"Windows","name":"Microsoft Windows 10","architecture":"x86_64","version":"10.0 (build 19041)"}}}}
{"t":{"$date":"2020-11-20T13:45:22.215+08:00"},"s":"I",  "c":"NETWORK",  "id":22944,   "ctx":"conn30","msg":"Connection ended","attr":{"remote":"192.168.56.1:58522","connectionId":30,"connectionCount":7}}
{"t":{"$date":"2020-11-20T16:07:30.329+08:00"},"s":"I",  "c":"NETWORK",  "id":22944,   "ctx":"conn28","msg":"Connection ended","attr":{"remote":"127.0.0.1:53429","connectionId":28,"connectionCount":6}}
{"t":{"$date":"2020-11-20T17:26:16.057+08:00"},"s":"I",  "c":"NETWORK",  "id":22944,   "ctx":"conn7","msg":"Connection ended","attr":{"remote":"192.168.56.1:53169","connectionId":7,"connectionCount":5}}
{"t":{"$date":"2020-11-20T17:26:16.057+08:00"},"s":"I",  "c":"-",        "id":4333222, "ctx":"ReplicaSetMonitor-TaskExecutor","msg":"RSM received failed isMaster","attr":{"host":"MuGuiLin:28018","error":"InterruptedAtShutdown: interrupted at shutdown","replicaSet":"rs0","isMasterReply":"{}"}}
{"t":{"$date":"2020-11-20T17:26:16.057+08:00"},"s":"I",  "c":"NETWORK",  "id":4712102, "ctx":"ReplicaSetMonitor-TaskExecutor","msg":"Host failed in replica set","attr":{"replicaSet":"rs0","host":"MuGuiLin:28018","error":{"code":11600,"codeName":"InterruptedAtShutdown","errmsg":"interrupted at shutdown"},"action":{"dropConnections":false,"requestImmediateCheck":false}}}
{"t":{"$date":"2020-11-20T17:26:16.058+08:00"},"s":"I",  "c":"NETWORK",  "id":22944,   "ctx":"conn17","msg":"Connection ended","attr":{"remote":"192.168.56.1:53269","connectionId":17,"connectionCount":4}}
{"t":{"$date":"2020-11-20T17:26:16.061+08:00"},"s":"I",  "c":"REPL",     "id":21275,   "ctx":"ReplCoordExtern-1","msg":"Recreating cursor for oplog fetcher due to error","attr":{"lastOpTimeFetched":{"ts":{"$timestamp":{"t":1605864366,"i":1}},"t":1},"attemptsRemaining":1,"error":"InterruptedAtShutdown: Error while getting the next batch in the oplog fetcher :: caused by :: interrupted at shutdown"}}
{"t":{"$date":"2020-11-20T17:26:16.061+08:00"},"s":"I",  "c":"REPL",     "id":21274,   "ctx":"ReplCoordExtern-1","msg":"Error returned from oplog query (no more query restarts left)","attr":{"error":"InterruptedAtShutdown: Error while getting the next batch in the oplog fetcher :: caused by :: interrupted at shutdown"}}
{"t":{"$date":"2020-11-20T17:26:16.061+08:00"},"s":"W",  "c":"REPL",     "id":21122,   "ctx":"BackgroundSync","msg":"Fetcher stopped querying remote oplog with error","attr":{"error":"InterruptedAtShutdown: Error while getting the next batch in the oplog fetcher :: caused by :: interrupted at shutdown"}}
{"t":{"$date":"2020-11-20T17:26:16.061+08:00"},"s":"I",  "c":"REPL",     "id":21080,   "ctx":"BackgroundSync","msg":"Clearing sync source to choose a new one","attr":{"syncSource":"MuGuiLin:28018"}}
{"t":{"$date":"2020-11-20T17:26:16.062+08:00"},"s":"I",  "c":"REPL",     "id":21798,   "ctx":"BackgroundSync","msg":"Could not find member to sync from"}
{"t":{"$date":"2020-11-20T17:26:16.062+08:00"},"s":"I",  "c":"REPL_HB",  "id":23974,   "ctx":"ReplCoord-174","msg":"Heartbeat failed after max retries","attr":{"target":"MuGuiLin:28018","maxHeartbeatRetries":2,"error":{"code":11600,"codeName":"InterruptedAtShutdown","errmsg":"interrupted at shutdown"}}}
{"t":{"$date":"2020-11-20T17:26:16.062+08:00"},"s":"I",  "c":"REPL",     "id":21216,   "ctx":"ReplCoord-174","msg":"Member is now in state RS_DOWN","attr":{"hostAndPort":"MuGuiLin:28018","heartbeatMessage":"interrupted at shutdown"}}
{"t":{"$date":"2020-11-20T17:26:16.097+08:00"},"s":"I",  "c":"REPL",     "id":21760,   "ctx":"SyncSourceFeedback","msg":"SyncSourceFeedback error sending update","attr":{"syncTarget":"MuGuiLin:28018","error":{"code":119,"codeName":"InvalidSyncSource","errmsg":"Sync source was cleared. Was MuGuiLin:28018"}}}
{"t":{"$date":"2020-11-20T17:26:16.562+08:00"},"s":"W",  "c":"NETWORK",  "id":4615610, "ctx":"ReplCoord-171","msg":"Failed to check socket connectivity","attr":{"error":"Êìç‰ΩúÊàêÂäüÂÆåÊàê„ÄÇ"}}
{"t":{"$date":"2020-11-20T17:26:16.562+08:00"},"s":"I",  "c":"CONNPOOL", "id":22561,   "ctx":"ReplCoord-171","msg":"Dropping unhealthy pooled connection","attr":{"hostAndPort":"MuGuiLin:28018"}}
{"t":{"$date":"2020-11-20T17:26:16.562+08:00"},"s":"I",  "c":"CONNPOOL", "id":22576,   "ctx":"ReplNetwork","msg":"Connecting","attr":{"hostAndPort":"MuGuiLin:28018"}}
{"t":{"$date":"2020-11-20T17:26:16.977+08:00"},"s":"I",  "c":"-",        "id":20883,   "ctx":"conn16","msg":"Interrupted operation as its client disconnected","attr":{"opId":400000}}
{"t":{"$date":"2020-11-20T17:26:16.978+08:00"},"s":"I",  "c":"NETWORK",  "id":22944,   "ctx":"conn16","msg":"Connection ended","attr":{"remote":"192.168.56.1:53264","connectionId":16,"connectionCount":3}}
{"t":{"$date":"2020-11-20T17:26:17.063+08:00"},"s":"I",  "c":"REPL",     "id":21799,   "ctx":"BackgroundSync","msg":"Sync source candidate chosen","attr":{"syncSource":"MuGuiLin:28017"}}
{"t":{"$date":"2020-11-20T17:26:17.063+08:00"},"s":"I",  "c":"CONNPOOL", "id":22576,   "ctx":"ReplCoordExternNetwork","msg":"Connecting","attr":{"hostAndPort":"MuGuiLin:28017"}}
{"t":{"$date":"2020-11-20T17:26:17.064+08:00"},"s":"I",  "c":"REPL",     "id":21088,   "ctx":"BackgroundSync","msg":"Changed sync source","attr":{"oldSyncSource":"empty","newSyncSource":"MuGuiLin:28017"}}
{"t":{"$date":"2020-11-20T17:26:17.065+08:00"},"s":"I",  "c":"NETWORK",  "id":22943,   "ctx":"listener","msg":"Connection accepted","attr":{"remote":"192.168.56.1:59895","connectionId":32,"connectionCount":4}}
{"t":{"$date":"2020-11-20T17:26:17.065+08:00"},"s":"I",  "c":"NETWORK",  "id":51800,   "ctx":"conn32","msg":"client metadata","attr":{"remote":"192.168.56.1:59895","client":"conn32","doc":{"driver":{"name":"NetworkInterfaceTL","version":"4.4.1"},"os":{"type":"Windows","name":"Microsoft Windows 10","architecture":"x86_64","version":"10.0 (build 19041)"}}}}
{"t":{"$date":"2020-11-20T17:26:18.591+08:00"},"s":"I",  "c":"CONNPOOL", "id":22576,   "ctx":"ReplNetwork","msg":"Connecting","attr":{"hostAndPort":"MuGuiLin:28018"}}
{"t":{"$date":"2020-11-20T17:26:20.606+08:00"},"s":"I",  "c":"CONNPOOL", "id":22576,   "ctx":"ReplNetwork","msg":"Connecting","attr":{"hostAndPort":"MuGuiLin:28018"}}
{"t":{"$date":"2020-11-20T17:26:22.632+08:00"},"s":"I",  "c":"REPL_HB",  "id":23974,   "ctx":"ReplCoord-176","msg":"Heartbeat failed after max retries","attr":{"target":"MuGuiLin:28018","maxHeartbeatRetries":2,"error":{"code":6,"codeName":"HostUnreachable","errmsg":"Error connecting to MuGuiLin:28018 (192.168.56.1:28018) :: caused by :: \ufffd\ufffd\ufffd\ufffdƒø\ufffd\ufffd\ufffd\ufffd\ufffd\ufffd\ufffd\ufffd\ufffd\ufffd\ufffd\ufffd\ufffd‹æ\ufffd\ufffd\ufffd\ufffdﬁ∑\ufffd¡¨\ufffd”°\ufffd"}}}
{"t":{"$date":"2020-11-20T17:26:23.561+08:00"},"s":"I",  "c":"CONNPOOL", "id":22576,   "ctx":"ReplNetwork","msg":"Connecting","attr":{"hostAndPort":"MuGuiLin:28018"}}
{"t":{"$date":"2020-11-20T17:26:23.870+08:00"},"s":"W",  "c":"NETWORK",  "id":4615610, "ctx":"ReplicaSetMonitor-TaskExecutor","msg":"Failed to check socket connectivity","attr":{"error":"Êìç‰ΩúÊàêÂäüÂÆåÊàê„ÄÇ"}}
{"t":{"$date":"2020-11-20T17:26:23.870+08:00"},"s":"I",  "c":"CONNPOOL", "id":22561,   "ctx":"ReplicaSetMonitor-TaskExecutor","msg":"Dropping unhealthy pooled connection","attr":{"hostAndPort":"MuGuiLin:28018"}}
{"t":{"$date":"2020-11-20T17:26:23.870+08:00"},"s":"W",  "c":"NETWORK",  "id":4615610, "ctx":"ReplicaSetMonitor-TaskExecutor","msg":"Failed to check socket connectivity","attr":{"error":"Êìç‰ΩúÊàêÂäüÂÆåÊàê„ÄÇ"}}
{"t":{"$date":"2020-11-20T17:26:23.870+08:00"},"s":"I",  "c":"CONNPOOL", "id":22561,   "ctx":"ReplicaSetMonitor-TaskExecutor","msg":"Dropping unhealthy pooled connection","attr":{"hostAndPort":"MuGuiLin:28018"}}
{"t":{"$date":"2020-11-20T17:26:25.580+08:00"},"s":"I",  "c":"CONNPOOL", "id":22576,   "ctx":"ReplNetwork","msg":"Connecting","attr":{"hostAndPort":"MuGuiLin:28018"}}
{"t":{"$date":"2020-11-20T17:26:25.890+08:00"},"s":"I",  "c":"NETWORK",  "id":4712102, "ctx":"ReplicaSetMonitor-TaskExecutor","msg":"Host failed in replica set","attr":{"replicaSet":"rs0","host":"MuGuiLin:28018","error":{"code":6,"codeName":"HostUnreachable","errmsg":"Error connecting to MuGuiLin:28018 (192.168.56.1:28018) :: caused by :: \ufffd\ufffd\ufffd\ufffdƒø\ufffd\ufffd\ufffd\ufffd\ufffd\ufffd\ufffd\ufffd\ufffd\ufffd\ufffd\ufffd\ufffd‹æ\ufffd\ufffd\ufffd\ufffdﬁ∑\ufffd¡¨\ufffd”°\ufffd"},"action":{"dropConnections":true,"requestImmediateCheck":true}}}
{"t":{"$date":"2020-11-20T17:26:25.890+08:00"},"s":"I",  "c":"-",        "id":4333227, "ctx":"ReplicaSetMonitor-TaskExecutor","msg":"RSM monitoring host in expedited mode until we detect a primary","attr":{"host":"MuGuiLin:28019","replicaSet":"rs0"}}
{"t":{"$date":"2020-11-20T17:26:25.890+08:00"},"s":"I",  "c":"-",        "id":4333227, "ctx":"ReplicaSetMonitor-TaskExecutor","msg":"RSM monitoring host in expedited mode until we detect a primary","attr":{"host":"MuGuiLin:28017","replicaSet":"rs0"}}
{"t":{"$date":"2020-11-20T17:26:25.890+08:00"},"s":"I",  "c":"-",        "id":4333227, "ctx":"ReplicaSetMonitor-TaskExecutor","msg":"RSM monitoring host in expedited mode until we detect a primary","attr":{"host":"MuGuiLin:28018","replicaSet":"rs0"}}
{"t":{"$date":"2020-11-20T17:26:25.890+08:00"},"s":"I",  "c":"-",        "id":4333218, "ctx":"ReplicaSetMonitor-TaskExecutor","msg":"Rescheduling the next replica set monitoring request","attr":{"replicaSet":"rs0","host":"MuGuiLin:28018","delayMillis":0}}
{"t":{"$date":"2020-11-20T17:26:27.608+08:00"},"s":"I",  "c":"CONNPOOL", "id":22576,   "ctx":"ReplNetwork","msg":"Connecting","attr":{"hostAndPort":"MuGuiLin:28018"}}
{"t":{"$date":"2020-11-20T17:26:27.909+08:00"},"s":"I",  "c":"-",        "id":4333222, "ctx":"ReplicaSetMonitor-TaskExecutor","msg":"RSM received failed isMaster","attr":{"host":"MuGuiLin:28018","error":"HostUnreachable: Error connecting to MuGuiLin:28018 (192.168.56.1:28018) :: caused by :: \ufffd\ufffd\ufffd\ufffdƒø\ufffd\ufffd\ufffd\ufffd\ufffd\ufffd\ufffd\ufffd\ufffd\ufffd\ufffd\ufffd\ufffd‹æ\ufffd\ufffd\ufffd\ufffdﬁ∑\ufffd¡¨\ufffd”°\ufffd","replicaSet":"rs0","isMasterReply":"{}"}}
{"t":{"$date":"2020-11-20T17:26:27.909+08:00"},"s":"I",  "c":"NETWORK",  "id":4712102, "ctx":"ReplicaSetMonitor-TaskExecutor","msg":"Host failed in replica set","attr":{"replicaSet":"rs0","host":"MuGuiLin:28018","error":{"code":6,"codeName":"HostUnreachable","errmsg":"Error connecting to MuGuiLin:28018 (192.168.56.1:28018) :: caused by :: \ufffd\ufffd\ufffd\ufffdƒø\ufffd\ufffd\ufffd\ufffd\ufffd\ufffd\ufffd\ufffd\ufffd\ufffd\ufffd\ufffd\ufffd‹æ\ufffd\ufffd\ufffd\ufffdﬁ∑\ufffd¡¨\ufffd”°\ufffd"},"action":{"dropConnections":true,"requestImmediateCheck":false,"outcome":{"host":":28018","success":false}}}}
{"t":{"$date":"2020-11-20T17:26:27.909+08:00"},"s":"I",  "c":"NETWORK",  "id":4333213, "ctx":"ReplicaSetMonitor-TaskExecutor","msg":"RSM Topology Change","attr":{"replicaSet":"rs0","newTopologyDescription":"{ id: \"fa3bb986-0c44-45c3-b33d-c9a2a3a1b834\", topologyType: \"ReplicaSetWithPrimary\", servers: { MuGuiLin:28017: { address: \"MuGuiLin:28017\", topologyVersion: { processId: ObjectId('5fb737212aedeca143e609ef'), counter: 8 }, roundTripTime: 219, lastWriteDate: new Date(1605864376000), opTime: { ts: Timestamp(1605864376, 1), t: 1 }, type: \"RSPrimary\", minWireVersion: 9, maxWireVersion: 9, me: \"MuGuiLin:28017\", setName: \"rs0\", setVersion: 3, electionId: ObjectId('7fffffff0000000000000001'), primary: \"MuGuiLin:28017\", lastUpdateTime: new Date(1605864385098), logicalSessionTimeoutMinutes: 30, hosts: { 0: \"MuGuiLin:28017\", 1: \"MuGuiLin:28018\", 2: \"MuGuiLin:28019\" }, arbiters: {}, passives: {} }, MuGuiLin:28018: { address: \"MuGuiLin:28018\", type: \"Unknown\", minWireVersion: 0, maxWireVersion: 0, lastUpdateTime: new Date(-9223372036854775808), hosts: {}, arbiters: {}, passives: {} }, MuGuiLin:28019: { address: \"MuGuiLin:28019\", topologyVersion: { processId: ObjectId('5fb7375eb185a0048a28e533'), counter: 3 }, roundTripTime: 143, lastWriteDate: new Date(1605864376000), opTime: { ts: Timestamp(1605864376, 1), t: 1 }, type: \"RSSecondary\", minWireVersion: 9, maxWireVersion: 9, me: \"MuGuiLin:28019\", setName: \"rs0\", setVersion: 3, primary: \"MuGuiLin:28017\", lastUpdateTime: new Date(1605864385099), logicalSessionTimeoutMinutes: 30, hosts: { 0: \"MuGuiLin:28017\", 1: \"MuGuiLin:28018\", 2: \"MuGuiLin:28019\" }, arbiters: {}, passives: {} } }, logicalSessionTimeoutMinutes: 30, setName: \"rs0\", compatible: true, maxSetVersion: 3, maxElectionId: ObjectId('7fffffff0000000000000001') }","previousTopologyDescription":"{ id: \"fa3bb986-0c44-45c3-b33d-c9a2a3a1b834\", topologyType: \"ReplicaSetWithPrimary\", servers: { MuGuiLin:28017: { address: \"MuGuiLin:28017\", topologyVersion: { processId: ObjectId('5fb737212aedeca143e609ef'), counter: 8 }, roundTripTime: 219, lastWriteDate: new Date(1605864376000), opTime: { ts: Timestamp(1605864376, 1), t: 1 }, type: \"RSPrimary\", minWireVersion: 9, maxWireVersion: 9, me: \"MuGuiLin:28017\", setName: \"rs0\", setVersion: 3, electionId: ObjectId('7fffffff0000000000000001'), primary: \"MuGuiLin:28017\", lastUpdateTime: new Date(1605864385098), logicalSessionTimeoutMinutes: 30, hosts: { 0: \"MuGuiLin:28017\", 1: \"MuGuiLin:28018\", 2: \"MuGuiLin:28019\" }, arbiters: {}, passives: {} }, MuGuiLin:28018: { address: \"MuGuiLin:28018\", topologyVersion: { processId: ObjectId('5fb737445c421399c5e57bcd'), counter: 4 }, roundTripTime: 154, lastWriteDate: new Date(1605864366000), opTime: { ts: Timestamp(1605864366, 1), t: 1 }, type: \"RSSecondary\", minWireVersion: 9, maxWireVersion: 9, me: \"MuGuiLin:28018\", setName: \"rs0\", setVersion: 3, primary: \"MuGuiLin:28017\", lastUpdateTime: new Date(1605864375098), logicalSessionTimeoutMinutes: 30, hosts: { 0: \"MuGuiLin:28017\", 1: \"MuGuiLin:28018\", 2: \"MuGuiLin:28019\" }, arbiters: {}, passives: {} }, MuGuiLin:28019: { address: \"MuGuiLin:28019\", topologyVersion: { processId: ObjectId('5fb7375eb185a0048a28e533'), counter: 3 }, roundTripTime: 143, lastWriteDate: new Date(1605864376000), opTime: { ts: Timestamp(1605864376, 1), t: 1 }, type: \"RSSecondary\", minWireVersion: 9, maxWireVersion: 9, me: \"MuGuiLin:28019\", setName: \"rs0\", setVersion: 3, primary: \"MuGuiLin:28017\", lastUpdateTime: new Date(1605864385099), logicalSessionTimeoutMinutes: 30, hosts: { 0: \"MuGuiLin:28017\", 1: \"MuGuiLin:28018\", 2: \"MuGuiLin:28019\" }, arbiters: {}, passives: {} } }, logicalSessionTimeoutMinutes: 30, setName: \"rs0\", compatible: true, maxSetVersion: 3, maxElectionId: ObjectId('7fffffff0000000000000001') }"}}
{"t":{"$date":"2020-11-20T17:26:29.626+08:00"},"s":"I",  "c":"REPL_HB",  "id":23974,   "ctx":"ReplCoord-174","msg":"Heartbeat failed after max retries","attr":{"target":"MuGuiLin:28018","maxHeartbeatRetries":2,"error":{"code":6,"codeName":"HostUnreachable","errmsg":"Error connecting to MuGuiLin:28018 (192.168.56.1:28018) :: caused by :: \ufffd\ufffd\ufffd\ufffdƒø\ufffd\ufffd\ufffd\ufffd\ufffd\ufffd\ufffd\ufffd\ufffd\ufffd\ufffd\ufffd\ufffd‹æ\ufffd\ufffd\ufffd\ufffdﬁ∑\ufffd¡¨\ufffd”°\ufffd"}}}
{"t":{"$date":"2020-11-20T17:26:30.427+08:00"},"s":"I",  "c":"-",        "id":4333222, "ctx":"ReplicaSetMonitor-TaskExecutor","msg":"RSM received failed isMaster","attr":{"host":"MuGuiLin:28018","error":"HostUnreachable: Error connecting to MuGuiLin:28018 (192.168.56.1:28018) :: caused by :: \ufffd\ufffd\ufffd\ufffdƒø\ufffd\ufffd\ufffd\ufffd\ufffd\ufffd\ufffd\ufffd\ufffd\ufffd\ufffd\ufffd\ufffd‹æ\ufffd\ufffd\ufffd\ufffdﬁ∑\ufffd¡¨\ufffd”°\ufffd","replicaSet":"rs0","isMasterReply":"{}"}}
{"t":{"$date":"2020-11-20T17:26:30.427+08:00"},"s":"I",  "c":"NETWORK",  "id":4712102, "ctx":"ReplicaSetMonitor-TaskExecutor","msg":"Host failed in replica set","attr":{"replicaSet":"rs0","host":"MuGuiLin:28018","error":{"code":6,"codeName":"HostUnreachable","errmsg":"Error connecting to MuGuiLin:28018 (192.168.56.1:28018) :: caused by :: \ufffd\ufffd\ufffd\ufffdƒø\ufffd\ufffd\ufffd\ufffd\ufffd\ufffd\ufffd\ufffd\ufffd\ufffd\ufffd\ufffd\ufffd‹æ\ufffd\ufffd\ufffd\ufffdﬁ∑\ufffd¡¨\ufffd”°\ufffd"},"action":{"dropConnections":true,"requestImmediateCheck":true}}}
{"t":{"$date":"2020-11-20T17:26:30.427+08:00"},"s":"I",  "c":"-",        "id":4333227, "ctx":"ReplicaSetMonitor-TaskExecutor","msg":"RSM monitoring host in expedited mode until we detect a primary","attr":{"host":"MuGuiLin:28019","replicaSet":"rs0"}}
{"t":{"$date":"2020-11-20T17:26:30.427+08:00"},"s":"I",  "c":"-",        "id":4333227, "ctx":"ReplicaSetMonitor-TaskExecutor","msg":"RSM monitoring host in expedited mode until we detect a primary","attr":{"host":"MuGuiLin:28017","replicaSet":"rs0"}}
{"t":{"$date":"2020-11-20T17:26:30.427+08:00"},"s":"I",  "c":"-",        "id":4333227, "ctx":"ReplicaSetMonitor-TaskExecutor","msg":"RSM monitoring host in expedited mode until we detect a primary","attr":{"host":"MuGuiLin:28018","replicaSet":"rs0"}}
{"t":{"$date":"2020-11-20T17:26:30.427+08:00"},"s":"I",  "c":"-",        "id":4333218, "ctx":"ReplicaSetMonitor-TaskExecutor","msg":"Rescheduling the next replica set monitoring request","attr":{"replicaSet":"rs0","host":"MuGuiLin:28018","delayMillis":500}}
{"t":{"$date":"2020-11-20T17:26:30.563+08:00"},"s":"I",  "c":"CONNPOOL", "id":22576,   "ctx":"ReplNetwork","msg":"Connecting","attr":{"hostAndPort":"MuGuiLin:28018"}}
{"t":{"$date":"2020-11-20T17:26:32.591+08:00"},"s":"I",  "c":"CONNPOOL", "id":22576,   "ctx":"ReplNetwork","msg":"Connecting","attr":{"hostAndPort":"MuGuiLin:28018"}}
{"t":{"$date":"2020-11-20T17:26:32.952+08:00"},"s":"I",  "c":"-",        "id":4333222, "ctx":"ReplicaSetMonitor-TaskExecutor","msg":"RSM received failed isMaster","attr":{"host":"MuGuiLin:28018","error":"HostUnreachable: Error connecting to MuGuiLin:28018 (192.168.56.1:28018) :: caused by :: \ufffd\ufffd\ufffd\ufffdƒø\ufffd\ufffd\ufffd\ufffd\ufffd\ufffd\ufffd\ufffd\ufffd\ufffd\ufffd\ufffd\ufffd‹æ\ufffd\ufffd\ufffd\ufffdﬁ∑\ufffd¡¨\ufffd”°\ufffd","replicaSet":"rs0","isMasterReply":"{}"}}
{"t":{"$date":"2020-11-20T17:26:32.952+08:00"},"s":"I",  "c":"NETWORK",  "id":4712102, "ctx":"ReplicaSetMonitor-TaskExecutor","msg":"Host failed in replica set","attr":{"replicaSet":"rs0","host":"MuGuiLin:28018","error":{"code":6,"codeName":"HostUnreachable","errmsg":"Error connecting to MuGuiLin:28018 (192.168.56.1:28018) :: caused by :: \ufffd\ufffd\ufffd\ufffdƒø\ufffd\ufffd\ufffd\ufffd\ufffd\ufffd\ufffd\ufffd\ufffd\ufffd\ufffd\ufffd\ufffd‹æ\ufffd\ufffd\ufffd\ufffdﬁ∑\ufffd¡¨\ufffd”°\ufffd"},"action":{"dropConnections":true,"requestImmediateCheck":false,"outcome":{"host":":28018","success":false}}}}
{"t":{"$date":"2020-11-20T17:26:33.870+08:00"},"s":"I",  "c":"CONNPOOL", "id":22576,   "ctx":"ReplicaSetMonitor-TaskExecutor","msg":"Connecting","attr":{"hostAndPort":"MuGuiLin:28018"}}
{"t":{"$date":"2020-11-20T17:26:35.471+08:00"},"s":"I",  "c":"CONNPOOL", "id":22572,   "ctx":"ReplicaSetMonitor-TaskExecutor","msg":"Dropping all pooled connections","attr":{"hostAndPort":"MuGuiLin:28018","error":"HostUnreachable: Error connecting to MuGuiLin:28018 (192.168.56.1:28018) :: caused by :: \ufffd\ufffd\ufffd\ufffdƒø\ufffd\ufffd\ufffd\ufffd\ufffd\ufffd\ufffd\ufffd\ufffd\ufffd\ufffd\ufffd\ufffd‹æ\ufffd\ufffd\ufffd\ufffdﬁ∑\ufffd¡¨\ufffd”°\ufffd"}}
{"t":{"$date":"2020-11-20T17:26:35.471+08:00"},"s":"I",  "c":"-",        "id":4333222, "ctx":"ReplicaSetMonitor-TaskExecutor","msg":"RSM received failed isMaster","attr":{"host":"MuGuiLin:28018","error":"HostUnreachable: Error connecting to MuGuiLin:28018 (192.168.56.1:28018) :: caused by :: \ufffd\ufffd\ufffd\ufffdƒø\ufffd\ufffd\ufffd\ufffd\ufffd\ufffd\ufffd\ufffd\ufffd\ufffd\ufffd\ufffd\ufffd‹æ\ufffd\ufffd\ufffd\ufffdﬁ∑\ufffd¡¨\ufffd”°\ufffd","replicaSet":"rs0","isMasterReply":"{}"}}
{"t":{"$date":"2020-11-20T17:26:35.471+08:00"},"s":"I",  "c":"NETWORK",  "id":4712102, "ctx":"ReplicaSetMonitor-TaskExecutor","msg":"Host failed in replica set","attr":{"replicaSet":"rs0","host":"MuGuiLin:28018","error":{"code":6,"codeName":"HostUnreachable","errmsg":"Error connecting to MuGuiLin:28018 (192.168.56.1:28018) :: caused by :: \ufffd\ufffd\ufffd\ufffdƒø\ufffd\ufffd\ufffd\ufffd\ufffd\ufffd\ufffd\ufffd\ufffd\ufffd\ufffd\ufffd\ufffd‹æ\ufffd\ufffd\ufffd\ufffdﬁ∑\ufffd¡¨\ufffd”°\ufffd"},"action":{"dropConnections":true,"requestImmediateCheck":true}}}
{"t":{"$date":"2020-11-20T17:26:35.471+08:00"},"s":"I",  "c":"-",        "id":4333227, "ctx":"ReplicaSetMonitor-TaskExecutor","msg":"RSM monitoring host in expedited mode until we detect a primary","attr":{"host":"MuGuiLin:28019","replicaSet":"rs0"}}
{"t":{"$date":"2020-11-20T17:26:35.471+08:00"},"s":"I",  "c":"-",        "id":4333227, "ctx":"ReplicaSetMonitor-TaskExecutor","msg":"RSM monitoring host in expedited mode until we detect a primary","attr":{"host":"MuGuiLin:28017","replicaSet":"rs0"}}
{"t":{"$date":"2020-11-20T17:26:35.471+08:00"},"s":"I",  "c":"-",        "id":4333227, "ctx":"ReplicaSetMonitor-TaskExecutor","msg":"RSM monitoring host in expedited mode until we detect a primary","attr":{"host":"MuGuiLin:28018","replicaSet":"rs0"}}
{"t":{"$date":"2020-11-20T17:26:35.471+08:00"},"s":"I",  "c":"-",        "id":4333218, "ctx":"ReplicaSetMonitor-TaskExecutor","msg":"Rescheduling the next replica set monitoring request","attr":{"replicaSet":"rs0","host":"MuGuiLin:28018","delayMillis":500}}
{"t":{"$date":"2020-11-20T17:26:35.471+08:00"},"s":"I",  "c":"NETWORK",  "id":4712102, "ctx":"ReplicaSetMonitor-TaskExecutor","msg":"Host failed in replica set","attr":{"replicaSet":"rs0","host":"MuGuiLin:28018","error":{"code":6,"codeName":"HostUnreachable","errmsg":"Error connecting to MuGuiLin:28018 (192.168.56.1:28018) :: caused by :: \ufffd\ufffd\ufffd\ufffdƒø\ufffd\ufffd\ufffd\ufffd\ufffd\ufffd\ufffd\ufffd\ufffd\ufffd\ufffd\ufffd\ufffd‹æ\ufffd\ufffd\ufffd\ufffdﬁ∑\ufffd¡¨\ufffd”°\ufffd"},"action":{"dropConnections":true,"requestImmediateCheck":false,"outcome":{"host":":28018","success":false}}}}
{"t":{"$date":"2020-11-20T17:26:35.971+08:00"},"s":"I",  "c":"CONNPOOL", "id":22576,   "ctx":"ReplicaSetMonitor-TaskExecutor","msg":"Connecting","attr":{"hostAndPort":"MuGuiLin:28018"}}
{"t":{"$date":"2020-11-20T17:26:36.622+08:00"},"s":"I",  "c":"REPL_HB",  "id":23974,   "ctx":"ReplCoord-176","msg":"Heartbeat failed after max retries","attr":{"target":"MuGuiLin:28018","maxHeartbeatRetries":2,"error":{"code":6,"codeName":"HostUnreachable","errmsg":"Error connecting to MuGuiLin:28018 (192.168.56.1:28018) :: caused by :: \ufffd\ufffd\ufffd\ufffdƒø\ufffd\ufffd\ufffd\ufffd\ufffd\ufffd\ufffd\ufffd\ufffd\ufffd\ufffd\ufffd\ufffd‹æ\ufffd\ufffd\ufffd\ufffdﬁ∑\ufffd¡¨\ufffd”°\ufffd"}}}
{"t":{"$date":"2020-11-20T17:26:36.799+08:00"},"s":"I",  "c":"CONTROL",  "id":23372,   "ctx":"thread15","msg":"Ctrl-C signal"}
{"t":{"$date":"2020-11-20T17:26:36.799+08:00"},"s":"I",  "c":"CONTROL",  "id":23371,   "ctx":"consoleTerminate","msg":"Received event, will terminate after current command ends","attr":{"controlCode":"CTRL_C_EVENT"}}
{"t":{"$date":"2020-11-20T17:26:36.799+08:00"},"s":"I",  "c":"REPL",     "id":4784900, "ctx":"consoleTerminate","msg":"Stepping down the ReplicationCoordinator for shutdown","attr":{"waitTimeMillis":10000}}
{"t":{"$date":"2020-11-20T17:26:36.799+08:00"},"s":"I",  "c":"COMMAND",  "id":4784901, "ctx":"consoleTerminate","msg":"Shutting down the MirrorMaestro"}
{"t":{"$date":"2020-11-20T17:26:36.799+08:00"},"s":"I",  "c":"REPL",     "id":40441,   "ctx":"consoleTerminate","msg":"Stopping TopologyVersionObserver"}
{"t":{"$date":"2020-11-20T17:26:36.799+08:00"},"s":"I",  "c":"REPL",     "id":40447,   "ctx":"TopologyVersionObserver","msg":"Stopped TopologyVersionObserver"}
{"t":{"$date":"2020-11-20T17:26:36.799+08:00"},"s":"I",  "c":"SHARDING", "id":4784902, "ctx":"consoleTerminate","msg":"Shutting down the WaitForMajorityService"}
{"t":{"$date":"2020-11-20T17:26:36.800+08:00"},"s":"I",  "c":"CONTROL",  "id":4784903, "ctx":"consoleTerminate","msg":"Shutting down the LogicalSessionCache"}
{"t":{"$date":"2020-11-20T17:26:36.800+08:00"},"s":"I",  "c":"NETWORK",  "id":20562,   "ctx":"consoleTerminate","msg":"Shutdown: going to close listening sockets"}
{"t":{"$date":"2020-11-20T17:26:36.800+08:00"},"s":"I",  "c":"NETWORK",  "id":4784905, "ctx":"consoleTerminate","msg":"Shutting down the global connection pool"}
{"t":{"$date":"2020-11-20T17:26:36.800+08:00"},"s":"I",  "c":"STORAGE",  "id":4784906, "ctx":"consoleTerminate","msg":"Shutting down the FlowControlTicketholder"}
{"t":{"$date":"2020-11-20T17:26:36.800+08:00"},"s":"I",  "c":"-",        "id":20520,   "ctx":"consoleTerminate","msg":"Stopping further Flow Control ticket acquisitions."}
{"t":{"$date":"2020-11-20T17:26:36.800+08:00"},"s":"I",  "c":"REPL",     "id":4784907, "ctx":"consoleTerminate","msg":"Shutting down the replica set node executor"}
{"t":{"$date":"2020-11-20T17:26:36.800+08:00"},"s":"I",  "c":"ASIO",     "id":22582,   "ctx":"ReplNodeDbWorkerNetwork","msg":"Killing all outstanding egress activity."}
{"t":{"$date":"2020-11-20T17:26:36.800+08:00"},"s":"I",  "c":"STORAGE",  "id":4784908, "ctx":"consoleTerminate","msg":"Shutting down the PeriodicThreadToAbortExpiredTransactions"}
{"t":{"$date":"2020-11-20T17:26:36.800+08:00"},"s":"I",  "c":"STORAGE",  "id":4784934, "ctx":"consoleTerminate","msg":"Shutting down the PeriodicThreadToDecreaseSnapshotHistoryCachePressure"}
{"t":{"$date":"2020-11-20T17:26:36.800+08:00"},"s":"I",  "c":"REPL",     "id":4784909, "ctx":"consoleTerminate","msg":"Shutting down the ReplicationCoordinator"}
{"t":{"$date":"2020-11-20T17:26:36.800+08:00"},"s":"I",  "c":"REPL",     "id":21328,   "ctx":"consoleTerminate","msg":"Shutting down replication subsystems"}
{"t":{"$date":"2020-11-20T17:26:36.800+08:00"},"s":"I",  "c":"REPL",     "id":21302,   "ctx":"consoleTerminate","msg":"Stopping replication reporter thread"}
{"t":{"$date":"2020-11-20T17:26:36.800+08:00"},"s":"I",  "c":"REPL",     "id":21760,   "ctx":"SyncSourceFeedback","msg":"SyncSourceFeedback error sending update","attr":{"syncTarget":"MuGuiLin:28017","error":{"code":90,"codeName":"CallbackCanceled","errmsg":"Reporter no longer valid"}}}
{"t":{"$date":"2020-11-20T17:26:36.800+08:00"},"s":"I",  "c":"REPL",     "id":21303,   "ctx":"consoleTerminate","msg":"Stopping replication fetcher thread"}
{"t":{"$date":"2020-11-20T17:26:36.800+08:00"},"s":"I",  "c":"REPL",     "id":21304,   "ctx":"consoleTerminate","msg":"Stopping replication applier thread"}
{"t":{"$date":"2020-11-20T17:26:37.049+08:00"},"s":"I",  "c":"REPL",     "id":21225,   "ctx":"OplogApplier-0","msg":"Finished oplog application"}
{"t":{"$date":"2020-11-20T17:26:37.565+08:00"},"s":"I",  "c":"CONNPOOL", "id":22576,   "ctx":"ReplNetwork","msg":"Connecting","attr":{"hostAndPort":"MuGuiLin:28018"}}
{"t":{"$date":"2020-11-20T17:26:37.997+08:00"},"s":"I",  "c":"-",        "id":4333222, "ctx":"ReplicaSetMonitor-TaskExecutor","msg":"RSM received failed isMaster","attr":{"host":"MuGuiLin:28018","error":"HostUnreachable: Error connecting to MuGuiLin:28018 (192.168.56.1:28018) :: caused by :: \ufffd\ufffd\ufffd\ufffdƒø\ufffd\ufffd\ufffd\ufffd\ufffd\ufffd\ufffd\ufffd\ufffd\ufffd\ufffd\ufffd\ufffd‹æ\ufffd\ufffd\ufffd\ufffdﬁ∑\ufffd¡¨\ufffd”°\ufffd","replicaSet":"rs0","isMasterReply":"{}"}}
{"t":{"$date":"2020-11-20T17:26:37.997+08:00"},"s":"I",  "c":"NETWORK",  "id":4712102, "ctx":"ReplicaSetMonitor-TaskExecutor","msg":"Host failed in replica set","attr":{"replicaSet":"rs0","host":"MuGuiLin:28018","error":{"code":6,"codeName":"HostUnreachable","errmsg":"Error connecting to MuGuiLin:28018 (192.168.56.1:28018) :: caused by :: \ufffd\ufffd\ufffd\ufffdƒø\ufffd\ufffd\ufffd\ufffd\ufffd\ufffd\ufffd\ufffd\ufffd\ufffd\ufffd\ufffd\ufffd‹æ\ufffd\ufffd\ufffd\ufffdﬁ∑\ufffd¡¨\ufffd”°\ufffd"},"action":{"dropConnections":true,"requestImmediateCheck":true}}}
{"t":{"$date":"2020-11-20T17:26:37.997+08:00"},"s":"I",  "c":"-",        "id":4333227, "ctx":"ReplicaSetMonitor-TaskExecutor","msg":"RSM monitoring host in expedited mode until we detect a primary","attr":{"host":"MuGuiLin:28019","replicaSet":"rs0"}}
{"t":{"$date":"2020-11-20T17:26:37.997+08:00"},"s":"I",  "c":"-",        "id":4333227, "ctx":"ReplicaSetMonitor-TaskExecutor","msg":"RSM monitoring host in expedited mode until we detect a primary","attr":{"host":"MuGuiLin:28017","replicaSet":"rs0"}}
{"t":{"$date":"2020-11-20T17:26:37.997+08:00"},"s":"I",  "c":"-",        "id":4333227, "ctx":"ReplicaSetMonitor-TaskExecutor","msg":"RSM monitoring host in expedited mode until we detect a primary","attr":{"host":"MuGuiLin:28018","replicaSet":"rs0"}}
{"t":{"$date":"2020-11-20T17:26:37.997+08:00"},"s":"I",  "c":"-",        "id":4333218, "ctx":"ReplicaSetMonitor-TaskExecutor","msg":"Rescheduling the next replica set monitoring request","attr":{"replicaSet":"rs0","host":"MuGuiLin:28018","delayMillis":500}}
{"t":{"$date":"2020-11-20T17:26:39.589+08:00"},"s":"I",  "c":"CONNPOOL", "id":22576,   "ctx":"ReplNetwork","msg":"Connecting","attr":{"hostAndPort":"MuGuiLin:28018"}}
{"t":{"$date":"2020-11-20T17:26:40.518+08:00"},"s":"I",  "c":"-",        "id":4333222, "ctx":"ReplicaSetMonitor-TaskExecutor","msg":"RSM received failed isMaster","attr":{"host":"MuGuiLin:28018","error":"HostUnreachable: Error connecting to MuGuiLin:28018 (192.168.56.1:28018) :: caused by :: \ufffd\ufffd\ufffd\ufffdƒø\ufffd\ufffd\ufffd\ufffd\ufffd\ufffd\ufffd\ufffd\ufffd\ufffd\ufffd\ufffd\ufffd‹æ\ufffd\ufffd\ufffd\ufffdﬁ∑\ufffd¡¨\ufffd”°\ufffd","replicaSet":"rs0","isMasterReply":"{}"}}
{"t":{"$date":"2020-11-20T17:26:40.518+08:00"},"s":"I",  "c":"NETWORK",  "id":4712102, "ctx":"ReplicaSetMonitor-TaskExecutor","msg":"Host failed in replica set","attr":{"replicaSet":"rs0","host":"MuGuiLin:28018","error":{"code":6,"codeName":"HostUnreachable","errmsg":"Error connecting to MuGuiLin:28018 (192.168.56.1:28018) :: caused by :: \ufffd\ufffd\ufffd\ufffdƒø\ufffd\ufffd\ufffd\ufffd\ufffd\ufffd\ufffd\ufffd\ufffd\ufffd\ufffd\ufffd\ufffd‹æ\ufffd\ufffd\ufffd\ufffdﬁ∑\ufffd¡¨\ufffd”°\ufffd"},"action":{"dropConnections":true,"requestImmediateCheck":false,"outcome":{"host":":28018","success":false}}}}
{"t":{"$date":"2020-11-20T17:26:41.018+08:00"},"s":"I",  "c":"CONNPOOL", "id":22576,   "ctx":"ReplicaSetMonitor-TaskExecutor","msg":"Connecting","attr":{"hostAndPort":"MuGuiLin:28018"}}
{"t":{"$date":"2020-11-20T17:26:41.087+08:00"},"s":"I",  "c":"REPL",     "id":21275,   "ctx":"ReplCoordExtern-2","msg":"Recreating cursor for oplog fetcher due to error","attr":{"lastOpTimeFetched":{"ts":{"$timestamp":{"t":1605864396,"i":1}},"t":1},"attemptsRemaining":1,"error":"SocketException: Error while getting the next batch in the oplog fetcher :: caused by :: recv failed while exhausting cursor :: caused by :: \ufffd\ufffd\ufffd\ufffd\ufffd\ufffd\ufffd\ufffd\ufffd–µ\ufffd\ufffd\ufffd\ufffd\ufffd\ufffd\ufffd÷π\ufffd\ufffd“ª\ufffd\ufffd\ufffd—Ω\ufffd¡¢\ufffd\ufffd¡¨\ufffd”°\ufffd"}}
{"t":{"$date":"2020-11-20T17:26:41.087+08:00"},"s":"I",  "c":"REPL",     "id":21094,   "ctx":"BackgroundSync","msg":"Replication producer stopped after oplog fetcher finished returning a batch from our sync source. Abandoning this batch of oplog entries and re-evaluating our sync source"}
{"t":{"$date":"2020-11-20T17:26:41.088+08:00"},"s":"I",  "c":"REPL",     "id":21107,   "ctx":"BackgroundSync","msg":"Stopping replication producer"}
{"t":{"$date":"2020-11-20T17:26:41.088+08:00"},"s":"I",  "c":"REPL",     "id":21307,   "ctx":"consoleTerminate","msg":"Stopping replication storage threads"}
{"t":{"$date":"2020-11-20T17:26:41.088+08:00"},"s":"I",  "c":"ASIO",     "id":22582,   "ctx":"OplogApplierNetwork","msg":"Killing all outstanding egress activity."}
{"t":{"$date":"2020-11-20T17:26:41.088+08:00"},"s":"I",  "c":"ASIO",     "id":22582,   "ctx":"ReplCoordExternNetwork","msg":"Killing all outstanding egress activity."}
{"t":{"$date":"2020-11-20T17:26:41.088+08:00"},"s":"I",  "c":"CONNPOOL", "id":22572,   "ctx":"ReplCoordExternNetwork","msg":"Dropping all pooled connections","attr":{"hostAndPort":"MuGuiLin:28018","error":"ShutdownInProgress: Shutting down the connection pool"}}
{"t":{"$date":"2020-11-20T17:26:41.088+08:00"},"s":"I",  "c":"CONNPOOL", "id":22572,   "ctx":"ReplCoordExternNetwork","msg":"Dropping all pooled connections","attr":{"hostAndPort":"MuGuiLin:28017","error":"ShutdownInProgress: Shutting down the connection pool"}}
{"t":{"$date":"2020-11-20T17:26:41.088+08:00"},"s":"I",  "c":"ASIO",     "id":22582,   "ctx":"ReplNetwork","msg":"Killing all outstanding egress activity."}
{"t":{"$date":"2020-11-20T17:26:41.088+08:00"},"s":"I",  "c":"SHARDING", "id":4784910, "ctx":"consoleTerminate","msg":"Shutting down the ShardingInitializationMongoD"}
{"t":{"$date":"2020-11-20T17:26:41.089+08:00"},"s":"I",  "c":"REPL",     "id":4784911, "ctx":"consoleTerminate","msg":"Enqueuing the ReplicationStateTransitionLock for shutdown"}
{"t":{"$date":"2020-11-20T17:26:41.089+08:00"},"s":"I",  "c":"-",        "id":4784912, "ctx":"consoleTerminate","msg":"Killing all operations for shutdown"}
{"t":{"$date":"2020-11-20T17:26:41.089+08:00"},"s":"I",  "c":"-",        "id":4695300, "ctx":"consoleTerminate","msg":"Interrupted all currently running operations","attr":{"opsKilled":6}}
{"t":{"$date":"2020-11-20T17:26:41.089+08:00"},"s":"I",  "c":"COMMAND",  "id":4784913, "ctx":"consoleTerminate","msg":"Shutting down all open transactions"}
{"t":{"$date":"2020-11-20T17:26:41.089+08:00"},"s":"I",  "c":"REPL",     "id":4784914, "ctx":"consoleTerminate","msg":"Acquiring the ReplicationStateTransitionLock for shutdown"}
{"t":{"$date":"2020-11-20T17:26:41.089+08:00"},"s":"I",  "c":"INDEX",    "id":4784915, "ctx":"consoleTerminate","msg":"Shutting down the IndexBuildsCoordinator"}
{"t":{"$date":"2020-11-20T17:26:41.089+08:00"},"s":"I",  "c":"REPL",     "id":4784916, "ctx":"consoleTerminate","msg":"Reacquiring the ReplicationStateTransitionLock for shutdown"}
{"t":{"$date":"2020-11-20T17:26:41.089+08:00"},"s":"I",  "c":"REPL",     "id":4784917, "ctx":"consoleTerminate","msg":"Attempting to mark clean shutdown"}
{"t":{"$date":"2020-11-20T17:26:41.089+08:00"},"s":"I",  "c":"-",        "id":4333222, "ctx":"ReplicaSetMonitor-TaskExecutor","msg":"RSM received failed isMaster","attr":{"host":"MuGuiLin:28019","error":"InterruptedAtShutdown: interrupted at shutdown","replicaSet":"rs0","isMasterReply":"{}"}}
{"t":{"$date":"2020-11-20T17:26:41.089+08:00"},"s":"I",  "c":"NETWORK",  "id":4712102, "ctx":"ReplicaSetMonitor-TaskExecutor","msg":"Host failed in replica set","attr":{"replicaSet":"rs0","host":"MuGuiLin:28019","error":{"code":11600,"codeName":"InterruptedAtShutdown","errmsg":"interrupted at shutdown"},"action":{"dropConnections":false,"requestImmediateCheck":false}}}
{"t":{"$date":"2020-11-20T17:26:41.089+08:00"},"s":"I",  "c":"NETWORK",  "id":4784918, "ctx":"consoleTerminate","msg":"Shutting down the ReplicaSetMonitor"}
{"t":{"$date":"2020-11-20T17:26:41.089+08:00"},"s":"I",  "c":"NETWORK",  "id":4333209, "ctx":"consoleTerminate","msg":"Closing Replica Set Monitor","attr":{"replicaSet":"rs0"}}
{"t":{"$date":"2020-11-20T17:26:41.089+08:00"},"s":"I",  "c":"CONNPOOL", "id":22566,   "ctx":"ReplicaSetMonitor-TaskExecutor","msg":"Ending connection due to bad connection status","attr":{"hostAndPort":"MuGuiLin:28017","error":"CallbackCanceled: Callback was canceled","numOpenConns":1}}
{"t":{"$date":"2020-11-20T17:26:41.089+08:00"},"s":"I",  "c":"NETWORK",  "id":4333210, "ctx":"consoleTerminate","msg":"Done closing Replica Set Monitor","attr":{"replicaSet":"rs0"}}
{"t":{"$date":"2020-11-20T17:26:41.090+08:00"},"s":"I",  "c":"-",        "id":4333219, "ctx":"ReplicaSetMonitor-TaskExecutor","msg":"RSM not processing response","attr":{"error":{"code":90,"codeName":"CallbackCanceled","errmsg":"Command canceled; original request was: RemoteCommand 33932 -- target:[MuGuiLin:28018] db:admin expDate:2020-11-20T17:26:51.018+08:00 cmd:{ isMaster: 1, internalClient: { minWireVersion: 9, maxWireVersion: 9 } }"},"replicaSet":"rs0"}}
{"t":{"$date":"2020-11-20T17:26:41.090+08:00"},"s":"I",  "c":"ASIO",     "id":22582,   "ctx":"ReplicaSetMonitor-TaskExecutor","msg":"Killing all outstanding egress activity."}
{"t":{"$date":"2020-11-20T17:26:41.090+08:00"},"s":"I",  "c":"CONNPOOL", "id":22572,   "ctx":"ReplicaSetMonitor-TaskExecutor","msg":"Dropping all pooled connections","attr":{"hostAndPort":"MuGuiLin:28019","error":"ShutdownInProgress: Shutting down the connection pool"}}
{"t":{"$date":"2020-11-20T17:26:41.091+08:00"},"s":"I",  "c":"NETWORK",  "id":22944,   "ctx":"conn24","msg":"Connection ended","attr":{"remote":"192.168.56.1:53295","connectionId":24,"connectionCount":3}}
{"t":{"$date":"2020-11-20T17:26:41.091+08:00"},"s":"I",  "c":"NETWORK",  "id":22944,   "ctx":"conn19","msg":"Connection ended","attr":{"remote":"192.168.56.1:53290","connectionId":19,"connectionCount":2}}
{"t":{"$date":"2020-11-20T17:26:41.091+08:00"},"s":"I",  "c":"REPL",     "id":4784920, "ctx":"consoleTerminate","msg":"Shutting down the LogicalTimeValidator"}
{"t":{"$date":"2020-11-20T17:26:41.091+08:00"},"s":"I",  "c":"SHARDING", "id":4784921, "ctx":"consoleTerminate","msg":"Shutting down the MigrationUtilExecutor"}
{"t":{"$date":"2020-11-20T17:26:41.091+08:00"},"s":"I",  "c":"CONTROL",  "id":4784925, "ctx":"consoleTerminate","msg":"Shutting down free monitoring"}
{"t":{"$date":"2020-11-20T17:26:41.091+08:00"},"s":"I",  "c":"CONTROL",  "id":20609,   "ctx":"consoleTerminate","msg":"Shutting down free monitoring"}
{"t":{"$date":"2020-11-20T17:26:41.091+08:00"},"s":"I",  "c":"FTDC",     "id":4784926, "ctx":"consoleTerminate","msg":"Shutting down full-time data capture"}
{"t":{"$date":"2020-11-20T17:26:41.091+08:00"},"s":"I",  "c":"FTDC",     "id":20626,   "ctx":"consoleTerminate","msg":"Shutting down full-time diagnostic data capture"}
{"t":{"$date":"2020-11-20T17:26:41.093+08:00"},"s":"I",  "c":"STORAGE",  "id":4784927, "ctx":"consoleTerminate","msg":"Shutting down the HealthLog"}
{"t":{"$date":"2020-11-20T17:26:41.093+08:00"},"s":"I",  "c":"STORAGE",  "id":4784929, "ctx":"consoleTerminate","msg":"Acquiring the global lock for shutdown"}
{"t":{"$date":"2020-11-20T17:26:41.093+08:00"},"s":"I",  "c":"STORAGE",  "id":4784930, "ctx":"consoleTerminate","msg":"Shutting down the storage engine"}
{"t":{"$date":"2020-11-20T17:26:41.093+08:00"},"s":"I",  "c":"STORAGE",  "id":20282,   "ctx":"consoleTerminate","msg":"Deregistering all the collections"}
{"t":{"$date":"2020-11-20T17:26:41.093+08:00"},"s":"I",  "c":"STORAGE",  "id":22372,   "ctx":"OplogVisibilityThread","msg":"Oplog visibility thread shutting down."}
{"t":{"$date":"2020-11-20T17:26:41.093+08:00"},"s":"I",  "c":"STORAGE",  "id":22261,   "ctx":"consoleTerminate","msg":"Timestamp monitor shutting down"}
{"t":{"$date":"2020-11-20T17:26:41.093+08:00"},"s":"I",  "c":"STORAGE",  "id":22317,   "ctx":"consoleTerminate","msg":"WiredTigerKVEngine shutting down"}
{"t":{"$date":"2020-11-20T17:26:41.093+08:00"},"s":"I",  "c":"STORAGE",  "id":22318,   "ctx":"consoleTerminate","msg":"Shutting down session sweeper thread"}
{"t":{"$date":"2020-11-20T17:26:41.093+08:00"},"s":"I",  "c":"STORAGE",  "id":22319,   "ctx":"consoleTerminate","msg":"Finished shutting down session sweeper thread"}
{"t":{"$date":"2020-11-20T17:26:41.093+08:00"},"s":"I",  "c":"STORAGE",  "id":22320,   "ctx":"consoleTerminate","msg":"Shutting down journal flusher thread"}
{"t":{"$date":"2020-11-20T17:26:41.118+08:00"},"s":"I",  "c":"STORAGE",  "id":22321,   "ctx":"consoleTerminate","msg":"Finished shutting down journal flusher thread"}
{"t":{"$date":"2020-11-20T17:26:41.118+08:00"},"s":"I",  "c":"STORAGE",  "id":22322,   "ctx":"consoleTerminate","msg":"Shutting down checkpoint thread"}
{"t":{"$date":"2020-11-20T17:26:41.118+08:00"},"s":"I",  "c":"STORAGE",  "id":22323,   "ctx":"consoleTerminate","msg":"Finished shutting down checkpoint thread"}
{"t":{"$date":"2020-11-20T17:26:41.118+08:00"},"s":"I",  "c":"STORAGE",  "id":4795902, "ctx":"consoleTerminate","msg":"Closing WiredTiger","attr":{"closeConfig":"leak_memory=true,"}}
{"t":{"$date":"2020-11-20T17:26:41.301+08:00"},"s":"I",  "c":"STORAGE",  "id":4795901, "ctx":"consoleTerminate","msg":"WiredTiger closed","attr":{"durationMillis":183}}
{"t":{"$date":"2020-11-20T17:26:41.301+08:00"},"s":"I",  "c":"STORAGE",  "id":22281,   "ctx":"consoleTerminate","msg":"shutdown: removing fs lock..."}
{"t":{"$date":"2020-11-20T17:26:41.301+08:00"},"s":"I",  "c":"-",        "id":4784931, "ctx":"consoleTerminate","msg":"Dropping the scope cache for shutdown"}
{"t":{"$date":"2020-11-20T17:26:41.301+08:00"},"s":"I",  "c":"CONTROL",  "id":20565,   "ctx":"consoleTerminate","msg":"Now exiting"}
{"t":{"$date":"2020-11-20T17:26:41.301+08:00"},"s":"I",  "c":"CONTROL",  "id":23138,   "ctx":"consoleTerminate","msg":"Shutting down","attr":{"exitCode":12}}
